2022-07-13 09:06:43.893013+00:00 [notice] <0.220.0> Logging: configured log handlers are now ACTIVE
2022-07-13 09:06:44.325301+00:00 [info] <0.220.0> ra: starting system quorum_queues
2022-07-13 09:06:44.325512+00:00 [info] <0.220.0> starting Ra system: quorum_queues in directory: /var/lib/rabbitmq/mnesia/rabbit@0/quorum/rabbit@0
2022-07-13 09:06:44.480570+00:00 [info] <0.257.0> ra system 'quorum_queues' running pre init for 0 registered servers
2022-07-13 09:06:44.530104+00:00 [info] <0.258.0> ra: meta data store initialised for system quorum_queues. 0 record(s) recovered
2022-07-13 09:06:44.562026+00:00 [notice] <0.263.0> WAL: ra_log_wal init, open tbls: ra_log_open_mem_tables, closed tbls: ra_log_closed_mem_tables
2022-07-13 09:06:44.591204+00:00 [info] <0.220.0> ra: starting system coordination
2022-07-13 09:06:44.591322+00:00 [info] <0.220.0> starting Ra system: coordination in directory: /var/lib/rabbitmq/mnesia/rabbit@0/coordination/rabbit@0
2022-07-13 09:06:44.616961+00:00 [info] <0.270.0> ra system 'coordination' running pre init for 0 registered servers
2022-07-13 09:06:44.624181+00:00 [info] <0.271.0> ra: meta data store initialised for system coordination. 0 record(s) recovered
2022-07-13 09:06:44.624623+00:00 [notice] <0.276.0> WAL: ra_coordination_log_wal init, open tbls: ra_coordination_log_open_mem_tables, closed tbls: ra_coordination_log_closed_mem_tables
2022-07-13 09:06:44.642264+00:00 [info] <0.220.0> 
2022-07-13 09:06:44.642264+00:00 [info] <0.220.0>  Starting RabbitMQ 3.10.6 on Erlang 24.3.4.2 [jit]
2022-07-13 09:06:44.642264+00:00 [info] <0.220.0>  Copyright (c) 2007-2022 VMware, Inc. or its affiliates.
2022-07-13 09:06:44.642264+00:00 [info] <0.220.0>  Licensed under the MPL 2.0. Website: https://rabbitmq.com
2022-07-13 09:06:44.645752+00:00 [info] <0.220.0> 
2022-07-13 09:06:44.645752+00:00 [info] <0.220.0>  node           : rabbit@0
2022-07-13 09:06:44.645752+00:00 [info] <0.220.0>  home dir       : /var/lib/rabbitmq
2022-07-13 09:06:44.645752+00:00 [info] <0.220.0>  config file(s) : (none)
2022-07-13 09:06:44.645752+00:00 [info] <0.220.0>  cookie hash    : Yqkk9ZKMeP2l1LliLaf4pw==
2022-07-13 09:06:44.645752+00:00 [info] <0.220.0>  log(s)         : /var/log/rabbitmq/rabbit@0.log
2022-07-13 09:06:44.645752+00:00 [info] <0.220.0>                 : /var/log/rabbitmq/rabbit@0_upgrade.log
2022-07-13 09:06:44.645752+00:00 [info] <0.220.0>                 : <stdout>
2022-07-13 09:06:44.645752+00:00 [info] <0.220.0>  database dir   : /var/lib/rabbitmq/mnesia/rabbit@0
2022-07-13 09:06:45.093785+00:00 [info] <0.220.0> Feature flags: list of feature flags found:
2022-07-13 09:06:45.093896+00:00 [info] <0.220.0> Feature flags:   [ ] classic_mirrored_queue_version
2022-07-13 09:06:45.093928+00:00 [info] <0.220.0> Feature flags:   [ ] drop_unroutable_metric
2022-07-13 09:06:45.093999+00:00 [info] <0.220.0> Feature flags:   [ ] empty_basic_get_metric
2022-07-13 09:06:45.094026+00:00 [info] <0.220.0> Feature flags:   [ ] implicit_default_bindings
2022-07-13 09:06:45.094050+00:00 [info] <0.220.0> Feature flags:   [ ] maintenance_mode_status
2022-07-13 09:06:45.094073+00:00 [info] <0.220.0> Feature flags:   [ ] quorum_queue
2022-07-13 09:06:45.094215+00:00 [info] <0.220.0> Feature flags:   [ ] stream_queue
2022-07-13 09:06:45.094254+00:00 [info] <0.220.0> Feature flags:   [ ] user_limits
2022-07-13 09:06:45.094286+00:00 [info] <0.220.0> Feature flags:   [ ] virtual_host_metadata
2022-07-13 09:06:45.094421+00:00 [info] <0.220.0> Feature flags: feature flag states written to disk: yes
2022-07-13 09:06:52.459452+00:00 [info] <0.220.0> Running boot step pre_boot defined by app rabbit
2022-07-13 09:06:52.459622+00:00 [info] <0.220.0> Running boot step rabbit_global_counters defined by app rabbit
2022-07-13 09:06:52.460383+00:00 [info] <0.220.0> Running boot step rabbit_osiris_metrics defined by app rabbit
2022-07-13 09:06:52.460658+00:00 [info] <0.220.0> Running boot step rabbit_core_metrics defined by app rabbit
2022-07-13 09:06:52.461936+00:00 [info] <0.220.0> Running boot step rabbit_alarm defined by app rabbit
2022-07-13 09:06:52.485681+00:00 [info] <0.289.0> Memory high watermark set to 390 MiB (409441075 bytes) of 976 MiB (1023602688 bytes) total
2022-07-13 09:06:52.504169+00:00 [info] <0.291.0> Enabling free disk space monitoring
2022-07-13 09:06:52.504298+00:00 [info] <0.291.0> Disk free limit set to 50MB
2022-07-13 09:06:52.530883+00:00 [info] <0.220.0> Running boot step code_server_cache defined by app rabbit
2022-07-13 09:06:52.531209+00:00 [info] <0.220.0> Running boot step file_handle_cache defined by app rabbit
2022-07-13 09:06:52.531718+00:00 [info] <0.298.0> Limiting to approx 1048479 file handles (943629 sockets)
2022-07-13 09:06:52.532072+00:00 [info] <0.299.0> FHC read buffering: OFF
2022-07-13 09:06:52.532202+00:00 [info] <0.299.0> FHC write buffering: ON
2022-07-13 09:06:52.533012+00:00 [info] <0.220.0> Running boot step worker_pool defined by app rabbit
2022-07-13 09:06:52.533455+00:00 [info] <0.278.0> Will use 4 processes for default worker pool
2022-07-13 09:06:52.533564+00:00 [info] <0.278.0> Starting worker pool 'worker_pool' with 4 processes in it
2022-07-13 09:06:52.542015+00:00 [info] <0.220.0> Running boot step database defined by app rabbit
2022-07-13 09:06:52.549811+00:00 [info] <0.220.0> Node database directory at /var/lib/rabbitmq/mnesia/rabbit@0 is empty. Assuming we need to join an existing cluster or initialise from scratch...
2022-07-13 09:06:52.549985+00:00 [info] <0.220.0> Configured peer discovery backend: rabbit_peer_discovery_classic_config
2022-07-13 09:06:52.550158+00:00 [info] <0.220.0> Will try to lock with peer discovery backend rabbit_peer_discovery_classic_config
2022-07-13 09:06:52.550342+00:00 [info] <0.220.0> All discovered existing cluster peers:
2022-07-13 09:06:52.550413+00:00 [info] <0.220.0> Discovered no peer nodes to cluster with. Some discovery backends can filter nodes out based on a readiness criteria. Enabling debug logging might help troubleshoot.
2022-07-13 09:06:52.567745+00:00 [notice] <0.44.0> Application mnesia exited with reason: stopped
2022-07-13 09:06:53.553308+00:00 [info] <0.220.0> Waiting for Mnesia tables for 30000 ms, 9 retries left
2022-07-13 09:06:53.553661+00:00 [info] <0.220.0> Successfully synced tables from a peer
2022-07-13 09:06:53.584135+00:00 [info] <0.220.0> Waiting for Mnesia tables for 30000 ms, 9 retries left
2022-07-13 09:06:53.584373+00:00 [info] <0.220.0> Successfully synced tables from a peer
2022-07-13 09:06:53.584499+00:00 [info] <0.220.0> Feature flag `classic_mirrored_queue_version`: supported, attempt to enable...
2022-07-13 09:06:53.584646+00:00 [info] <0.220.0> Feature flag `classic_mirrored_queue_version`: mark as enabled=state_changing
2022-07-13 09:06:53.588905+00:00 [info] <0.220.0> Feature flags: list of feature flags found:
2022-07-13 09:06:53.589150+00:00 [info] <0.220.0> Feature flags:   [~] classic_mirrored_queue_version
2022-07-13 09:06:53.589548+00:00 [info] <0.220.0> Feature flags:   [ ] drop_unroutable_metric
2022-07-13 09:06:53.589644+00:00 [info] <0.220.0> Feature flags:   [ ] empty_basic_get_metric
2022-07-13 09:06:53.589834+00:00 [info] <0.220.0> Feature flags:   [ ] implicit_default_bindings
2022-07-13 09:06:53.589929+00:00 [info] <0.220.0> Feature flags:   [ ] maintenance_mode_status
2022-07-13 09:06:53.590093+00:00 [info] <0.220.0> Feature flags:   [ ] quorum_queue
2022-07-13 09:06:53.590180+00:00 [info] <0.220.0> Feature flags:   [ ] stream_queue
2022-07-13 09:06:53.590262+00:00 [info] <0.220.0> Feature flags:   [ ] user_limits
2022-07-13 09:06:53.590311+00:00 [info] <0.220.0> Feature flags:   [ ] virtual_host_metadata
2022-07-13 09:06:53.590358+00:00 [info] <0.220.0> Feature flags: feature flag states written to disk: yes
2022-07-13 09:06:53.622719+00:00 [info] <0.220.0> Feature flag `classic_mirrored_queue_version`: mark as enabled=true
2022-07-13 09:06:53.630903+00:00 [info] <0.220.0> Feature flags: list of feature flags found:
2022-07-13 09:06:53.631092+00:00 [info] <0.220.0> Feature flags:   [x] classic_mirrored_queue_version
2022-07-13 09:06:53.631160+00:00 [info] <0.220.0> Feature flags:   [ ] drop_unroutable_metric
2022-07-13 09:06:53.631268+00:00 [info] <0.220.0> Feature flags:   [ ] empty_basic_get_metric
2022-07-13 09:06:53.631344+00:00 [info] <0.220.0> Feature flags:   [ ] implicit_default_bindings
2022-07-13 09:06:53.631397+00:00 [info] <0.220.0> Feature flags:   [ ] maintenance_mode_status
2022-07-13 09:06:53.631596+00:00 [info] <0.220.0> Feature flags:   [ ] quorum_queue
2022-07-13 09:06:53.631732+00:00 [info] <0.220.0> Feature flags:   [ ] stream_queue
2022-07-13 09:06:53.631782+00:00 [info] <0.220.0> Feature flags:   [ ] user_limits
2022-07-13 09:06:53.631824+00:00 [info] <0.220.0> Feature flags:   [ ] virtual_host_metadata
2022-07-13 09:06:53.632024+00:00 [info] <0.220.0> Feature flags: feature flag states written to disk: yes
2022-07-13 09:06:53.651898+00:00 [info] <0.220.0> Feature flag `drop_unroutable_metric`: supported, attempt to enable...
2022-07-13 09:06:53.652227+00:00 [info] <0.220.0> Feature flag `drop_unroutable_metric`: mark as enabled=state_changing
2022-07-13 09:06:53.654533+00:00 [info] <0.220.0> Feature flags: list of feature flags found:
2022-07-13 09:06:53.654661+00:00 [info] <0.220.0> Feature flags:   [x] classic_mirrored_queue_version
2022-07-13 09:06:53.654904+00:00 [info] <0.220.0> Feature flags:   [~] drop_unroutable_metric
2022-07-13 09:06:53.654957+00:00 [info] <0.220.0> Feature flags:   [ ] empty_basic_get_metric
2022-07-13 09:06:53.656167+00:00 [info] <0.220.0> Feature flags:   [ ] implicit_default_bindings
2022-07-13 09:06:53.656454+00:00 [info] <0.220.0> Feature flags:   [ ] maintenance_mode_status
2022-07-13 09:06:53.656515+00:00 [info] <0.220.0> Feature flags:   [ ] quorum_queue
2022-07-13 09:06:53.656575+00:00 [info] <0.220.0> Feature flags:   [ ] stream_queue
2022-07-13 09:06:53.656621+00:00 [info] <0.220.0> Feature flags:   [ ] user_limits
2022-07-13 09:06:53.656742+00:00 [info] <0.220.0> Feature flags:   [ ] virtual_host_metadata
2022-07-13 09:06:53.656822+00:00 [info] <0.220.0> Feature flags: feature flag states written to disk: yes
2022-07-13 09:06:53.681531+00:00 [info] <0.220.0> Feature flag `drop_unroutable_metric`: mark as enabled=true
2022-07-13 09:06:53.706966+00:00 [info] <0.220.0> Feature flags: list of feature flags found:
2022-07-13 09:06:53.707113+00:00 [info] <0.220.0> Feature flags:   [x] classic_mirrored_queue_version
2022-07-13 09:06:53.707188+00:00 [info] <0.220.0> Feature flags:   [x] drop_unroutable_metric
2022-07-13 09:06:53.707230+00:00 [info] <0.220.0> Feature flags:   [ ] empty_basic_get_metric
2022-07-13 09:06:53.707350+00:00 [info] <0.220.0> Feature flags:   [ ] implicit_default_bindings
2022-07-13 09:06:53.707442+00:00 [info] <0.220.0> Feature flags:   [ ] maintenance_mode_status
2022-07-13 09:06:53.707551+00:00 [info] <0.220.0> Feature flags:   [ ] quorum_queue
2022-07-13 09:06:53.707710+00:00 [info] <0.220.0> Feature flags:   [ ] stream_queue
2022-07-13 09:06:53.707802+00:00 [info] <0.220.0> Feature flags:   [ ] user_limits
2022-07-13 09:06:53.707870+00:00 [info] <0.220.0> Feature flags:   [ ] virtual_host_metadata
2022-07-13 09:06:53.707955+00:00 [info] <0.220.0> Feature flags: feature flag states written to disk: yes
2022-07-13 09:06:53.770554+00:00 [info] <0.220.0> Feature flag `empty_basic_get_metric`: supported, attempt to enable...
2022-07-13 09:06:53.770760+00:00 [info] <0.220.0> Feature flag `empty_basic_get_metric`: mark as enabled=state_changing
2022-07-13 09:06:53.772712+00:00 [info] <0.220.0> Feature flags: list of feature flags found:
2022-07-13 09:06:53.772923+00:00 [info] <0.220.0> Feature flags:   [x] classic_mirrored_queue_version
2022-07-13 09:06:53.773008+00:00 [info] <0.220.0> Feature flags:   [x] drop_unroutable_metric
2022-07-13 09:06:53.773056+00:00 [info] <0.220.0> Feature flags:   [~] empty_basic_get_metric
2022-07-13 09:06:53.773150+00:00 [info] <0.220.0> Feature flags:   [ ] implicit_default_bindings
2022-07-13 09:06:53.773286+00:00 [info] <0.220.0> Feature flags:   [ ] maintenance_mode_status
2022-07-13 09:06:53.773474+00:00 [info] <0.220.0> Feature flags:   [ ] quorum_queue
2022-07-13 09:06:53.773541+00:00 [info] <0.220.0> Feature flags:   [ ] stream_queue
2022-07-13 09:06:53.773590+00:00 [info] <0.220.0> Feature flags:   [ ] user_limits
2022-07-13 09:06:53.773630+00:00 [info] <0.220.0> Feature flags:   [ ] virtual_host_metadata
2022-07-13 09:06:53.773677+00:00 [info] <0.220.0> Feature flags: feature flag states written to disk: yes
2022-07-13 09:06:53.805683+00:00 [info] <0.220.0> Feature flag `empty_basic_get_metric`: mark as enabled=true
2022-07-13 09:06:53.825708+00:00 [info] <0.220.0> Feature flags: list of feature flags found:
2022-07-13 09:06:53.825846+00:00 [info] <0.220.0> Feature flags:   [x] classic_mirrored_queue_version
2022-07-13 09:06:53.825904+00:00 [info] <0.220.0> Feature flags:   [x] drop_unroutable_metric
2022-07-13 09:06:53.825948+00:00 [info] <0.220.0> Feature flags:   [x] empty_basic_get_metric
2022-07-13 09:06:53.826112+00:00 [info] <0.220.0> Feature flags:   [ ] implicit_default_bindings
2022-07-13 09:06:53.826174+00:00 [info] <0.220.0> Feature flags:   [ ] maintenance_mode_status
2022-07-13 09:06:53.826275+00:00 [info] <0.220.0> Feature flags:   [ ] quorum_queue
2022-07-13 09:06:53.826484+00:00 [info] <0.220.0> Feature flags:   [ ] stream_queue
2022-07-13 09:06:53.826554+00:00 [info] <0.220.0> Feature flags:   [ ] user_limits
2022-07-13 09:06:53.826611+00:00 [info] <0.220.0> Feature flags:   [ ] virtual_host_metadata
2022-07-13 09:06:53.826664+00:00 [info] <0.220.0> Feature flags: feature flag states written to disk: yes
2022-07-13 09:06:53.870261+00:00 [info] <0.220.0> Feature flag `implicit_default_bindings`: supported, attempt to enable...
2022-07-13 09:06:53.870501+00:00 [info] <0.220.0> Feature flag `implicit_default_bindings`: mark as enabled=state_changing
2022-07-13 09:06:53.872323+00:00 [info] <0.220.0> Feature flags: list of feature flags found:
2022-07-13 09:06:53.872498+00:00 [info] <0.220.0> Feature flags:   [x] classic_mirrored_queue_version
2022-07-13 09:06:53.872572+00:00 [info] <0.220.0> Feature flags:   [x] drop_unroutable_metric
2022-07-13 09:06:53.872625+00:00 [info] <0.220.0> Feature flags:   [x] empty_basic_get_metric
2022-07-13 09:06:53.872679+00:00 [info] <0.220.0> Feature flags:   [~] implicit_default_bindings
2022-07-13 09:06:53.872769+00:00 [info] <0.220.0> Feature flags:   [ ] maintenance_mode_status
2022-07-13 09:06:53.872854+00:00 [info] <0.220.0> Feature flags:   [ ] quorum_queue
2022-07-13 09:06:53.873057+00:00 [info] <0.220.0> Feature flags:   [ ] stream_queue
2022-07-13 09:06:53.873208+00:00 [info] <0.220.0> Feature flags:   [ ] user_limits
2022-07-13 09:06:53.873314+00:00 [info] <0.220.0> Feature flags:   [ ] virtual_host_metadata
2022-07-13 09:06:53.873436+00:00 [info] <0.220.0> Feature flags: feature flag states written to disk: yes
2022-07-13 09:06:53.909494+00:00 [info] <0.220.0> Waiting for Mnesia tables for 30000 ms, 0 retries left
2022-07-13 09:06:53.909760+00:00 [info] <0.220.0> Successfully synced tables from a peer
2022-07-13 09:06:53.909886+00:00 [info] <0.220.0> Feature flag `implicit_default_bindings`: mark as enabled=true
2022-07-13 09:06:53.934773+00:00 [info] <0.220.0> Feature flags: list of feature flags found:
2022-07-13 09:06:53.934980+00:00 [info] <0.220.0> Feature flags:   [x] classic_mirrored_queue_version
2022-07-13 09:06:53.935044+00:00 [info] <0.220.0> Feature flags:   [x] drop_unroutable_metric
2022-07-13 09:06:53.935128+00:00 [info] <0.220.0> Feature flags:   [x] empty_basic_get_metric
2022-07-13 09:06:53.935224+00:00 [info] <0.220.0> Feature flags:   [x] implicit_default_bindings
2022-07-13 09:06:53.935280+00:00 [info] <0.220.0> Feature flags:   [ ] maintenance_mode_status
2022-07-13 09:06:53.935354+00:00 [info] <0.220.0> Feature flags:   [ ] quorum_queue
2022-07-13 09:06:53.935480+00:00 [info] <0.220.0> Feature flags:   [ ] stream_queue
2022-07-13 09:06:53.935573+00:00 [info] <0.220.0> Feature flags:   [ ] user_limits
2022-07-13 09:06:53.935657+00:00 [info] <0.220.0> Feature flags:   [ ] virtual_host_metadata
2022-07-13 09:06:53.935705+00:00 [info] <0.220.0> Feature flags: feature flag states written to disk: yes
2022-07-13 09:06:53.961410+00:00 [info] <0.220.0> Feature flag `maintenance_mode_status`: supported, attempt to enable...
2022-07-13 09:06:53.961674+00:00 [info] <0.220.0> Feature flag `maintenance_mode_status`: mark as enabled=state_changing
2022-07-13 09:06:53.963778+00:00 [info] <0.220.0> Feature flags: list of feature flags found:
2022-07-13 09:06:53.963911+00:00 [info] <0.220.0> Feature flags:   [x] classic_mirrored_queue_version
2022-07-13 09:06:53.964070+00:00 [info] <0.220.0> Feature flags:   [x] drop_unroutable_metric
2022-07-13 09:06:53.964139+00:00 [info] <0.220.0> Feature flags:   [x] empty_basic_get_metric
2022-07-13 09:06:53.964190+00:00 [info] <0.220.0> Feature flags:   [x] implicit_default_bindings
2022-07-13 09:06:53.964236+00:00 [info] <0.220.0> Feature flags:   [~] maintenance_mode_status
2022-07-13 09:06:53.964458+00:00 [info] <0.220.0> Feature flags:   [ ] quorum_queue
2022-07-13 09:06:53.964542+00:00 [info] <0.220.0> Feature flags:   [ ] stream_queue
2022-07-13 09:06:53.964658+00:00 [info] <0.220.0> Feature flags:   [ ] user_limits
2022-07-13 09:06:53.964710+00:00 [info] <0.220.0> Feature flags:   [ ] virtual_host_metadata
2022-07-13 09:06:53.964846+00:00 [info] <0.220.0> Feature flags: feature flag states written to disk: yes
2022-07-13 09:06:53.983822+00:00 [info] <0.220.0> Creating table rabbit_node_maintenance_states for feature flag `maintenance_mode_status`
2022-07-13 09:06:54.036335+00:00 [info] <0.220.0> Feature flag `maintenance_mode_status`: mark as enabled=true
2022-07-13 09:06:54.050098+00:00 [info] <0.220.0> Feature flags: list of feature flags found:
2022-07-13 09:06:54.050237+00:00 [info] <0.220.0> Feature flags:   [x] classic_mirrored_queue_version
2022-07-13 09:06:54.050289+00:00 [info] <0.220.0> Feature flags:   [x] drop_unroutable_metric
2022-07-13 09:06:54.050328+00:00 [info] <0.220.0> Feature flags:   [x] empty_basic_get_metric
2022-07-13 09:06:54.050426+00:00 [info] <0.220.0> Feature flags:   [x] implicit_default_bindings
2022-07-13 09:06:54.050467+00:00 [info] <0.220.0> Feature flags:   [x] maintenance_mode_status
2022-07-13 09:06:54.050504+00:00 [info] <0.220.0> Feature flags:   [ ] quorum_queue
2022-07-13 09:06:54.050660+00:00 [info] <0.220.0> Feature flags:   [ ] stream_queue
2022-07-13 09:06:54.050734+00:00 [info] <0.220.0> Feature flags:   [ ] user_limits
2022-07-13 09:06:54.050784+00:00 [info] <0.220.0> Feature flags:   [ ] virtual_host_metadata
2022-07-13 09:06:54.050829+00:00 [info] <0.220.0> Feature flags: feature flag states written to disk: yes
2022-07-13 09:06:54.082254+00:00 [info] <0.220.0> Feature flag `quorum_queue`: supported, attempt to enable...
2022-07-13 09:06:54.082429+00:00 [info] <0.220.0> Feature flag `quorum_queue`: mark as enabled=state_changing
2022-07-13 09:06:54.097930+00:00 [info] <0.220.0> Feature flags: list of feature flags found:
2022-07-13 09:06:54.098081+00:00 [info] <0.220.0> Feature flags:   [x] classic_mirrored_queue_version
2022-07-13 09:06:54.098141+00:00 [info] <0.220.0> Feature flags:   [x] drop_unroutable_metric
2022-07-13 09:06:54.098198+00:00 [info] <0.220.0> Feature flags:   [x] empty_basic_get_metric
2022-07-13 09:06:54.098249+00:00 [info] <0.220.0> Feature flags:   [x] implicit_default_bindings
2022-07-13 09:06:54.098339+00:00 [info] <0.220.0> Feature flags:   [x] maintenance_mode_status
2022-07-13 09:06:54.098475+00:00 [info] <0.220.0> Feature flags:   [~] quorum_queue
2022-07-13 09:06:54.098624+00:00 [info] <0.220.0> Feature flags:   [ ] stream_queue
2022-07-13 09:06:54.098706+00:00 [info] <0.220.0> Feature flags:   [ ] user_limits
2022-07-13 09:06:54.098822+00:00 [info] <0.220.0> Feature flags:   [ ] virtual_host_metadata
2022-07-13 09:06:54.098893+00:00 [info] <0.220.0> Feature flags: feature flag states written to disk: yes
2022-07-13 09:06:54.117259+00:00 [info] <0.220.0> Waiting for Mnesia tables for 30000 ms, 9 retries left
2022-07-13 09:06:54.117453+00:00 [info] <0.220.0> Successfully synced tables from a peer
2022-07-13 09:06:54.117625+00:00 [info] <0.220.0> Feature flag `quorum_queue`:   migrating Mnesia table rabbit_queue...
2022-07-13 09:06:54.237180+00:00 [info] <0.220.0> Feature flag `quorum_queue`:   migrating Mnesia table rabbit_durable_queue...
2022-07-13 09:06:54.354652+00:00 [info] <0.220.0> Feature flag `quorum_queue`:   Mnesia tables migration done
2022-07-13 09:06:54.354760+00:00 [info] <0.220.0> Feature flag `quorum_queue`: mark as enabled=true
2022-07-13 09:06:54.368391+00:00 [info] <0.220.0> Feature flags: list of feature flags found:
2022-07-13 09:06:54.368538+00:00 [info] <0.220.0> Feature flags:   [x] classic_mirrored_queue_version
2022-07-13 09:06:54.368614+00:00 [info] <0.220.0> Feature flags:   [x] drop_unroutable_metric
2022-07-13 09:06:54.368644+00:00 [info] <0.220.0> Feature flags:   [x] empty_basic_get_metric
2022-07-13 09:06:54.368670+00:00 [info] <0.220.0> Feature flags:   [x] implicit_default_bindings
2022-07-13 09:06:54.368700+00:00 [info] <0.220.0> Feature flags:   [x] maintenance_mode_status
2022-07-13 09:06:54.368783+00:00 [info] <0.220.0> Feature flags:   [x] quorum_queue
2022-07-13 09:06:54.368881+00:00 [info] <0.220.0> Feature flags:   [ ] stream_queue
2022-07-13 09:06:54.368922+00:00 [info] <0.220.0> Feature flags:   [ ] user_limits
2022-07-13 09:06:54.369031+00:00 [info] <0.220.0> Feature flags:   [ ] virtual_host_metadata
2022-07-13 09:06:54.369268+00:00 [info] <0.220.0> Feature flags: feature flag states written to disk: yes
2022-07-13 09:06:54.383434+00:00 [info] <0.220.0> Feature flag `stream_queue`: supported, attempt to enable...
2022-07-13 09:06:54.383614+00:00 [info] <0.220.0> Feature flag `stream_queue`: mark as enabled=state_changing
2022-07-13 09:06:54.385277+00:00 [info] <0.220.0> Feature flags: list of feature flags found:
2022-07-13 09:06:54.385406+00:00 [info] <0.220.0> Feature flags:   [x] classic_mirrored_queue_version
2022-07-13 09:06:54.385452+00:00 [info] <0.220.0> Feature flags:   [x] drop_unroutable_metric
2022-07-13 09:06:54.385521+00:00 [info] <0.220.0> Feature flags:   [x] empty_basic_get_metric
2022-07-13 09:06:54.385604+00:00 [info] <0.220.0> Feature flags:   [x] implicit_default_bindings
2022-07-13 09:06:54.385780+00:00 [info] <0.220.0> Feature flags:   [x] maintenance_mode_status
2022-07-13 09:06:54.385854+00:00 [info] <0.220.0> Feature flags:   [x] quorum_queue
2022-07-13 09:06:54.385955+00:00 [info] <0.220.0> Feature flags:   [~] stream_queue
2022-07-13 09:06:54.386056+00:00 [info] <0.220.0> Feature flags:   [ ] user_limits
2022-07-13 09:06:54.386225+00:00 [info] <0.220.0> Feature flags:   [ ] virtual_host_metadata
2022-07-13 09:06:54.386297+00:00 [info] <0.220.0> Feature flags: feature flag states written to disk: yes
2022-07-13 09:06:54.399859+00:00 [info] <0.220.0> Feature flag `stream_queue`: mark as enabled=true
2022-07-13 09:06:54.410422+00:00 [info] <0.220.0> Feature flags: list of feature flags found:
2022-07-13 09:06:54.410645+00:00 [info] <0.220.0> Feature flags:   [x] classic_mirrored_queue_version
2022-07-13 09:06:54.410737+00:00 [info] <0.220.0> Feature flags:   [x] drop_unroutable_metric
2022-07-13 09:06:54.410818+00:00 [info] <0.220.0> Feature flags:   [x] empty_basic_get_metric
2022-07-13 09:06:54.410923+00:00 [info] <0.220.0> Feature flags:   [x] implicit_default_bindings
2022-07-13 09:06:54.411015+00:00 [info] <0.220.0> Feature flags:   [x] maintenance_mode_status
2022-07-13 09:06:54.411106+00:00 [info] <0.220.0> Feature flags:   [x] quorum_queue
2022-07-13 09:06:54.411197+00:00 [info] <0.220.0> Feature flags:   [x] stream_queue
2022-07-13 09:06:54.411286+00:00 [info] <0.220.0> Feature flags:   [ ] user_limits
2022-07-13 09:06:54.411415+00:00 [info] <0.220.0> Feature flags:   [ ] virtual_host_metadata
2022-07-13 09:06:54.411514+00:00 [info] <0.220.0> Feature flags: feature flag states written to disk: yes
2022-07-13 09:06:54.426840+00:00 [info] <0.220.0> Feature flag `user_limits`: supported, attempt to enable...
2022-07-13 09:06:54.427103+00:00 [info] <0.220.0> Feature flag `user_limits`: mark as enabled=state_changing
2022-07-13 09:06:54.429224+00:00 [info] <0.220.0> Feature flags: list of feature flags found:
2022-07-13 09:06:54.429391+00:00 [info] <0.220.0> Feature flags:   [x] classic_mirrored_queue_version
2022-07-13 09:06:54.429452+00:00 [info] <0.220.0> Feature flags:   [x] drop_unroutable_metric
2022-07-13 09:06:54.429663+00:00 [info] <0.220.0> Feature flags:   [x] empty_basic_get_metric
2022-07-13 09:06:54.429835+00:00 [info] <0.220.0> Feature flags:   [x] implicit_default_bindings
2022-07-13 09:06:54.429892+00:00 [info] <0.220.0> Feature flags:   [x] maintenance_mode_status
2022-07-13 09:06:54.429987+00:00 [info] <0.220.0> Feature flags:   [x] quorum_queue
2022-07-13 09:06:54.430087+00:00 [info] <0.220.0> Feature flags:   [x] stream_queue
2022-07-13 09:06:54.430147+00:00 [info] <0.220.0> Feature flags:   [~] user_limits
2022-07-13 09:06:54.430270+00:00 [info] <0.220.0> Feature flags:   [ ] virtual_host_metadata
2022-07-13 09:06:54.430343+00:00 [info] <0.220.0> Feature flags: feature flag states written to disk: yes
2022-07-13 09:06:54.442571+00:00 [info] <0.220.0> Waiting for Mnesia tables for 30000 ms, 9 retries left
2022-07-13 09:06:54.442937+00:00 [info] <0.220.0> Successfully synced tables from a peer
2022-07-13 09:06:54.604461+00:00 [info] <0.220.0> Feature flag `user_limits`: mark as enabled=true
2022-07-13 09:06:54.628254+00:00 [info] <0.220.0> Feature flags: list of feature flags found:
2022-07-13 09:06:54.628425+00:00 [info] <0.220.0> Feature flags:   [x] classic_mirrored_queue_version
2022-07-13 09:06:54.628627+00:00 [info] <0.220.0> Feature flags:   [x] drop_unroutable_metric
2022-07-13 09:06:54.628910+00:00 [info] <0.220.0> Feature flags:   [x] empty_basic_get_metric
2022-07-13 09:06:54.629518+00:00 [info] <0.220.0> Feature flags:   [x] implicit_default_bindings
2022-07-13 09:06:54.629850+00:00 [info] <0.220.0> Feature flags:   [x] maintenance_mode_status
2022-07-13 09:06:54.630020+00:00 [info] <0.220.0> Feature flags:   [x] quorum_queue
2022-07-13 09:06:54.630346+00:00 [info] <0.220.0> Feature flags:   [x] stream_queue
2022-07-13 09:06:54.630476+00:00 [info] <0.220.0> Feature flags:   [x] user_limits
2022-07-13 09:06:54.630553+00:00 [info] <0.220.0> Feature flags:   [ ] virtual_host_metadata
2022-07-13 09:06:54.630621+00:00 [info] <0.220.0> Feature flags: feature flag states written to disk: yes
2022-07-13 09:06:54.668901+00:00 [info] <0.220.0> Feature flag `virtual_host_metadata`: supported, attempt to enable...
2022-07-13 09:06:54.669160+00:00 [info] <0.220.0> Feature flag `virtual_host_metadata`: mark as enabled=state_changing
2022-07-13 09:06:54.681021+00:00 [info] <0.220.0> Feature flags: list of feature flags found:
2022-07-13 09:06:54.681220+00:00 [info] <0.220.0> Feature flags:   [x] classic_mirrored_queue_version
2022-07-13 09:06:54.681314+00:00 [info] <0.220.0> Feature flags:   [x] drop_unroutable_metric
2022-07-13 09:06:54.681405+00:00 [info] <0.220.0> Feature flags:   [x] empty_basic_get_metric
2022-07-13 09:06:54.681490+00:00 [info] <0.220.0> Feature flags:   [x] implicit_default_bindings
2022-07-13 09:06:54.681577+00:00 [info] <0.220.0> Feature flags:   [x] maintenance_mode_status
2022-07-13 09:06:54.681740+00:00 [info] <0.220.0> Feature flags:   [x] quorum_queue
2022-07-13 09:06:54.681827+00:00 [info] <0.220.0> Feature flags:   [x] stream_queue
2022-07-13 09:06:54.681977+00:00 [info] <0.220.0> Feature flags:   [x] user_limits
2022-07-13 09:06:54.682081+00:00 [info] <0.220.0> Feature flags:   [~] virtual_host_metadata
2022-07-13 09:06:54.682175+00:00 [info] <0.220.0> Feature flags: feature flag states written to disk: yes
2022-07-13 09:06:54.718823+00:00 [info] <0.220.0> Waiting for Mnesia tables for 30000 ms, 9 retries left
2022-07-13 09:06:54.719120+00:00 [info] <0.220.0> Successfully synced tables from a peer
2022-07-13 09:06:55.359408+00:00 [info] <0.220.0> Feature flag `virtual_host_metadata`: mark as enabled=true
2022-07-13 09:06:55.375818+00:00 [info] <0.220.0> Feature flags: list of feature flags found:
2022-07-13 09:06:55.376069+00:00 [info] <0.220.0> Feature flags:   [x] classic_mirrored_queue_version
2022-07-13 09:06:55.376153+00:00 [info] <0.220.0> Feature flags:   [x] drop_unroutable_metric
2022-07-13 09:06:55.376197+00:00 [info] <0.220.0> Feature flags:   [x] empty_basic_get_metric
2022-07-13 09:06:55.376239+00:00 [info] <0.220.0> Feature flags:   [x] implicit_default_bindings
2022-07-13 09:06:55.376315+00:00 [info] <0.220.0> Feature flags:   [x] maintenance_mode_status
2022-07-13 09:06:55.376444+00:00 [info] <0.220.0> Feature flags:   [x] quorum_queue
2022-07-13 09:06:55.376539+00:00 [info] <0.220.0> Feature flags:   [x] stream_queue
2022-07-13 09:06:55.376622+00:00 [info] <0.220.0> Feature flags:   [x] user_limits
2022-07-13 09:06:55.376710+00:00 [info] <0.220.0> Feature flags:   [x] virtual_host_metadata
2022-07-13 09:06:55.376801+00:00 [info] <0.220.0> Feature flags: feature flag states written to disk: yes
2022-07-13 09:06:55.411834+00:00 [info] <0.220.0> Waiting for Mnesia tables for 30000 ms, 9 retries left
2022-07-13 09:06:55.412240+00:00 [info] <0.220.0> Successfully synced tables from a peer
2022-07-13 09:06:55.477788+00:00 [info] <0.220.0> Waiting for Mnesia tables for 30000 ms, 9 retries left
2022-07-13 09:06:55.478115+00:00 [info] <0.220.0> Successfully synced tables from a peer
2022-07-13 09:06:55.478197+00:00 [info] <0.220.0> Peer discovery backend rabbit_peer_discovery_classic_config does not support registration, skipping registration.
2022-07-13 09:06:55.478292+00:00 [info] <0.220.0> Will try to unlock with peer discovery backend rabbit_peer_discovery_classic_config
2022-07-13 09:06:55.478472+00:00 [info] <0.220.0> Running boot step database_sync defined by app rabbit
2022-07-13 09:06:55.478627+00:00 [info] <0.220.0> Running boot step feature_flags defined by app rabbit
2022-07-13 09:06:55.482221+00:00 [info] <0.220.0> Running boot step codec_correctness_check defined by app rabbit
2022-07-13 09:06:55.482357+00:00 [info] <0.220.0> Running boot step external_infrastructure defined by app rabbit
2022-07-13 09:06:55.482418+00:00 [info] <0.220.0> Running boot step rabbit_registry defined by app rabbit
2022-07-13 09:06:55.482565+00:00 [info] <0.220.0> Running boot step rabbit_auth_mechanism_cr_demo defined by app rabbit
2022-07-13 09:06:55.482732+00:00 [info] <0.220.0> Running boot step rabbit_queue_location_random defined by app rabbit
2022-07-13 09:06:55.482847+00:00 [info] <0.220.0> Running boot step rabbit_event defined by app rabbit
2022-07-13 09:06:55.483084+00:00 [info] <0.220.0> Running boot step rabbit_auth_mechanism_amqplain defined by app rabbit
2022-07-13 09:06:55.483269+00:00 [info] <0.220.0> Running boot step rabbit_auth_mechanism_plain defined by app rabbit
2022-07-13 09:06:55.483633+00:00 [info] <0.220.0> Running boot step rabbit_exchange_type_direct defined by app rabbit
2022-07-13 09:06:55.483837+00:00 [info] <0.220.0> Running boot step rabbit_exchange_type_fanout defined by app rabbit
2022-07-13 09:06:55.484122+00:00 [info] <0.220.0> Running boot step rabbit_exchange_type_headers defined by app rabbit
2022-07-13 09:06:55.484380+00:00 [info] <0.220.0> Running boot step rabbit_exchange_type_topic defined by app rabbit
2022-07-13 09:06:55.484533+00:00 [info] <0.220.0> Running boot step rabbit_mirror_queue_mode_all defined by app rabbit
2022-07-13 09:06:55.484679+00:00 [info] <0.220.0> Running boot step rabbit_mirror_queue_mode_exactly defined by app rabbit
2022-07-13 09:06:55.484900+00:00 [info] <0.220.0> Running boot step rabbit_mirror_queue_mode_nodes defined by app rabbit
2022-07-13 09:06:55.485163+00:00 [info] <0.220.0> Running boot step rabbit_priority_queue defined by app rabbit
2022-07-13 09:06:55.485246+00:00 [info] <0.220.0> Priority queues enabled, real BQ is rabbit_variable_queue
2022-07-13 09:06:55.485465+00:00 [info] <0.220.0> Running boot step rabbit_queue_location_client_local defined by app rabbit
2022-07-13 09:06:55.490296+00:00 [info] <0.220.0> Running boot step rabbit_queue_location_min_masters defined by app rabbit
2022-07-13 09:06:55.490442+00:00 [info] <0.220.0> Running boot step kernel_ready defined by app rabbit
2022-07-13 09:06:55.490511+00:00 [info] <0.220.0> Running boot step rabbit_sysmon_minder defined by app rabbit
2022-07-13 09:06:55.490799+00:00 [info] <0.220.0> Running boot step rabbit_epmd_monitor defined by app rabbit
2022-07-13 09:06:55.492066+00:00 [info] <0.565.0> epmd monitor knows us, inter-node communication (distribution) port: 25672
2022-07-13 09:06:55.492286+00:00 [info] <0.220.0> Running boot step guid_generator defined by app rabbit
2022-07-13 09:06:55.508139+00:00 [info] <0.220.0> Running boot step rabbit_node_monitor defined by app rabbit
2022-07-13 09:06:55.508684+00:00 [info] <0.569.0> Starting rabbit_node_monitor
2022-07-13 09:06:55.509145+00:00 [info] <0.220.0> Running boot step delegate_sup defined by app rabbit
2022-07-13 09:06:55.510703+00:00 [info] <0.220.0> Running boot step rabbit_memory_monitor defined by app rabbit
2022-07-13 09:06:55.511449+00:00 [info] <0.220.0> Running boot step rabbit_fifo_dlx_sup defined by app rabbit
2022-07-13 09:06:55.511660+00:00 [info] <0.220.0> Running boot step core_initialized defined by app rabbit
2022-07-13 09:06:55.511734+00:00 [info] <0.220.0> Running boot step upgrade_queues defined by app rabbit
2022-07-13 09:06:55.551598+00:00 [info] <0.220.0> message_store upgrades: 1 to apply
2022-07-13 09:06:55.551904+00:00 [info] <0.220.0> message_store upgrades: Applying rabbit_variable_queue:move_messages_to_vhost_store
2022-07-13 09:06:55.552202+00:00 [info] <0.220.0> message_store upgrades: No durable queues found. Skipping message store migration
2022-07-13 09:06:55.552353+00:00 [info] <0.220.0> message_store upgrades: Removing the old message store data
2022-07-13 09:06:55.558148+00:00 [info] <0.220.0> message_store upgrades: All upgrades applied successfully
2022-07-13 09:06:55.598320+00:00 [info] <0.220.0> Running boot step channel_tracking defined by app rabbit
2022-07-13 09:06:55.616587+00:00 [info] <0.220.0> Setting up a table for channel tracking on this node: tracked_channel_on_node_rabbit@0
2022-07-13 09:06:55.635721+00:00 [info] <0.220.0> Setting up a table for channel tracking on this node: tracked_channel_table_per_user_on_node_rabbit@0
2022-07-13 09:06:55.636280+00:00 [info] <0.220.0> Running boot step rabbit_channel_tracking_handler defined by app rabbit
2022-07-13 09:06:55.636484+00:00 [info] <0.220.0> Running boot step connection_tracking defined by app rabbit
2022-07-13 09:06:55.656373+00:00 [info] <0.220.0> Setting up a table for connection tracking on this node: tracked_connection_on_node_rabbit@0
2022-07-13 09:06:55.686726+00:00 [info] <0.220.0> Setting up a table for per-vhost connection counting on this node: tracked_connection_per_vhost_on_node_rabbit@0
2022-07-13 09:06:55.712392+00:00 [info] <0.220.0> Setting up a table for per-user connection counting on this node: tracked_connection_table_per_user_on_node_rabbit@0
2022-07-13 09:06:55.713150+00:00 [info] <0.220.0> Running boot step rabbit_connection_tracking_handler defined by app rabbit
2022-07-13 09:06:55.713310+00:00 [info] <0.220.0> Running boot step rabbit_definitions_hashing defined by app rabbit
2022-07-13 09:06:55.713542+00:00 [info] <0.220.0> Running boot step rabbit_exchange_parameters defined by app rabbit
2022-07-13 09:06:55.713789+00:00 [info] <0.220.0> Running boot step rabbit_mirror_queue_misc defined by app rabbit
2022-07-13 09:06:55.714298+00:00 [info] <0.220.0> Running boot step rabbit_policies defined by app rabbit
2022-07-13 09:06:55.715385+00:00 [info] <0.220.0> Running boot step rabbit_policy defined by app rabbit
2022-07-13 09:06:55.715613+00:00 [info] <0.220.0> Running boot step rabbit_queue_location_validator defined by app rabbit
2022-07-13 09:06:55.715833+00:00 [info] <0.220.0> Running boot step rabbit_quorum_memory_manager defined by app rabbit
2022-07-13 09:06:55.716003+00:00 [info] <0.220.0> Running boot step rabbit_stream_coordinator defined by app rabbit
2022-07-13 09:06:55.716904+00:00 [info] <0.220.0> Running boot step rabbit_vhost_limit defined by app rabbit
2022-07-13 09:06:55.717185+00:00 [info] <0.220.0> Running boot step rabbit_mgmt_reset_handler defined by app rabbitmq_management
2022-07-13 09:06:55.717339+00:00 [info] <0.220.0> Running boot step rabbit_mgmt_db_handler defined by app rabbitmq_management_agent
2022-07-13 09:06:55.717454+00:00 [info] <0.220.0> Management plugin: using rates mode 'basic'
2022-07-13 09:06:55.718230+00:00 [info] <0.220.0> Running boot step recovery defined by app rabbit
2022-07-13 09:06:55.720601+00:00 [info] <0.220.0> Running boot step empty_db_check defined by app rabbit
2022-07-13 09:06:55.720720+00:00 [info] <0.220.0> Will seed default virtual host and user...
2022-07-13 09:06:55.720945+00:00 [info] <0.220.0> Adding vhost '/' (description: 'Default virtual host', tags: [])
2022-07-13 09:06:55.774727+00:00 [info] <0.631.0> Making sure data directory '/var/lib/rabbitmq/mnesia/rabbit@0/msg_stores/vhosts/628WB79CIFDYO9LJI6DKMI09L' for vhost '/' exists
2022-07-13 09:06:55.814046+00:00 [info] <0.631.0> Setting segment_entry_count for vhost '/' with 0 queues to '2048'
2022-07-13 09:06:55.869108+00:00 [info] <0.631.0> Starting message stores for vhost '/'
2022-07-13 09:06:55.869888+00:00 [info] <0.636.0> Message store "628WB79CIFDYO9LJI6DKMI09L/msg_store_transient": using rabbit_msg_store_ets_index to provide index
2022-07-13 09:06:55.920280+00:00 [info] <0.631.0> Started message store of type transient for vhost '/'
2022-07-13 09:06:55.920698+00:00 [info] <0.640.0> Message store "628WB79CIFDYO9LJI6DKMI09L/msg_store_persistent": using rabbit_msg_store_ets_index to provide index
2022-07-13 09:06:55.933550+00:00 [warning] <0.640.0> Message store "628WB79CIFDYO9LJI6DKMI09L/msg_store_persistent": rebuilding indices from scratch
2022-07-13 09:06:55.952170+00:00 [info] <0.631.0> Started message store of type persistent for vhost '/'
2022-07-13 09:06:55.952449+00:00 [info] <0.631.0> Recovering 0 queues of type rabbit_classic_queue took 119ms
2022-07-13 09:06:55.952603+00:00 [info] <0.631.0> Recovering 0 queues of type rabbit_quorum_queue took 0ms
2022-07-13 09:06:55.952714+00:00 [info] <0.631.0> Recovering 0 queues of type rabbit_stream_queue took 0ms
2022-07-13 09:06:55.965562+00:00 [info] <0.220.0> Created user 'guest'
2022-07-13 09:06:55.971179+00:00 [info] <0.220.0> Successfully set user tags for user 'guest' to [administrator]
2022-07-13 09:06:55.976396+00:00 [info] <0.220.0> Successfully set permissions for 'guest' in virtual host '/' to '.*', '.*', '.*'
2022-07-13 09:06:55.976758+00:00 [info] <0.220.0> Running boot step rabbit_looking_glass defined by app rabbit
2022-07-13 09:06:55.976968+00:00 [info] <0.220.0> Running boot step rabbit_core_metrics_gc defined by app rabbit
2022-07-13 09:06:55.977256+00:00 [info] <0.220.0> Running boot step background_gc defined by app rabbit
2022-07-13 09:06:55.977507+00:00 [info] <0.220.0> Running boot step routing_ready defined by app rabbit
2022-07-13 09:06:55.977665+00:00 [info] <0.220.0> Running boot step pre_flight defined by app rabbit
2022-07-13 09:06:55.977757+00:00 [info] <0.220.0> Running boot step notify_cluster defined by app rabbit
2022-07-13 09:06:55.977848+00:00 [info] <0.220.0> Running boot step networking defined by app rabbit
2022-07-13 09:06:55.977926+00:00 [info] <0.220.0> Running boot step rabbit_maintenance_mode_state defined by app rabbit
2022-07-13 09:06:55.977975+00:00 [info] <0.220.0> Creating table rabbit_node_maintenance_states for feature flag `maintenance_mode_status`
2022-07-13 09:06:55.978278+00:00 [info] <0.220.0> Running boot step definition_import_worker_pool defined by app rabbit
2022-07-13 09:06:55.978458+00:00 [info] <0.278.0> Starting worker pool 'definition_import_pool' with 4 processes in it
2022-07-13 09:06:55.979655+00:00 [info] <0.220.0> Running boot step cluster_name defined by app rabbit
2022-07-13 09:06:55.979804+00:00 [info] <0.220.0> Initialising internal cluster ID to 'rabbitmq-cluster-id-m8HckbpX1EGUzSR2UMhWgQ'
2022-07-13 09:06:55.984744+00:00 [info] <0.220.0> Running boot step direct_client defined by app rabbit
2022-07-13 09:06:55.984962+00:00 [info] <0.220.0> Running boot step rabbit_management_load_definitions defined by app rabbitmq_management
2022-07-13 09:06:55.985424+00:00 [info] <0.674.0> Resetting node maintenance status
2022-07-13 09:06:56.041814+00:00 [info] <0.733.0> Management plugin: HTTP (non-TLS) listener started on port 15672
2022-07-13 09:06:56.042321+00:00 [info] <0.761.0> Statistics database started.
2022-07-13 09:06:56.042538+00:00 [info] <0.760.0> Starting worker pool 'management_worker_pool' with 3 processes in it
2022-07-13 09:06:56.044031+00:00 [info] <0.770.0> rabbit_stomp: default user 'guest' enabled
2022-07-13 09:06:56.047829+00:00 [info] <0.789.0> started STOMP TCP listener on [::]:61613
2022-07-13 09:06:56.053967+00:00 [info] <0.674.0> Ready to start client connection listeners
2022-07-13 09:06:56.058006+00:00 [info] <0.807.0> started TCP listener on [::]:5672
2022-07-13 09:06:56.297904+00:00 [info] <0.674.0> Server startup complete; 4 plugins started.
2022-07-13 09:06:56.297904+00:00 [info] <0.674.0>  * rabbitmq_stomp
2022-07-13 09:06:56.297904+00:00 [info] <0.674.0>  * rabbitmq_management
2022-07-13 09:06:56.297904+00:00 [info] <0.674.0>  * rabbitmq_web_dispatch
2022-07-13 09:06:56.297904+00:00 [info] <0.674.0>  * rabbitmq_management_agent
2022-07-13 09:07:54.731242+00:00 [info] <0.859.0> Created user 'test'
2022-07-13 09:08:06.235384+00:00 [info] <0.873.0> Successfully set user tags for user 'test' to [administrator]
2022-07-13 09:08:24.525800+00:00 [info] <0.894.0> Successfully set permissions for 'test' in virtual host '/' to '.*', '.*', '.*'
2022-07-13 09:08:43.172005+00:00 [info] <0.912.0> Successfully set permissions for 'test' in virtual host '/' to '.*', '.*', '.*'
2022-07-13 09:09:09.646193+00:00 [warning] <0.961.0> HTTP access denied: user 'guest' - User can only log in via localhost
2022-07-13 09:37:10.613695+00:00 [notice] <0.220.0> Logging: configured log handlers are now ACTIVE
2022-07-13 09:37:17.088736+00:00 [info] <0.220.0> ra: starting system quorum_queues
2022-07-13 09:37:17.088954+00:00 [info] <0.220.0> starting Ra system: quorum_queues in directory: /var/lib/rabbitmq/mnesia/rabbit@0/quorum/rabbit@0
2022-07-13 09:37:17.168483+00:00 [info] <0.292.0> ra system 'quorum_queues' running pre init for 0 registered servers
2022-07-13 09:37:17.199361+00:00 [info] <0.293.0> ra: meta data store initialised for system quorum_queues. 0 record(s) recovered
2022-07-13 09:37:17.199863+00:00 [notice] <0.300.0> WAL: ra_log_wal init, open tbls: ra_log_open_mem_tables, closed tbls: ra_log_closed_mem_tables
2022-07-13 09:37:17.246223+00:00 [info] <0.220.0> ra: starting system coordination
2022-07-13 09:37:17.246431+00:00 [info] <0.220.0> starting Ra system: coordination in directory: /var/lib/rabbitmq/mnesia/rabbit@0/coordination/rabbit@0
2022-07-13 09:37:17.297405+00:00 [info] <0.325.0> ra system 'coordination' running pre init for 0 registered servers
2022-07-13 09:37:17.349916+00:00 [info] <0.326.0> ra: meta data store initialised for system coordination. 0 record(s) recovered
2022-07-13 09:37:17.350422+00:00 [notice] <0.338.0> WAL: ra_coordination_log_wal init, open tbls: ra_coordination_log_open_mem_tables, closed tbls: ra_coordination_log_closed_mem_tables
2022-07-13 09:37:17.415099+00:00 [info] <0.220.0> 
2022-07-13 09:37:17.415099+00:00 [info] <0.220.0>  Starting RabbitMQ 3.10.6 on Erlang 24.3.4.2 [jit]
2022-07-13 09:37:17.415099+00:00 [info] <0.220.0>  Copyright (c) 2007-2022 VMware, Inc. or its affiliates.
2022-07-13 09:37:17.415099+00:00 [info] <0.220.0>  Licensed under the MPL 2.0. Website: https://rabbitmq.com
2022-07-13 09:37:17.421390+00:00 [info] <0.220.0> 
2022-07-13 09:37:17.421390+00:00 [info] <0.220.0>  node           : rabbit@0
2022-07-13 09:37:17.421390+00:00 [info] <0.220.0>  home dir       : /var/lib/rabbitmq
2022-07-13 09:37:17.421390+00:00 [info] <0.220.0>  config file(s) : (none)
2022-07-13 09:37:17.421390+00:00 [info] <0.220.0>  cookie hash    : gRks9+pYL7EsgXfTIEfhRg==
2022-07-13 09:37:17.421390+00:00 [info] <0.220.0>  log(s)         : /var/log/rabbitmq/rabbit@0.log
2022-07-13 09:37:17.421390+00:00 [info] <0.220.0>                 : /var/log/rabbitmq/rabbit@0_upgrade.log
2022-07-13 09:37:17.421390+00:00 [info] <0.220.0>                 : <stdout>
2022-07-13 09:37:17.421390+00:00 [info] <0.220.0>  database dir   : /var/lib/rabbitmq/mnesia/rabbit@0
2022-07-13 09:37:18.104304+00:00 [info] <0.220.0> Feature flags: list of feature flags found:
2022-07-13 09:37:18.104406+00:00 [info] <0.220.0> Feature flags:   [x] classic_mirrored_queue_version
2022-07-13 09:37:18.104458+00:00 [info] <0.220.0> Feature flags:   [x] drop_unroutable_metric
2022-07-13 09:37:18.104577+00:00 [info] <0.220.0> Feature flags:   [x] empty_basic_get_metric
2022-07-13 09:37:18.104612+00:00 [info] <0.220.0> Feature flags:   [x] implicit_default_bindings
2022-07-13 09:37:18.104652+00:00 [info] <0.220.0> Feature flags:   [x] maintenance_mode_status
2022-07-13 09:37:18.104853+00:00 [info] <0.220.0> Feature flags:   [x] quorum_queue
2022-07-13 09:37:18.104919+00:00 [info] <0.220.0> Feature flags:   [x] stream_queue
2022-07-13 09:37:18.104945+00:00 [info] <0.220.0> Feature flags:   [x] user_limits
2022-07-13 09:37:18.104969+00:00 [info] <0.220.0> Feature flags:   [x] virtual_host_metadata
2022-07-13 09:37:18.105053+00:00 [info] <0.220.0> Feature flags: feature flag states written to disk: yes
2022-07-13 09:37:18.451843+00:00 [info] <0.220.0> Running boot step pre_boot defined by app rabbit
2022-07-13 09:37:18.451966+00:00 [info] <0.220.0> Running boot step rabbit_global_counters defined by app rabbit
2022-07-13 09:37:18.452979+00:00 [info] <0.220.0> Running boot step rabbit_osiris_metrics defined by app rabbit
2022-07-13 09:37:18.453217+00:00 [info] <0.220.0> Running boot step rabbit_core_metrics defined by app rabbit
2022-07-13 09:37:18.453820+00:00 [info] <0.220.0> Running boot step rabbit_alarm defined by app rabbit
2022-07-13 09:37:18.459000+00:00 [info] <0.367.0> Memory high watermark set to 390 MiB (409441075 bytes) of 976 MiB (1023602688 bytes) total
2022-07-13 09:37:18.466485+00:00 [info] <0.369.0> Enabling free disk space monitoring
2022-07-13 09:37:18.466572+00:00 [info] <0.369.0> Disk free limit set to 50MB
2022-07-13 09:37:18.473124+00:00 [info] <0.220.0> Running boot step code_server_cache defined by app rabbit
2022-07-13 09:37:18.473412+00:00 [info] <0.220.0> Running boot step file_handle_cache defined by app rabbit
2022-07-13 09:37:18.473820+00:00 [info] <0.374.0> Limiting to approx 1048479 file handles (943629 sockets)
2022-07-13 09:37:18.474102+00:00 [info] <0.375.0> FHC read buffering: OFF
2022-07-13 09:37:18.474166+00:00 [info] <0.375.0> FHC write buffering: ON
2022-07-13 09:37:18.475065+00:00 [info] <0.220.0> Running boot step worker_pool defined by app rabbit
2022-07-13 09:37:18.475258+00:00 [info] <0.350.0> Will use 4 processes for default worker pool
2022-07-13 09:37:18.475354+00:00 [info] <0.350.0> Starting worker pool 'worker_pool' with 4 processes in it
2022-07-13 09:37:18.476326+00:00 [info] <0.220.0> Running boot step database defined by app rabbit
2022-07-13 09:37:18.496352+00:00 [info] <0.220.0> Waiting for Mnesia tables for 30000 ms, 9 retries left
2022-07-13 09:37:18.496552+00:00 [info] <0.220.0> Successfully synced tables from a peer
2022-07-13 09:37:18.496685+00:00 [info] <0.220.0> Waiting for Mnesia tables for 30000 ms, 9 retries left
2022-07-13 09:37:18.496919+00:00 [info] <0.220.0> Successfully synced tables from a peer
2022-07-13 09:37:18.534897+00:00 [info] <0.220.0> Waiting for Mnesia tables for 30000 ms, 9 retries left
2022-07-13 09:37:18.535407+00:00 [info] <0.220.0> Successfully synced tables from a peer
2022-07-13 09:37:18.535636+00:00 [info] <0.220.0> Peer discovery backend rabbit_peer_discovery_classic_config does not support registration, skipping registration.
2022-07-13 09:37:18.535930+00:00 [info] <0.220.0> Running boot step database_sync defined by app rabbit
2022-07-13 09:37:18.536259+00:00 [info] <0.220.0> Running boot step feature_flags defined by app rabbit
2022-07-13 09:37:18.540307+00:00 [info] <0.220.0> Running boot step codec_correctness_check defined by app rabbit
2022-07-13 09:37:18.540483+00:00 [info] <0.220.0> Running boot step external_infrastructure defined by app rabbit
2022-07-13 09:37:18.540653+00:00 [info] <0.220.0> Running boot step rabbit_registry defined by app rabbit
2022-07-13 09:37:18.540837+00:00 [info] <0.220.0> Running boot step rabbit_auth_mechanism_cr_demo defined by app rabbit
2022-07-13 09:37:18.541092+00:00 [info] <0.220.0> Running boot step rabbit_queue_location_random defined by app rabbit
2022-07-13 09:37:18.541236+00:00 [info] <0.220.0> Running boot step rabbit_event defined by app rabbit
2022-07-13 09:37:18.541588+00:00 [info] <0.220.0> Running boot step rabbit_auth_mechanism_amqplain defined by app rabbit
2022-07-13 09:37:18.541951+00:00 [info] <0.220.0> Running boot step rabbit_auth_mechanism_plain defined by app rabbit
2022-07-13 09:37:18.542238+00:00 [info] <0.220.0> Running boot step rabbit_exchange_type_direct defined by app rabbit
2022-07-13 09:37:18.542475+00:00 [info] <0.220.0> Running boot step rabbit_exchange_type_fanout defined by app rabbit
2022-07-13 09:37:18.542743+00:00 [info] <0.220.0> Running boot step rabbit_exchange_type_headers defined by app rabbit
2022-07-13 09:37:18.542987+00:00 [info] <0.220.0> Running boot step rabbit_exchange_type_topic defined by app rabbit
2022-07-13 09:37:18.543179+00:00 [info] <0.220.0> Running boot step rabbit_mirror_queue_mode_all defined by app rabbit
2022-07-13 09:37:18.543314+00:00 [info] <0.220.0> Running boot step rabbit_mirror_queue_mode_exactly defined by app rabbit
2022-07-13 09:37:18.543561+00:00 [info] <0.220.0> Running boot step rabbit_mirror_queue_mode_nodes defined by app rabbit
2022-07-13 09:37:18.543766+00:00 [info] <0.220.0> Running boot step rabbit_priority_queue defined by app rabbit
2022-07-13 09:37:18.543925+00:00 [info] <0.220.0> Priority queues enabled, real BQ is rabbit_variable_queue
2022-07-13 09:37:18.544062+00:00 [info] <0.220.0> Running boot step rabbit_queue_location_client_local defined by app rabbit
2022-07-13 09:37:18.544299+00:00 [info] <0.220.0> Running boot step rabbit_queue_location_min_masters defined by app rabbit
2022-07-13 09:37:18.544504+00:00 [info] <0.220.0> Running boot step kernel_ready defined by app rabbit
2022-07-13 09:37:18.544604+00:00 [info] <0.220.0> Running boot step rabbit_sysmon_minder defined by app rabbit
2022-07-13 09:37:18.544950+00:00 [info] <0.220.0> Running boot step rabbit_epmd_monitor defined by app rabbit
2022-07-13 09:37:18.546485+00:00 [info] <0.397.0> epmd monitor knows us, inter-node communication (distribution) port: 25672
2022-07-13 09:37:18.546970+00:00 [info] <0.220.0> Running boot step guid_generator defined by app rabbit
2022-07-13 09:37:18.572725+00:00 [info] <0.220.0> Running boot step rabbit_node_monitor defined by app rabbit
2022-07-13 09:37:18.573432+00:00 [info] <0.401.0> Starting rabbit_node_monitor
2022-07-13 09:37:18.573818+00:00 [info] <0.220.0> Running boot step delegate_sup defined by app rabbit
2022-07-13 09:37:18.574921+00:00 [info] <0.220.0> Running boot step rabbit_memory_monitor defined by app rabbit
2022-07-13 09:37:18.575362+00:00 [info] <0.220.0> Running boot step rabbit_fifo_dlx_sup defined by app rabbit
2022-07-13 09:37:18.575596+00:00 [info] <0.220.0> Running boot step core_initialized defined by app rabbit
2022-07-13 09:37:18.575709+00:00 [info] <0.220.0> Running boot step upgrade_queues defined by app rabbit
2022-07-13 09:37:18.597793+00:00 [info] <0.220.0> Running boot step channel_tracking defined by app rabbit
2022-07-13 09:37:18.598379+00:00 [info] <0.220.0> Setting up a table for channel tracking on this node: tracked_channel_on_node_rabbit@0
2022-07-13 09:37:18.598921+00:00 [info] <0.220.0> Setting up a table for channel tracking on this node: tracked_channel_table_per_user_on_node_rabbit@0
2022-07-13 09:37:18.599666+00:00 [info] <0.220.0> Running boot step rabbit_channel_tracking_handler defined by app rabbit
2022-07-13 09:37:18.599965+00:00 [info] <0.220.0> Running boot step connection_tracking defined by app rabbit
2022-07-13 09:37:18.600332+00:00 [info] <0.220.0> Setting up a table for connection tracking on this node: tracked_connection_on_node_rabbit@0
2022-07-13 09:37:18.600853+00:00 [info] <0.220.0> Setting up a table for per-vhost connection counting on this node: tracked_connection_per_vhost_on_node_rabbit@0
2022-07-13 09:37:18.601299+00:00 [info] <0.220.0> Setting up a table for per-user connection counting on this node: tracked_connection_table_per_user_on_node_rabbit@0
2022-07-13 09:37:18.601787+00:00 [info] <0.220.0> Running boot step rabbit_connection_tracking_handler defined by app rabbit
2022-07-13 09:37:18.602002+00:00 [info] <0.220.0> Running boot step rabbit_definitions_hashing defined by app rabbit
2022-07-13 09:37:18.602181+00:00 [info] <0.220.0> Running boot step rabbit_exchange_parameters defined by app rabbit
2022-07-13 09:37:18.602375+00:00 [info] <0.220.0> Running boot step rabbit_mirror_queue_misc defined by app rabbit
2022-07-13 09:37:18.602830+00:00 [info] <0.220.0> Running boot step rabbit_policies defined by app rabbit
2022-07-13 09:37:18.604004+00:00 [info] <0.220.0> Running boot step rabbit_policy defined by app rabbit
2022-07-13 09:37:18.604156+00:00 [info] <0.220.0> Running boot step rabbit_queue_location_validator defined by app rabbit
2022-07-13 09:37:18.604290+00:00 [info] <0.220.0> Running boot step rabbit_quorum_memory_manager defined by app rabbit
2022-07-13 09:37:18.604466+00:00 [info] <0.220.0> Running boot step rabbit_stream_coordinator defined by app rabbit
2022-07-13 09:37:18.605251+00:00 [info] <0.220.0> Running boot step rabbit_vhost_limit defined by app rabbit
2022-07-13 09:37:18.605619+00:00 [info] <0.220.0> Running boot step rabbit_mgmt_reset_handler defined by app rabbitmq_management
2022-07-13 09:37:18.605760+00:00 [info] <0.220.0> Running boot step rabbit_mgmt_db_handler defined by app rabbitmq_management_agent
2022-07-13 09:37:18.605844+00:00 [info] <0.220.0> Management plugin: using rates mode 'basic'
2022-07-13 09:37:18.606553+00:00 [info] <0.220.0> Running boot step recovery defined by app rabbit
2022-07-13 09:37:18.609218+00:00 [info] <0.440.0> Making sure data directory '/var/lib/rabbitmq/mnesia/rabbit@0/msg_stores/vhosts/628WB79CIFDYO9LJI6DKMI09L' for vhost '/' exists
2022-07-13 09:37:18.671977+00:00 [info] <0.440.0> Starting message stores for vhost '/'
2022-07-13 09:37:18.672606+00:00 [info] <0.445.0> Message store "628WB79CIFDYO9LJI6DKMI09L/msg_store_transient": using rabbit_msg_store_ets_index to provide index
2022-07-13 09:37:18.762494+00:00 [info] <0.440.0> Started message store of type transient for vhost '/'
2022-07-13 09:37:18.762960+00:00 [info] <0.449.0> Message store "628WB79CIFDYO9LJI6DKMI09L/msg_store_persistent": using rabbit_msg_store_ets_index to provide index
2022-07-13 09:37:18.776199+00:00 [warning] <0.449.0> Message store "628WB79CIFDYO9LJI6DKMI09L/msg_store_persistent": rebuilding indices from scratch
2022-07-13 09:37:18.787459+00:00 [info] <0.440.0> Started message store of type persistent for vhost '/'
2022-07-13 09:37:18.787688+00:00 [info] <0.440.0> Recovering 0 queues of type rabbit_classic_queue took 150ms
2022-07-13 09:37:18.787806+00:00 [info] <0.440.0> Recovering 0 queues of type rabbit_quorum_queue took 0ms
2022-07-13 09:37:18.787908+00:00 [info] <0.440.0> Recovering 0 queues of type rabbit_stream_queue took 0ms
2022-07-13 09:37:18.791412+00:00 [info] <0.220.0> Running boot step empty_db_check defined by app rabbit
2022-07-13 09:37:18.791594+00:00 [info] <0.220.0> Will not seed default virtual host and user: have definitions to load...
2022-07-13 09:37:18.791666+00:00 [info] <0.220.0> Running boot step rabbit_looking_glass defined by app rabbit
2022-07-13 09:37:18.791770+00:00 [info] <0.220.0> Running boot step rabbit_core_metrics_gc defined by app rabbit
2022-07-13 09:37:18.791995+00:00 [info] <0.220.0> Running boot step background_gc defined by app rabbit
2022-07-13 09:37:18.792322+00:00 [info] <0.220.0> Running boot step routing_ready defined by app rabbit
2022-07-13 09:37:18.792483+00:00 [info] <0.220.0> Running boot step pre_flight defined by app rabbit
2022-07-13 09:37:18.792565+00:00 [info] <0.220.0> Running boot step notify_cluster defined by app rabbit
2022-07-13 09:37:18.792657+00:00 [info] <0.220.0> Running boot step networking defined by app rabbit
2022-07-13 09:37:18.792711+00:00 [info] <0.220.0> Running boot step rabbit_maintenance_mode_state defined by app rabbit
2022-07-13 09:37:18.792755+00:00 [info] <0.220.0> Creating table rabbit_node_maintenance_states for feature flag `maintenance_mode_status`
2022-07-13 09:37:18.793088+00:00 [info] <0.220.0> Running boot step definition_import_worker_pool defined by app rabbit
2022-07-13 09:37:18.793289+00:00 [info] <0.350.0> Starting worker pool 'definition_import_pool' with 4 processes in it
2022-07-13 09:37:18.794135+00:00 [info] <0.220.0> Running boot step cluster_name defined by app rabbit
2022-07-13 09:37:18.794238+00:00 [info] <0.220.0> Running boot step direct_client defined by app rabbit
2022-07-13 09:37:18.794409+00:00 [info] <0.220.0> Running boot step rabbit_management_load_definitions defined by app rabbitmq_management
2022-07-13 09:37:18.794530+00:00 [info] <0.479.0> Resetting node maintenance status
2022-07-13 09:37:18.829173+00:00 [info] <0.538.0> Management plugin: HTTP (non-TLS) listener started on port 15672
2022-07-13 09:37:18.829390+00:00 [info] <0.566.0> Statistics database started.
2022-07-13 09:37:18.829565+00:00 [info] <0.565.0> Starting worker pool 'management_worker_pool' with 3 processes in it
2022-07-13 09:37:18.830917+00:00 [info] <0.575.0> rabbit_stomp: default user 'guest' enabled
2022-07-13 09:37:18.832389+00:00 [info] <0.594.0> started STOMP TCP listener on [::]:61613
2022-07-13 09:37:18.833508+00:00 [info] <0.479.0> Ready to start client connection listeners
2022-07-13 09:37:18.836173+00:00 [info] <0.612.0> started TCP listener on [::]:5672
2022-07-13 09:37:19.015136+00:00 [info] <0.479.0> Server startup complete; 4 plugins started.
2022-07-13 09:37:19.015136+00:00 [info] <0.479.0>  * rabbitmq_stomp
2022-07-13 09:37:19.015136+00:00 [info] <0.479.0>  * rabbitmq_management
2022-07-13 09:37:19.015136+00:00 [info] <0.479.0>  * rabbitmq_web_dispatch
2022-07-13 09:37:19.015136+00:00 [info] <0.479.0>  * rabbitmq_management_agent
