2022-07-13 08:40:50.777526+00:00 [notice] <0.221.0> Logging: configured log handlers are now ACTIVE
2022-07-13 08:40:51.196821+00:00 [info] <0.221.0> ra: starting system quorum_queues
2022-07-13 08:40:51.196985+00:00 [info] <0.221.0> starting Ra system: quorum_queues in directory: /var/lib/rabbitmq/mnesia/rabbit@d7866dfba234/quorum/rabbit@d7866dfba234
2022-07-13 08:40:51.344874+00:00 [info] <0.258.0> ra system 'quorum_queues' running pre init for 0 registered servers
2022-07-13 08:40:51.372169+00:00 [info] <0.259.0> ra: meta data store initialised for system quorum_queues. 0 record(s) recovered
2022-07-13 08:40:51.395181+00:00 [notice] <0.264.0> WAL: ra_log_wal init, open tbls: ra_log_open_mem_tables, closed tbls: ra_log_closed_mem_tables
2022-07-13 08:40:51.420290+00:00 [info] <0.221.0> ra: starting system coordination
2022-07-13 08:40:51.420370+00:00 [info] <0.221.0> starting Ra system: coordination in directory: /var/lib/rabbitmq/mnesia/rabbit@d7866dfba234/coordination/rabbit@d7866dfba234
2022-07-13 08:40:51.438036+00:00 [info] <0.271.0> ra system 'coordination' running pre init for 0 registered servers
2022-07-13 08:40:51.444497+00:00 [info] <0.272.0> ra: meta data store initialised for system coordination. 0 record(s) recovered
2022-07-13 08:40:51.445008+00:00 [notice] <0.277.0> WAL: ra_coordination_log_wal init, open tbls: ra_coordination_log_open_mem_tables, closed tbls: ra_coordination_log_closed_mem_tables
2022-07-13 08:40:51.464400+00:00 [info] <0.221.0> 
2022-07-13 08:40:51.464400+00:00 [info] <0.221.0>  Starting RabbitMQ 3.10.6 on Erlang 24.3.4.2 [jit]
2022-07-13 08:40:51.464400+00:00 [info] <0.221.0>  Copyright (c) 2007-2022 VMware, Inc. or its affiliates.
2022-07-13 08:40:51.464400+00:00 [info] <0.221.0>  Licensed under the MPL 2.0. Website: https://rabbitmq.com
2022-07-13 08:40:51.467127+00:00 [info] <0.221.0> 
2022-07-13 08:40:51.467127+00:00 [info] <0.221.0>  node           : rabbit@d7866dfba234
2022-07-13 08:40:51.467127+00:00 [info] <0.221.0>  home dir       : /var/lib/rabbitmq
2022-07-13 08:40:51.467127+00:00 [info] <0.221.0>  config file(s) : (none)
2022-07-13 08:40:51.467127+00:00 [info] <0.221.0>  cookie hash    : 53fI/UoFG7POQpSMtYwCyw==
2022-07-13 08:40:51.467127+00:00 [info] <0.221.0>  log(s)         : /var/log/rabbitmq/rabbit@d7866dfba234.log
2022-07-13 08:40:51.467127+00:00 [info] <0.221.0>                 : /var/log/rabbitmq/rabbit@d7866dfba234_upgrade.log
2022-07-13 08:40:51.467127+00:00 [info] <0.221.0>                 : <stdout>
2022-07-13 08:40:51.467127+00:00 [info] <0.221.0>  database dir   : /var/lib/rabbitmq/mnesia/rabbit@d7866dfba234
2022-07-13 08:40:56.723156+00:00 [info] <0.221.0> Running boot step pre_boot defined by app rabbit
2022-07-13 08:40:56.723275+00:00 [info] <0.221.0> Running boot step rabbit_global_counters defined by app rabbit
2022-07-13 08:40:56.723957+00:00 [info] <0.221.0> Running boot step rabbit_osiris_metrics defined by app rabbit
2022-07-13 08:40:56.724195+00:00 [info] <0.221.0> Running boot step rabbit_core_metrics defined by app rabbit
2022-07-13 08:40:56.724926+00:00 [info] <0.221.0> Running boot step rabbit_alarm defined by app rabbit
2022-07-13 08:40:56.733139+00:00 [info] <0.290.0> Memory high watermark set to 390 MiB (409441075 bytes) of 976 MiB (1023602688 bytes) total
2022-07-13 08:40:56.746794+00:00 [info] <0.292.0> Enabling free disk space monitoring
2022-07-13 08:40:56.746917+00:00 [info] <0.292.0> Disk free limit set to 50MB
2022-07-13 08:40:56.754650+00:00 [info] <0.221.0> Running boot step code_server_cache defined by app rabbit
2022-07-13 08:40:56.754852+00:00 [info] <0.221.0> Running boot step file_handle_cache defined by app rabbit
2022-07-13 08:40:56.755216+00:00 [info] <0.297.0> Limiting to approx 1048479 file handles (943629 sockets)
2022-07-13 08:40:56.755482+00:00 [info] <0.298.0> FHC read buffering: OFF
2022-07-13 08:40:56.755536+00:00 [info] <0.298.0> FHC write buffering: ON
2022-07-13 08:40:56.756551+00:00 [info] <0.221.0> Running boot step worker_pool defined by app rabbit
2022-07-13 08:40:56.756867+00:00 [info] <0.279.0> Will use 4 processes for default worker pool
2022-07-13 08:40:56.756947+00:00 [info] <0.279.0> Starting worker pool 'worker_pool' with 4 processes in it
2022-07-13 08:40:56.757953+00:00 [info] <0.221.0> Running boot step database defined by app rabbit
2022-07-13 08:40:56.761754+00:00 [info] <0.221.0> Node database directory at /var/lib/rabbitmq/mnesia/rabbit@d7866dfba234 is empty. Assuming we need to join an existing cluster or initialise from scratch...
2022-07-13 08:40:56.761920+00:00 [info] <0.221.0> Configured peer discovery backend: rabbit_peer_discovery_classic_config
2022-07-13 08:40:56.761968+00:00 [info] <0.221.0> Will try to lock with peer discovery backend rabbit_peer_discovery_classic_config
2022-07-13 08:40:56.762152+00:00 [info] <0.221.0> All discovered existing cluster peers:
2022-07-13 08:40:56.762226+00:00 [info] <0.221.0> Discovered no peer nodes to cluster with. Some discovery backends can filter nodes out based on a readiness criteria. Enabling debug logging might help troubleshoot.
2022-07-13 08:40:56.767982+00:00 [notice] <0.44.0> Application mnesia exited with reason: stopped
2022-07-13 08:40:57.341848+00:00 [info] <0.221.0> Waiting for Mnesia tables for 30000 ms, 9 retries left
2022-07-13 08:40:57.342378+00:00 [info] <0.221.0> Successfully synced tables from a peer
2022-07-13 08:40:57.365986+00:00 [info] <0.221.0> Waiting for Mnesia tables for 30000 ms, 9 retries left
2022-07-13 08:40:57.366279+00:00 [info] <0.221.0> Successfully synced tables from a peer
2022-07-13 08:40:57.366416+00:00 [info] <0.221.0> Feature flag `classic_mirrored_queue_version`: supported, attempt to enable...
2022-07-13 08:40:57.366749+00:00 [info] <0.221.0> Feature flag `classic_mirrored_queue_version`: mark as enabled=state_changing
2022-07-13 08:40:57.368493+00:00 [info] <0.221.0> Feature flags: list of feature flags found:
2022-07-13 08:40:57.368838+00:00 [info] <0.221.0> Feature flags:   [~] classic_mirrored_queue_version
2022-07-13 08:40:57.368928+00:00 [info] <0.221.0> Feature flags:   [ ] implicit_default_bindings
2022-07-13 08:40:57.368980+00:00 [info] <0.221.0> Feature flags:   [ ] maintenance_mode_status
2022-07-13 08:40:57.369242+00:00 [info] <0.221.0> Feature flags:   [ ] quorum_queue
2022-07-13 08:40:57.369329+00:00 [info] <0.221.0> Feature flags:   [ ] stream_queue
2022-07-13 08:40:57.369391+00:00 [info] <0.221.0> Feature flags:   [ ] user_limits
2022-07-13 08:40:57.369438+00:00 [info] <0.221.0> Feature flags:   [ ] virtual_host_metadata
2022-07-13 08:40:57.369611+00:00 [info] <0.221.0> Feature flags: feature flag states written to disk: yes
2022-07-13 08:40:57.388737+00:00 [info] <0.221.0> Feature flag `classic_mirrored_queue_version`: mark as enabled=true
2022-07-13 08:40:57.405426+00:00 [info] <0.221.0> Feature flags: list of feature flags found:
2022-07-13 08:40:57.405549+00:00 [info] <0.221.0> Feature flags:   [x] classic_mirrored_queue_version
2022-07-13 08:40:57.405643+00:00 [info] <0.221.0> Feature flags:   [ ] implicit_default_bindings
2022-07-13 08:40:57.405684+00:00 [info] <0.221.0> Feature flags:   [ ] maintenance_mode_status
2022-07-13 08:40:57.405720+00:00 [info] <0.221.0> Feature flags:   [ ] quorum_queue
2022-07-13 08:40:57.405925+00:00 [info] <0.221.0> Feature flags:   [ ] stream_queue
2022-07-13 08:40:57.405972+00:00 [info] <0.221.0> Feature flags:   [ ] user_limits
2022-07-13 08:40:57.406005+00:00 [info] <0.221.0> Feature flags:   [ ] virtual_host_metadata
2022-07-13 08:40:57.406076+00:00 [info] <0.221.0> Feature flags: feature flag states written to disk: yes
2022-07-13 08:40:57.424343+00:00 [info] <0.221.0> Feature flag `implicit_default_bindings`: supported, attempt to enable...
2022-07-13 08:40:57.424552+00:00 [info] <0.221.0> Feature flag `implicit_default_bindings`: mark as enabled=state_changing
2022-07-13 08:40:57.427090+00:00 [info] <0.221.0> Feature flags: list of feature flags found:
2022-07-13 08:40:57.427216+00:00 [info] <0.221.0> Feature flags:   [x] classic_mirrored_queue_version
2022-07-13 08:40:57.427273+00:00 [info] <0.221.0> Feature flags:   [~] implicit_default_bindings
2022-07-13 08:40:57.427310+00:00 [info] <0.221.0> Feature flags:   [ ] maintenance_mode_status
2022-07-13 08:40:57.427494+00:00 [info] <0.221.0> Feature flags:   [ ] quorum_queue
2022-07-13 08:40:57.427599+00:00 [info] <0.221.0> Feature flags:   [ ] stream_queue
2022-07-13 08:40:57.427744+00:00 [info] <0.221.0> Feature flags:   [ ] user_limits
2022-07-13 08:40:57.427798+00:00 [info] <0.221.0> Feature flags:   [ ] virtual_host_metadata
2022-07-13 08:40:57.427860+00:00 [info] <0.221.0> Feature flags: feature flag states written to disk: yes
2022-07-13 08:40:57.440566+00:00 [info] <0.221.0> Waiting for Mnesia tables for 30000 ms, 0 retries left
2022-07-13 08:40:57.440786+00:00 [info] <0.221.0> Successfully synced tables from a peer
2022-07-13 08:40:57.440899+00:00 [info] <0.221.0> Feature flag `implicit_default_bindings`: mark as enabled=true
2022-07-13 08:40:57.461142+00:00 [info] <0.221.0> Feature flags: list of feature flags found:
2022-07-13 08:40:57.461274+00:00 [info] <0.221.0> Feature flags:   [x] classic_mirrored_queue_version
2022-07-13 08:40:57.461367+00:00 [info] <0.221.0> Feature flags:   [x] implicit_default_bindings
2022-07-13 08:40:57.461398+00:00 [info] <0.221.0> Feature flags:   [ ] maintenance_mode_status
2022-07-13 08:40:57.461424+00:00 [info] <0.221.0> Feature flags:   [ ] quorum_queue
2022-07-13 08:40:57.461568+00:00 [info] <0.221.0> Feature flags:   [ ] stream_queue
2022-07-13 08:40:57.461609+00:00 [info] <0.221.0> Feature flags:   [ ] user_limits
2022-07-13 08:40:57.461643+00:00 [info] <0.221.0> Feature flags:   [ ] virtual_host_metadata
2022-07-13 08:40:57.461683+00:00 [info] <0.221.0> Feature flags: feature flag states written to disk: yes
2022-07-13 08:40:57.474641+00:00 [info] <0.221.0> Feature flag `maintenance_mode_status`: supported, attempt to enable...
2022-07-13 08:40:57.474878+00:00 [info] <0.221.0> Feature flag `maintenance_mode_status`: mark as enabled=state_changing
2022-07-13 08:40:57.476187+00:00 [info] <0.221.0> Feature flags: list of feature flags found:
2022-07-13 08:40:57.476345+00:00 [info] <0.221.0> Feature flags:   [x] classic_mirrored_queue_version
2022-07-13 08:40:57.476390+00:00 [info] <0.221.0> Feature flags:   [x] implicit_default_bindings
2022-07-13 08:40:57.476428+00:00 [info] <0.221.0> Feature flags:   [~] maintenance_mode_status
2022-07-13 08:40:57.476475+00:00 [info] <0.221.0> Feature flags:   [ ] quorum_queue
2022-07-13 08:40:57.476577+00:00 [info] <0.221.0> Feature flags:   [ ] stream_queue
2022-07-13 08:40:57.476668+00:00 [info] <0.221.0> Feature flags:   [ ] user_limits
2022-07-13 08:40:57.476748+00:00 [info] <0.221.0> Feature flags:   [ ] virtual_host_metadata
2022-07-13 08:40:57.476882+00:00 [info] <0.221.0> Feature flags: feature flag states written to disk: yes
2022-07-13 08:40:57.489280+00:00 [info] <0.221.0> Creating table rabbit_node_maintenance_states for feature flag `maintenance_mode_status`
2022-07-13 08:40:57.507330+00:00 [info] <0.221.0> Feature flag `maintenance_mode_status`: mark as enabled=true
2022-07-13 08:40:57.523593+00:00 [info] <0.221.0> Feature flags: list of feature flags found:
2022-07-13 08:40:57.523779+00:00 [info] <0.221.0> Feature flags:   [x] classic_mirrored_queue_version
2022-07-13 08:40:57.523846+00:00 [info] <0.221.0> Feature flags:   [x] implicit_default_bindings
2022-07-13 08:40:57.523945+00:00 [info] <0.221.0> Feature flags:   [x] maintenance_mode_status
2022-07-13 08:40:57.524000+00:00 [info] <0.221.0> Feature flags:   [ ] quorum_queue
2022-07-13 08:40:57.524118+00:00 [info] <0.221.0> Feature flags:   [ ] stream_queue
2022-07-13 08:40:57.524234+00:00 [info] <0.221.0> Feature flags:   [ ] user_limits
2022-07-13 08:40:57.524391+00:00 [info] <0.221.0> Feature flags:   [ ] virtual_host_metadata
2022-07-13 08:40:57.524445+00:00 [info] <0.221.0> Feature flags: feature flag states written to disk: yes
2022-07-13 08:40:57.539928+00:00 [info] <0.221.0> Feature flag `quorum_queue`: supported, attempt to enable...
2022-07-13 08:40:57.540217+00:00 [info] <0.221.0> Feature flag `quorum_queue`: mark as enabled=state_changing
2022-07-13 08:40:57.541518+00:00 [info] <0.221.0> Feature flags: list of feature flags found:
2022-07-13 08:40:57.541779+00:00 [info] <0.221.0> Feature flags:   [x] classic_mirrored_queue_version
2022-07-13 08:40:57.541889+00:00 [info] <0.221.0> Feature flags:   [x] implicit_default_bindings
2022-07-13 08:40:57.541954+00:00 [info] <0.221.0> Feature flags:   [x] maintenance_mode_status
2022-07-13 08:40:57.542015+00:00 [info] <0.221.0> Feature flags:   [~] quorum_queue
2022-07-13 08:40:57.542131+00:00 [info] <0.221.0> Feature flags:   [ ] stream_queue
2022-07-13 08:40:57.542212+00:00 [info] <0.221.0> Feature flags:   [ ] user_limits
2022-07-13 08:40:57.542255+00:00 [info] <0.221.0> Feature flags:   [ ] virtual_host_metadata
2022-07-13 08:40:57.542307+00:00 [info] <0.221.0> Feature flags: feature flag states written to disk: yes
2022-07-13 08:40:57.552855+00:00 [info] <0.221.0> Waiting for Mnesia tables for 30000 ms, 9 retries left
2022-07-13 08:40:57.553688+00:00 [info] <0.221.0> Successfully synced tables from a peer
2022-07-13 08:40:57.553804+00:00 [info] <0.221.0> Feature flag `quorum_queue`:   migrating Mnesia table rabbit_queue...
2022-07-13 08:40:57.671087+00:00 [info] <0.221.0> Feature flag `quorum_queue`:   migrating Mnesia table rabbit_durable_queue...
2022-07-13 08:40:57.779668+00:00 [info] <0.221.0> Feature flag `quorum_queue`:   Mnesia tables migration done
2022-07-13 08:40:57.779843+00:00 [info] <0.221.0> Feature flag `quorum_queue`: mark as enabled=true
2022-07-13 08:40:57.791573+00:00 [info] <0.221.0> Feature flags: list of feature flags found:
2022-07-13 08:40:57.791706+00:00 [info] <0.221.0> Feature flags:   [x] classic_mirrored_queue_version
2022-07-13 08:40:57.791834+00:00 [info] <0.221.0> Feature flags:   [x] implicit_default_bindings
2022-07-13 08:40:57.791890+00:00 [info] <0.221.0> Feature flags:   [x] maintenance_mode_status
2022-07-13 08:40:57.791939+00:00 [info] <0.221.0> Feature flags:   [x] quorum_queue
2022-07-13 08:40:57.792184+00:00 [info] <0.221.0> Feature flags:   [ ] stream_queue
2022-07-13 08:40:57.792251+00:00 [info] <0.221.0> Feature flags:   [ ] user_limits
2022-07-13 08:40:57.792291+00:00 [info] <0.221.0> Feature flags:   [ ] virtual_host_metadata
2022-07-13 08:40:57.792341+00:00 [info] <0.221.0> Feature flags: feature flag states written to disk: yes
2022-07-13 08:40:57.812042+00:00 [info] <0.221.0> Feature flag `stream_queue`: supported, attempt to enable...
2022-07-13 08:40:57.812300+00:00 [info] <0.221.0> Feature flag `stream_queue`: mark as enabled=state_changing
2022-07-13 08:40:57.813889+00:00 [info] <0.221.0> Feature flags: list of feature flags found:
2022-07-13 08:40:57.814061+00:00 [info] <0.221.0> Feature flags:   [x] classic_mirrored_queue_version
2022-07-13 08:40:57.814203+00:00 [info] <0.221.0> Feature flags:   [x] implicit_default_bindings
2022-07-13 08:40:57.814296+00:00 [info] <0.221.0> Feature flags:   [x] maintenance_mode_status
2022-07-13 08:40:57.814390+00:00 [info] <0.221.0> Feature flags:   [x] quorum_queue
2022-07-13 08:40:57.814494+00:00 [info] <0.221.0> Feature flags:   [~] stream_queue
2022-07-13 08:40:57.814587+00:00 [info] <0.221.0> Feature flags:   [ ] user_limits
2022-07-13 08:40:57.814663+00:00 [info] <0.221.0> Feature flags:   [ ] virtual_host_metadata
2022-07-13 08:40:57.814773+00:00 [info] <0.221.0> Feature flags: feature flag states written to disk: yes
2022-07-13 08:40:57.834090+00:00 [info] <0.221.0> Feature flag `stream_queue`: mark as enabled=true
2022-07-13 08:40:57.846979+00:00 [info] <0.221.0> Feature flags: list of feature flags found:
2022-07-13 08:40:57.847157+00:00 [info] <0.221.0> Feature flags:   [x] classic_mirrored_queue_version
2022-07-13 08:40:57.847267+00:00 [info] <0.221.0> Feature flags:   [x] implicit_default_bindings
2022-07-13 08:40:57.847339+00:00 [info] <0.221.0> Feature flags:   [x] maintenance_mode_status
2022-07-13 08:40:57.847382+00:00 [info] <0.221.0> Feature flags:   [x] quorum_queue
2022-07-13 08:40:57.847549+00:00 [info] <0.221.0> Feature flags:   [x] stream_queue
2022-07-13 08:40:57.847623+00:00 [info] <0.221.0> Feature flags:   [ ] user_limits
2022-07-13 08:40:57.847666+00:00 [info] <0.221.0> Feature flags:   [ ] virtual_host_metadata
2022-07-13 08:40:57.847711+00:00 [info] <0.221.0> Feature flags: feature flag states written to disk: yes
2022-07-13 08:40:57.872235+00:00 [info] <0.221.0> Feature flag `user_limits`: supported, attempt to enable...
2022-07-13 08:40:57.872388+00:00 [info] <0.221.0> Feature flag `user_limits`: mark as enabled=state_changing
2022-07-13 08:40:57.874802+00:00 [info] <0.221.0> Feature flags: list of feature flags found:
2022-07-13 08:40:57.874961+00:00 [info] <0.221.0> Feature flags:   [x] classic_mirrored_queue_version
2022-07-13 08:40:57.875076+00:00 [info] <0.221.0> Feature flags:   [x] implicit_default_bindings
2022-07-13 08:40:57.875133+00:00 [info] <0.221.0> Feature flags:   [x] maintenance_mode_status
2022-07-13 08:40:57.875243+00:00 [info] <0.221.0> Feature flags:   [x] quorum_queue
2022-07-13 08:40:57.875335+00:00 [info] <0.221.0> Feature flags:   [x] stream_queue
2022-07-13 08:40:57.875394+00:00 [info] <0.221.0> Feature flags:   [~] user_limits
2022-07-13 08:40:57.875466+00:00 [info] <0.221.0> Feature flags:   [ ] virtual_host_metadata
2022-07-13 08:40:57.875510+00:00 [info] <0.221.0> Feature flags: feature flag states written to disk: yes
2022-07-13 08:40:57.897893+00:00 [info] <0.221.0> Waiting for Mnesia tables for 30000 ms, 9 retries left
2022-07-13 08:40:57.898113+00:00 [info] <0.221.0> Successfully synced tables from a peer
2022-07-13 08:40:58.033707+00:00 [info] <0.221.0> Feature flag `user_limits`: mark as enabled=true
2022-07-13 08:40:58.046548+00:00 [info] <0.221.0> Feature flags: list of feature flags found:
2022-07-13 08:40:58.046667+00:00 [info] <0.221.0> Feature flags:   [x] classic_mirrored_queue_version
2022-07-13 08:40:58.046734+00:00 [info] <0.221.0> Feature flags:   [x] implicit_default_bindings
2022-07-13 08:40:58.046768+00:00 [info] <0.221.0> Feature flags:   [x] maintenance_mode_status
2022-07-13 08:40:58.046816+00:00 [info] <0.221.0> Feature flags:   [x] quorum_queue
2022-07-13 08:40:58.046844+00:00 [info] <0.221.0> Feature flags:   [x] stream_queue
2022-07-13 08:40:58.046993+00:00 [info] <0.221.0> Feature flags:   [x] user_limits
2022-07-13 08:40:58.047081+00:00 [info] <0.221.0> Feature flags:   [ ] virtual_host_metadata
2022-07-13 08:40:58.047137+00:00 [info] <0.221.0> Feature flags: feature flag states written to disk: yes
2022-07-13 08:40:58.059310+00:00 [info] <0.221.0> Feature flag `virtual_host_metadata`: supported, attempt to enable...
2022-07-13 08:40:58.059476+00:00 [info] <0.221.0> Feature flag `virtual_host_metadata`: mark as enabled=state_changing
2022-07-13 08:40:58.060567+00:00 [info] <0.221.0> Feature flags: list of feature flags found:
2022-07-13 08:40:58.060889+00:00 [info] <0.221.0> Feature flags:   [x] classic_mirrored_queue_version
2022-07-13 08:40:58.061450+00:00 [info] <0.221.0> Feature flags:   [x] implicit_default_bindings
2022-07-13 08:40:58.061696+00:00 [info] <0.221.0> Feature flags:   [x] maintenance_mode_status
2022-07-13 08:40:58.061798+00:00 [info] <0.221.0> Feature flags:   [x] quorum_queue
2022-07-13 08:40:58.061891+00:00 [info] <0.221.0> Feature flags:   [x] stream_queue
2022-07-13 08:40:58.061975+00:00 [info] <0.221.0> Feature flags:   [x] user_limits
2022-07-13 08:40:58.062115+00:00 [info] <0.221.0> Feature flags:   [~] virtual_host_metadata
2022-07-13 08:40:58.062288+00:00 [info] <0.221.0> Feature flags: feature flag states written to disk: yes
2022-07-13 08:40:58.073485+00:00 [info] <0.221.0> Waiting for Mnesia tables for 30000 ms, 9 retries left
2022-07-13 08:40:58.073698+00:00 [info] <0.221.0> Successfully synced tables from a peer
2022-07-13 08:40:58.204265+00:00 [info] <0.221.0> Feature flag `virtual_host_metadata`: mark as enabled=true
2022-07-13 08:40:58.218186+00:00 [info] <0.221.0> Feature flags: list of feature flags found:
2022-07-13 08:40:58.218339+00:00 [info] <0.221.0> Feature flags:   [x] classic_mirrored_queue_version
2022-07-13 08:40:58.218426+00:00 [info] <0.221.0> Feature flags:   [x] implicit_default_bindings
2022-07-13 08:40:58.218519+00:00 [info] <0.221.0> Feature flags:   [x] maintenance_mode_status
2022-07-13 08:40:58.218627+00:00 [info] <0.221.0> Feature flags:   [x] quorum_queue
2022-07-13 08:40:58.218684+00:00 [info] <0.221.0> Feature flags:   [x] stream_queue
2022-07-13 08:40:58.218782+00:00 [info] <0.221.0> Feature flags:   [x] user_limits
2022-07-13 08:40:58.218869+00:00 [info] <0.221.0> Feature flags:   [x] virtual_host_metadata
2022-07-13 08:40:58.218916+00:00 [info] <0.221.0> Feature flags: feature flag states written to disk: yes
2022-07-13 08:40:58.228801+00:00 [info] <0.221.0> Waiting for Mnesia tables for 30000 ms, 9 retries left
2022-07-13 08:40:58.229026+00:00 [info] <0.221.0> Successfully synced tables from a peer
2022-07-13 08:40:58.291196+00:00 [info] <0.221.0> Waiting for Mnesia tables for 30000 ms, 9 retries left
2022-07-13 08:40:58.291532+00:00 [info] <0.221.0> Successfully synced tables from a peer
2022-07-13 08:40:58.291648+00:00 [info] <0.221.0> Peer discovery backend rabbit_peer_discovery_classic_config does not support registration, skipping registration.
2022-07-13 08:40:58.291731+00:00 [info] <0.221.0> Will try to unlock with peer discovery backend rabbit_peer_discovery_classic_config
2022-07-13 08:40:58.291956+00:00 [info] <0.221.0> Running boot step database_sync defined by app rabbit
2022-07-13 08:40:58.292200+00:00 [info] <0.221.0> Running boot step feature_flags defined by app rabbit
2022-07-13 08:40:58.295657+00:00 [info] <0.221.0> Running boot step codec_correctness_check defined by app rabbit
2022-07-13 08:40:58.295788+00:00 [info] <0.221.0> Running boot step external_infrastructure defined by app rabbit
2022-07-13 08:40:58.295835+00:00 [info] <0.221.0> Running boot step rabbit_registry defined by app rabbit
2022-07-13 08:40:58.295979+00:00 [info] <0.221.0> Running boot step rabbit_auth_mechanism_cr_demo defined by app rabbit
2022-07-13 08:40:58.296123+00:00 [info] <0.221.0> Running boot step rabbit_queue_location_random defined by app rabbit
2022-07-13 08:40:58.296264+00:00 [info] <0.221.0> Running boot step rabbit_event defined by app rabbit
2022-07-13 08:40:58.296498+00:00 [info] <0.221.0> Running boot step rabbit_auth_mechanism_amqplain defined by app rabbit
2022-07-13 08:40:58.296740+00:00 [info] <0.221.0> Running boot step rabbit_auth_mechanism_plain defined by app rabbit
2022-07-13 08:40:58.296864+00:00 [info] <0.221.0> Running boot step rabbit_exchange_type_direct defined by app rabbit
2022-07-13 08:40:58.297000+00:00 [info] <0.221.0> Running boot step rabbit_exchange_type_fanout defined by app rabbit
2022-07-13 08:40:58.297097+00:00 [info] <0.221.0> Running boot step rabbit_exchange_type_headers defined by app rabbit
2022-07-13 08:40:58.297201+00:00 [info] <0.221.0> Running boot step rabbit_exchange_type_topic defined by app rabbit
2022-07-13 08:40:58.297370+00:00 [info] <0.221.0> Running boot step rabbit_mirror_queue_mode_all defined by app rabbit
2022-07-13 08:40:58.297516+00:00 [info] <0.221.0> Running boot step rabbit_mirror_queue_mode_exactly defined by app rabbit
2022-07-13 08:40:58.297676+00:00 [info] <0.221.0> Running boot step rabbit_mirror_queue_mode_nodes defined by app rabbit
2022-07-13 08:40:58.297806+00:00 [info] <0.221.0> Running boot step rabbit_priority_queue defined by app rabbit
2022-07-13 08:40:58.298041+00:00 [info] <0.221.0> Priority queues enabled, real BQ is rabbit_variable_queue
2022-07-13 08:40:58.298274+00:00 [info] <0.221.0> Running boot step rabbit_queue_location_client_local defined by app rabbit
2022-07-13 08:40:58.298475+00:00 [info] <0.221.0> Running boot step rabbit_queue_location_min_masters defined by app rabbit
2022-07-13 08:40:58.298689+00:00 [info] <0.221.0> Running boot step kernel_ready defined by app rabbit
2022-07-13 08:40:58.298765+00:00 [info] <0.221.0> Running boot step rabbit_sysmon_minder defined by app rabbit
2022-07-13 08:40:58.299003+00:00 [info] <0.221.0> Running boot step rabbit_epmd_monitor defined by app rabbit
2022-07-13 08:40:58.300822+00:00 [info] <0.556.0> epmd monitor knows us, inter-node communication (distribution) port: 25672
2022-07-13 08:40:58.301189+00:00 [info] <0.221.0> Running boot step guid_generator defined by app rabbit
2022-07-13 08:40:58.323533+00:00 [info] <0.221.0> Running boot step rabbit_node_monitor defined by app rabbit
2022-07-13 08:40:58.324956+00:00 [info] <0.560.0> Starting rabbit_node_monitor
2022-07-13 08:40:58.325943+00:00 [info] <0.221.0> Running boot step delegate_sup defined by app rabbit
2022-07-13 08:40:58.331653+00:00 [info] <0.221.0> Running boot step rabbit_memory_monitor defined by app rabbit
2022-07-13 08:40:58.333085+00:00 [info] <0.221.0> Running boot step rabbit_fifo_dlx_sup defined by app rabbit
2022-07-13 08:40:58.333714+00:00 [info] <0.221.0> Running boot step core_initialized defined by app rabbit
2022-07-13 08:40:58.333868+00:00 [info] <0.221.0> Running boot step upgrade_queues defined by app rabbit
2022-07-13 08:40:58.356081+00:00 [info] <0.221.0> message_store upgrades: 1 to apply
2022-07-13 08:40:58.356387+00:00 [info] <0.221.0> message_store upgrades: Applying rabbit_variable_queue:move_messages_to_vhost_store
2022-07-13 08:40:58.356706+00:00 [info] <0.221.0> message_store upgrades: No durable queues found. Skipping message store migration
2022-07-13 08:40:58.356885+00:00 [info] <0.221.0> message_store upgrades: Removing the old message store data
2022-07-13 08:40:58.361201+00:00 [info] <0.221.0> message_store upgrades: All upgrades applied successfully
2022-07-13 08:40:58.397522+00:00 [info] <0.221.0> Running boot step channel_tracking defined by app rabbit
2022-07-13 08:40:58.432526+00:00 [info] <0.221.0> Setting up a table for channel tracking on this node: tracked_channel_on_node_rabbit@d7866dfba234
2022-07-13 08:40:58.452902+00:00 [info] <0.221.0> Setting up a table for channel tracking on this node: tracked_channel_table_per_user_on_node_rabbit@d7866dfba234
2022-07-13 08:40:58.453543+00:00 [info] <0.221.0> Running boot step rabbit_channel_tracking_handler defined by app rabbit
2022-07-13 08:40:58.453835+00:00 [info] <0.221.0> Running boot step connection_tracking defined by app rabbit
2022-07-13 08:40:58.481329+00:00 [info] <0.221.0> Setting up a table for connection tracking on this node: tracked_connection_on_node_rabbit@d7866dfba234
2022-07-13 08:40:58.501205+00:00 [info] <0.221.0> Setting up a table for per-vhost connection counting on this node: tracked_connection_per_vhost_on_node_rabbit@d7866dfba234
2022-07-13 08:40:58.519889+00:00 [info] <0.221.0> Setting up a table for per-user connection counting on this node: tracked_connection_table_per_user_on_node_rabbit@d7866dfba234
2022-07-13 08:40:58.520768+00:00 [info] <0.221.0> Running boot step rabbit_connection_tracking_handler defined by app rabbit
2022-07-13 08:40:58.521051+00:00 [info] <0.221.0> Running boot step rabbit_definitions_hashing defined by app rabbit
2022-07-13 08:40:58.521238+00:00 [info] <0.221.0> Running boot step rabbit_exchange_parameters defined by app rabbit
2022-07-13 08:40:58.521397+00:00 [info] <0.221.0> Running boot step rabbit_mirror_queue_misc defined by app rabbit
2022-07-13 08:40:58.521883+00:00 [info] <0.221.0> Running boot step rabbit_policies defined by app rabbit
2022-07-13 08:40:58.522441+00:00 [info] <0.221.0> Running boot step rabbit_policy defined by app rabbit
2022-07-13 08:40:58.522558+00:00 [info] <0.221.0> Running boot step rabbit_queue_location_validator defined by app rabbit
2022-07-13 08:40:58.522771+00:00 [info] <0.221.0> Running boot step rabbit_quorum_memory_manager defined by app rabbit
2022-07-13 08:40:58.522937+00:00 [info] <0.221.0> Running boot step rabbit_stream_coordinator defined by app rabbit
2022-07-13 08:40:58.523905+00:00 [info] <0.221.0> Running boot step rabbit_vhost_limit defined by app rabbit
2022-07-13 08:40:58.524101+00:00 [info] <0.221.0> Running boot step recovery defined by app rabbit
2022-07-13 08:40:58.527220+00:00 [info] <0.221.0> Running boot step empty_db_check defined by app rabbit
2022-07-13 08:40:58.527352+00:00 [info] <0.221.0> Will seed default virtual host and user...
2022-07-13 08:40:58.527551+00:00 [info] <0.221.0> Adding vhost '/' (description: 'Default virtual host', tags: [])
2022-07-13 08:40:58.553710+00:00 [info] <0.617.0> Making sure data directory '/var/lib/rabbitmq/mnesia/rabbit@d7866dfba234/msg_stores/vhosts/628WB79CIFDYO9LJI6DKMI09L' for vhost '/' exists
2022-07-13 08:40:58.578455+00:00 [info] <0.617.0> Setting segment_entry_count for vhost '/' with 0 queues to '2048'
2022-07-13 08:40:58.601769+00:00 [info] <0.617.0> Starting message stores for vhost '/'
2022-07-13 08:40:58.602322+00:00 [info] <0.622.0> Message store "628WB79CIFDYO9LJI6DKMI09L/msg_store_transient": using rabbit_msg_store_ets_index to provide index
2022-07-13 08:40:58.646545+00:00 [info] <0.617.0> Started message store of type transient for vhost '/'
2022-07-13 08:40:58.646996+00:00 [info] <0.626.0> Message store "628WB79CIFDYO9LJI6DKMI09L/msg_store_persistent": using rabbit_msg_store_ets_index to provide index
2022-07-13 08:40:58.657608+00:00 [warning] <0.626.0> Message store "628WB79CIFDYO9LJI6DKMI09L/msg_store_persistent": rebuilding indices from scratch
2022-07-13 08:40:58.669077+00:00 [info] <0.617.0> Started message store of type persistent for vhost '/'
2022-07-13 08:40:58.669536+00:00 [info] <0.617.0> Recovering 0 queues of type rabbit_classic_queue took 84ms
2022-07-13 08:40:58.669663+00:00 [info] <0.617.0> Recovering 0 queues of type rabbit_quorum_queue took 0ms
2022-07-13 08:40:58.669764+00:00 [info] <0.617.0> Recovering 0 queues of type rabbit_stream_queue took 0ms
2022-07-13 08:40:58.676325+00:00 [info] <0.221.0> Created user 'guest'
2022-07-13 08:40:58.680083+00:00 [info] <0.221.0> Successfully set user tags for user 'guest' to [administrator]
2022-07-13 08:40:58.683471+00:00 [info] <0.221.0> Successfully set permissions for 'guest' in virtual host '/' to '.*', '.*', '.*'
2022-07-13 08:40:58.683638+00:00 [info] <0.221.0> Running boot step rabbit_looking_glass defined by app rabbit
2022-07-13 08:40:58.683738+00:00 [info] <0.221.0> Running boot step rabbit_core_metrics_gc defined by app rabbit
2022-07-13 08:40:58.684121+00:00 [info] <0.221.0> Running boot step background_gc defined by app rabbit
2022-07-13 08:40:58.684698+00:00 [info] <0.221.0> Running boot step routing_ready defined by app rabbit
2022-07-13 08:40:58.684916+00:00 [info] <0.221.0> Running boot step pre_flight defined by app rabbit
2022-07-13 08:40:58.685056+00:00 [info] <0.221.0> Running boot step notify_cluster defined by app rabbit
2022-07-13 08:40:58.685243+00:00 [info] <0.221.0> Running boot step networking defined by app rabbit
2022-07-13 08:40:58.685506+00:00 [info] <0.221.0> Running boot step rabbit_maintenance_mode_state defined by app rabbit
2022-07-13 08:40:58.685625+00:00 [info] <0.221.0> Creating table rabbit_node_maintenance_states for feature flag `maintenance_mode_status`
2022-07-13 08:40:58.686107+00:00 [info] <0.221.0> Running boot step definition_import_worker_pool defined by app rabbit
2022-07-13 08:40:58.686336+00:00 [info] <0.279.0> Starting worker pool 'definition_import_pool' with 4 processes in it
2022-07-13 08:40:58.687491+00:00 [info] <0.221.0> Running boot step cluster_name defined by app rabbit
2022-07-13 08:40:58.687674+00:00 [info] <0.221.0> Initialising internal cluster ID to 'rabbitmq-cluster-id-RJSPilVvZryCBUJ3Y08f6A'
2022-07-13 08:40:58.692953+00:00 [info] <0.221.0> Running boot step direct_client defined by app rabbit
2022-07-13 08:40:58.693601+00:00 [info] <0.660.0> Resetting node maintenance status
2022-07-13 08:40:58.694599+00:00 [info] <0.667.0> rabbit_stomp: default user 'guest' enabled
2022-07-13 08:40:58.696282+00:00 [info] <0.686.0> started STOMP TCP listener on [::]:61613
2022-07-13 08:40:58.697415+00:00 [info] <0.660.0> Ready to start client connection listeners
2022-07-13 08:40:58.703561+00:00 [info] <0.704.0> started TCP listener on [::]:5672
2022-07-13 08:40:58.910866+00:00 [info] <0.660.0> Server startup complete; 1 plugins started.
2022-07-13 08:40:58.910866+00:00 [info] <0.660.0>  * rabbitmq_stomp
2022-07-13 08:41:57.871487+00:00 [info] <0.747.0> accepting AMQP connection <0.747.0> (172.18.0.1:37958 -> 172.18.0.3:5672)
2022-07-13 08:41:57.871837+00:00 [error] <0.747.0> closing AMQP connection <0.747.0> (172.18.0.1:37958 -> 172.18.0.3:5672):
2022-07-13 08:41:57.871837+00:00 [error] <0.747.0> {bad_header,<<"GET / HT">>}
2022-07-13 08:41:58.992934+00:00 [info] <0.753.0> accepting AMQP connection <0.753.0> (172.18.0.1:37962 -> 172.18.0.3:5672)
2022-07-13 08:41:58.993313+00:00 [error] <0.753.0> closing AMQP connection <0.753.0> (172.18.0.1:37962 -> 172.18.0.3:5672):
2022-07-13 08:41:58.993313+00:00 [error] <0.753.0> {bad_header,<<"GET / HT">>}
2022-07-13 08:42:04.053031+00:00 [info] <0.756.0> accepting AMQP connection <0.756.0> (172.18.0.1:37966 -> 172.18.0.3:5672)
2022-07-13 08:42:04.053473+00:00 [error] <0.756.0> closing AMQP connection <0.756.0> (172.18.0.1:37966 -> 172.18.0.3:5672):
2022-07-13 08:42:04.053473+00:00 [error] <0.756.0> {bad_header,<<"GET / HT">>}
2022-07-13 08:42:08.641863+00:00 [info] <0.773.0> accepting STOMP connection <0.773.0> (172.18.0.1:55354 -> 172.18.0.3:61613)
2022-07-13 08:42:08.734999+00:00 [info] <0.776.0> accepting STOMP connection <0.776.0> (172.18.0.1:55358 -> 172.18.0.3:61613)
2022-07-13 08:42:14.066274+00:00 [info] <0.767.0> accepting AMQP connection <0.767.0> (172.18.0.1:37980 -> 172.18.0.3:5672)
2022-07-13 08:42:14.066453+00:00 [error] <0.767.0> closing AMQP connection <0.767.0> (172.18.0.1:37980 -> 172.18.0.3:5672):
2022-07-13 08:42:14.066453+00:00 [error] <0.767.0> {handshake_timeout,handshake}
2022-07-13 08:43:04.193105+00:00 [info] <0.773.0> closing STOMP connection <0.773.0> (172.18.0.1:55354 -> 172.18.0.3:61613)
2022-07-13 08:43:09.401426+00:00 [info] <0.776.0> closing STOMP connection <0.776.0> (172.18.0.1:55358 -> 172.18.0.3:61613)
2022-07-13 08:48:57.638443+00:00 [info] <0.1080.0> accepting AMQP connection <0.1080.0> (172.18.0.1:38256 -> 172.18.0.3:5672)
2022-07-13 08:48:57.638833+00:00 [error] <0.1080.0> closing AMQP connection <0.1080.0> (172.18.0.1:38256 -> 172.18.0.3:5672):
2022-07-13 08:48:57.638833+00:00 [error] <0.1080.0> {bad_header,<<"GET / HT">>}
2022-07-13 08:48:58.720884+00:00 [info] <0.1085.0> accepting AMQP connection <0.1085.0> (172.18.0.1:38260 -> 172.18.0.3:5672)
2022-07-13 08:48:58.721231+00:00 [error] <0.1085.0> closing AMQP connection <0.1085.0> (172.18.0.1:38260 -> 172.18.0.3:5672):
2022-07-13 08:48:58.721231+00:00 [error] <0.1085.0> {bad_header,<<"GET / HT">>}
2022-07-13 08:49:03.766836+00:00 [info] <0.1091.0> accepting AMQP connection <0.1091.0> (172.18.0.1:38264 -> 172.18.0.3:5672)
2022-07-13 08:49:03.767179+00:00 [error] <0.1091.0> closing AMQP connection <0.1091.0> (172.18.0.1:38264 -> 172.18.0.3:5672):
2022-07-13 08:49:03.767179+00:00 [error] <0.1091.0> {bad_header,<<"GET / HT">>}
2022-07-13 08:49:13.801284+00:00 [info] <0.1098.0> accepting AMQP connection <0.1098.0> (172.18.0.1:38272 -> 172.18.0.3:5672)
2022-07-13 08:49:13.801496+00:00 [error] <0.1098.0> closing AMQP connection <0.1098.0> (172.18.0.1:38272 -> 172.18.0.3:5672):
2022-07-13 08:49:13.801496+00:00 [error] <0.1098.0> {handshake_timeout,handshake}
2022-07-13 08:53:58.151791+00:00 [info] <0.1304.0> accepting STOMP connection <0.1304.0> (172.18.0.1:55894 -> 172.18.0.3:61613)
2022-07-13 08:53:58.298251+00:00 [info] <0.1307.0> accepting STOMP connection <0.1307.0> (172.18.0.1:55898 -> 172.18.0.3:61613)
2022-07-13 08:55:00.335631+00:00 [info] <0.1307.0> closing STOMP connection <0.1307.0> (172.18.0.1:55898 -> 172.18.0.3:61613)
2022-07-13 08:55:00.337778+00:00 [info] <0.1304.0> closing STOMP connection <0.1304.0> (172.18.0.1:55894 -> 172.18.0.3:61613)
