2022-07-13 09:02:33.855989+00:00 [notice] <0.221.0> Logging: configured log handlers are now ACTIVE
2022-07-13 09:02:34.303561+00:00 [info] <0.221.0> ra: starting system quorum_queues
2022-07-13 09:02:34.303669+00:00 [info] <0.221.0> starting Ra system: quorum_queues in directory: /var/lib/rabbitmq/mnesia/rabbit@235399e377bb/quorum/rabbit@235399e377bb
2022-07-13 09:02:34.467134+00:00 [info] <0.258.0> ra system 'quorum_queues' running pre init for 0 registered servers
2022-07-13 09:02:34.492146+00:00 [info] <0.259.0> ra: meta data store initialised for system quorum_queues. 0 record(s) recovered
2022-07-13 09:02:34.520408+00:00 [notice] <0.264.0> WAL: ra_log_wal init, open tbls: ra_log_open_mem_tables, closed tbls: ra_log_closed_mem_tables
2022-07-13 09:02:34.546031+00:00 [info] <0.221.0> ra: starting system coordination
2022-07-13 09:02:34.546189+00:00 [info] <0.221.0> starting Ra system: coordination in directory: /var/lib/rabbitmq/mnesia/rabbit@235399e377bb/coordination/rabbit@235399e377bb
2022-07-13 09:02:34.570361+00:00 [info] <0.271.0> ra system 'coordination' running pre init for 0 registered servers
2022-07-13 09:02:34.576612+00:00 [info] <0.272.0> ra: meta data store initialised for system coordination. 0 record(s) recovered
2022-07-13 09:02:34.576983+00:00 [notice] <0.277.0> WAL: ra_coordination_log_wal init, open tbls: ra_coordination_log_open_mem_tables, closed tbls: ra_coordination_log_closed_mem_tables
2022-07-13 09:02:34.595815+00:00 [info] <0.221.0> 
2022-07-13 09:02:34.595815+00:00 [info] <0.221.0>  Starting RabbitMQ 3.10.6 on Erlang 24.3.4.2 [jit]
2022-07-13 09:02:34.595815+00:00 [info] <0.221.0>  Copyright (c) 2007-2022 VMware, Inc. or its affiliates.
2022-07-13 09:02:34.595815+00:00 [info] <0.221.0>  Licensed under the MPL 2.0. Website: https://rabbitmq.com
2022-07-13 09:02:34.598728+00:00 [info] <0.221.0> 
2022-07-13 09:02:34.598728+00:00 [info] <0.221.0>  node           : rabbit@235399e377bb
2022-07-13 09:02:34.598728+00:00 [info] <0.221.0>  home dir       : /var/lib/rabbitmq
2022-07-13 09:02:34.598728+00:00 [info] <0.221.0>  config file(s) : (none)
2022-07-13 09:02:34.598728+00:00 [info] <0.221.0>  cookie hash    : V3fr3L/qYwRBY8isNeB8bA==
2022-07-13 09:02:34.598728+00:00 [info] <0.221.0>  log(s)         : /var/log/rabbitmq/rabbit@235399e377bb.log
2022-07-13 09:02:34.598728+00:00 [info] <0.221.0>                 : /var/log/rabbitmq/rabbit@235399e377bb_upgrade.log
2022-07-13 09:02:34.598728+00:00 [info] <0.221.0>                 : <stdout>
2022-07-13 09:02:34.598728+00:00 [info] <0.221.0>  database dir   : /var/lib/rabbitmq/mnesia/rabbit@235399e377bb
2022-07-13 09:02:35.140592+00:00 [info] <0.221.0> Feature flags: list of feature flags found:
2022-07-13 09:02:35.140753+00:00 [info] <0.221.0> Feature flags:   [ ] classic_mirrored_queue_version
2022-07-13 09:02:35.140820+00:00 [info] <0.221.0> Feature flags:   [ ] drop_unroutable_metric
2022-07-13 09:02:35.140960+00:00 [info] <0.221.0> Feature flags:   [ ] empty_basic_get_metric
2022-07-13 09:02:35.141051+00:00 [info] <0.221.0> Feature flags:   [ ] implicit_default_bindings
2022-07-13 09:02:35.141177+00:00 [info] <0.221.0> Feature flags:   [ ] maintenance_mode_status
2022-07-13 09:02:35.141315+00:00 [info] <0.221.0> Feature flags:   [ ] quorum_queue
2022-07-13 09:02:35.141375+00:00 [info] <0.221.0> Feature flags:   [ ] stream_queue
2022-07-13 09:02:35.141458+00:00 [info] <0.221.0> Feature flags:   [ ] user_limits
2022-07-13 09:02:35.141501+00:00 [info] <0.221.0> Feature flags:   [ ] virtual_host_metadata
2022-07-13 09:02:35.141574+00:00 [info] <0.221.0> Feature flags: feature flag states written to disk: yes
2022-07-13 09:02:43.486016+00:00 [info] <0.221.0> Running boot step pre_boot defined by app rabbit
2022-07-13 09:02:43.486188+00:00 [info] <0.221.0> Running boot step rabbit_global_counters defined by app rabbit
2022-07-13 09:02:43.486798+00:00 [info] <0.221.0> Running boot step rabbit_osiris_metrics defined by app rabbit
2022-07-13 09:02:43.487108+00:00 [info] <0.221.0> Running boot step rabbit_core_metrics defined by app rabbit
2022-07-13 09:02:43.488064+00:00 [info] <0.221.0> Running boot step rabbit_alarm defined by app rabbit
2022-07-13 09:02:43.494954+00:00 [info] <0.292.0> Memory high watermark set to 390 MiB (409441075 bytes) of 976 MiB (1023602688 bytes) total
2022-07-13 09:02:43.503999+00:00 [info] <0.294.0> Enabling free disk space monitoring
2022-07-13 09:02:43.504103+00:00 [info] <0.294.0> Disk free limit set to 50MB
2022-07-13 09:02:43.510954+00:00 [info] <0.221.0> Running boot step code_server_cache defined by app rabbit
2022-07-13 09:02:43.511205+00:00 [info] <0.221.0> Running boot step file_handle_cache defined by app rabbit
2022-07-13 09:02:43.511562+00:00 [info] <0.299.0> Limiting to approx 1048479 file handles (943629 sockets)
2022-07-13 09:02:43.511804+00:00 [info] <0.300.0> FHC read buffering: OFF
2022-07-13 09:02:43.511864+00:00 [info] <0.300.0> FHC write buffering: ON
2022-07-13 09:02:43.512778+00:00 [info] <0.221.0> Running boot step worker_pool defined by app rabbit
2022-07-13 09:02:43.513083+00:00 [info] <0.279.0> Will use 4 processes for default worker pool
2022-07-13 09:02:43.513155+00:00 [info] <0.279.0> Starting worker pool 'worker_pool' with 4 processes in it
2022-07-13 09:02:43.513977+00:00 [info] <0.221.0> Running boot step database defined by app rabbit
2022-07-13 09:02:43.517448+00:00 [info] <0.221.0> Node database directory at /var/lib/rabbitmq/mnesia/rabbit@235399e377bb is empty. Assuming we need to join an existing cluster or initialise from scratch...
2022-07-13 09:02:43.517614+00:00 [info] <0.221.0> Configured peer discovery backend: rabbit_peer_discovery_classic_config
2022-07-13 09:02:43.517682+00:00 [info] <0.221.0> Will try to lock with peer discovery backend rabbit_peer_discovery_classic_config
2022-07-13 09:02:43.517953+00:00 [info] <0.221.0> All discovered existing cluster peers:
2022-07-13 09:02:43.518026+00:00 [info] <0.221.0> Discovered no peer nodes to cluster with. Some discovery backends can filter nodes out based on a readiness criteria. Enabling debug logging might help troubleshoot.
2022-07-13 09:02:43.528379+00:00 [notice] <0.44.0> Application mnesia exited with reason: stopped
2022-07-13 09:02:44.168223+00:00 [info] <0.221.0> Waiting for Mnesia tables for 30000 ms, 9 retries left
2022-07-13 09:02:44.168704+00:00 [info] <0.221.0> Successfully synced tables from a peer
2022-07-13 09:02:44.195716+00:00 [info] <0.221.0> Waiting for Mnesia tables for 30000 ms, 9 retries left
2022-07-13 09:02:44.195953+00:00 [info] <0.221.0> Successfully synced tables from a peer
2022-07-13 09:02:44.196039+00:00 [info] <0.221.0> Feature flag `classic_mirrored_queue_version`: supported, attempt to enable...
2022-07-13 09:02:44.196358+00:00 [info] <0.221.0> Feature flag `classic_mirrored_queue_version`: mark as enabled=state_changing
2022-07-13 09:02:44.198547+00:00 [info] <0.221.0> Feature flags: list of feature flags found:
2022-07-13 09:02:44.198679+00:00 [info] <0.221.0> Feature flags:   [~] classic_mirrored_queue_version
2022-07-13 09:02:44.198859+00:00 [info] <0.221.0> Feature flags:   [ ] drop_unroutable_metric
2022-07-13 09:02:44.198931+00:00 [info] <0.221.0> Feature flags:   [ ] empty_basic_get_metric
2022-07-13 09:02:44.198984+00:00 [info] <0.221.0> Feature flags:   [ ] implicit_default_bindings
2022-07-13 09:02:44.199138+00:00 [info] <0.221.0> Feature flags:   [ ] maintenance_mode_status
2022-07-13 09:02:44.199259+00:00 [info] <0.221.0> Feature flags:   [ ] quorum_queue
2022-07-13 09:02:44.199364+00:00 [info] <0.221.0> Feature flags:   [ ] stream_queue
2022-07-13 09:02:44.199424+00:00 [info] <0.221.0> Feature flags:   [ ] user_limits
2022-07-13 09:02:44.199486+00:00 [info] <0.221.0> Feature flags:   [ ] virtual_host_metadata
2022-07-13 09:02:44.199574+00:00 [info] <0.221.0> Feature flags: feature flag states written to disk: yes
2022-07-13 09:02:44.214432+00:00 [info] <0.221.0> Feature flag `classic_mirrored_queue_version`: mark as enabled=true
2022-07-13 09:02:44.219811+00:00 [info] <0.221.0> Feature flags: list of feature flags found:
2022-07-13 09:02:44.219929+00:00 [info] <0.221.0> Feature flags:   [x] classic_mirrored_queue_version
2022-07-13 09:02:44.219966+00:00 [info] <0.221.0> Feature flags:   [ ] drop_unroutable_metric
2022-07-13 09:02:44.220082+00:00 [info] <0.221.0> Feature flags:   [ ] empty_basic_get_metric
2022-07-13 09:02:44.220145+00:00 [info] <0.221.0> Feature flags:   [ ] implicit_default_bindings
2022-07-13 09:02:44.220179+00:00 [info] <0.221.0> Feature flags:   [ ] maintenance_mode_status
2022-07-13 09:02:44.220219+00:00 [info] <0.221.0> Feature flags:   [ ] quorum_queue
2022-07-13 09:02:44.220507+00:00 [info] <0.221.0> Feature flags:   [ ] stream_queue
2022-07-13 09:02:44.220618+00:00 [info] <0.221.0> Feature flags:   [ ] user_limits
2022-07-13 09:02:44.220656+00:00 [info] <0.221.0> Feature flags:   [ ] virtual_host_metadata
2022-07-13 09:02:44.220901+00:00 [info] <0.221.0> Feature flags: feature flag states written to disk: yes
2022-07-13 09:02:44.237090+00:00 [info] <0.221.0> Feature flag `drop_unroutable_metric`: supported, attempt to enable...
2022-07-13 09:02:44.237291+00:00 [info] <0.221.0> Feature flag `drop_unroutable_metric`: mark as enabled=state_changing
2022-07-13 09:02:44.239629+00:00 [info] <0.221.0> Feature flags: list of feature flags found:
2022-07-13 09:02:44.239795+00:00 [info] <0.221.0> Feature flags:   [x] classic_mirrored_queue_version
2022-07-13 09:02:44.239944+00:00 [info] <0.221.0> Feature flags:   [~] drop_unroutable_metric
2022-07-13 09:02:44.240067+00:00 [info] <0.221.0> Feature flags:   [ ] empty_basic_get_metric
2022-07-13 09:02:44.240203+00:00 [info] <0.221.0> Feature flags:   [ ] implicit_default_bindings
2022-07-13 09:02:44.240335+00:00 [info] <0.221.0> Feature flags:   [ ] maintenance_mode_status
2022-07-13 09:02:44.240460+00:00 [info] <0.221.0> Feature flags:   [ ] quorum_queue
2022-07-13 09:02:44.240646+00:00 [info] <0.221.0> Feature flags:   [ ] stream_queue
2022-07-13 09:02:44.240780+00:00 [info] <0.221.0> Feature flags:   [ ] user_limits
2022-07-13 09:02:44.240901+00:00 [info] <0.221.0> Feature flags:   [ ] virtual_host_metadata
2022-07-13 09:02:44.240988+00:00 [info] <0.221.0> Feature flags: feature flag states written to disk: yes
2022-07-13 09:02:44.288341+00:00 [info] <0.221.0> Feature flag `drop_unroutable_metric`: mark as enabled=true
2022-07-13 09:02:44.308266+00:00 [info] <0.221.0> Feature flags: list of feature flags found:
2022-07-13 09:02:44.308366+00:00 [info] <0.221.0> Feature flags:   [x] classic_mirrored_queue_version
2022-07-13 09:02:44.308469+00:00 [info] <0.221.0> Feature flags:   [x] drop_unroutable_metric
2022-07-13 09:02:44.308595+00:00 [info] <0.221.0> Feature flags:   [ ] empty_basic_get_metric
2022-07-13 09:02:44.308645+00:00 [info] <0.221.0> Feature flags:   [ ] implicit_default_bindings
2022-07-13 09:02:44.308680+00:00 [info] <0.221.0> Feature flags:   [ ] maintenance_mode_status
2022-07-13 09:02:44.308747+00:00 [info] <0.221.0> Feature flags:   [ ] quorum_queue
2022-07-13 09:02:44.308917+00:00 [info] <0.221.0> Feature flags:   [ ] stream_queue
2022-07-13 09:02:44.308958+00:00 [info] <0.221.0> Feature flags:   [ ] user_limits
2022-07-13 09:02:44.308985+00:00 [info] <0.221.0> Feature flags:   [ ] virtual_host_metadata
2022-07-13 09:02:44.309123+00:00 [info] <0.221.0> Feature flags: feature flag states written to disk: yes
2022-07-13 09:02:44.325571+00:00 [info] <0.221.0> Feature flag `empty_basic_get_metric`: supported, attempt to enable...
2022-07-13 09:02:44.325742+00:00 [info] <0.221.0> Feature flag `empty_basic_get_metric`: mark as enabled=state_changing
2022-07-13 09:02:44.327357+00:00 [info] <0.221.0> Feature flags: list of feature flags found:
2022-07-13 09:02:44.327482+00:00 [info] <0.221.0> Feature flags:   [x] classic_mirrored_queue_version
2022-07-13 09:02:44.327549+00:00 [info] <0.221.0> Feature flags:   [x] drop_unroutable_metric
2022-07-13 09:02:44.327636+00:00 [info] <0.221.0> Feature flags:   [~] empty_basic_get_metric
2022-07-13 09:02:44.327732+00:00 [info] <0.221.0> Feature flags:   [ ] implicit_default_bindings
2022-07-13 09:02:44.327859+00:00 [info] <0.221.0> Feature flags:   [ ] maintenance_mode_status
2022-07-13 09:02:44.328008+00:00 [info] <0.221.0> Feature flags:   [ ] quorum_queue
2022-07-13 09:02:44.328106+00:00 [info] <0.221.0> Feature flags:   [ ] stream_queue
2022-07-13 09:02:44.328145+00:00 [info] <0.221.0> Feature flags:   [ ] user_limits
2022-07-13 09:02:44.328173+00:00 [info] <0.221.0> Feature flags:   [ ] virtual_host_metadata
2022-07-13 09:02:44.328218+00:00 [info] <0.221.0> Feature flags: feature flag states written to disk: yes
2022-07-13 09:02:44.342320+00:00 [info] <0.221.0> Feature flag `empty_basic_get_metric`: mark as enabled=true
2022-07-13 09:02:44.358265+00:00 [info] <0.221.0> Feature flags: list of feature flags found:
2022-07-13 09:02:44.358483+00:00 [info] <0.221.0> Feature flags:   [x] classic_mirrored_queue_version
2022-07-13 09:02:44.358646+00:00 [info] <0.221.0> Feature flags:   [x] drop_unroutable_metric
2022-07-13 09:02:44.358767+00:00 [info] <0.221.0> Feature flags:   [x] empty_basic_get_metric
2022-07-13 09:02:44.358823+00:00 [info] <0.221.0> Feature flags:   [ ] implicit_default_bindings
2022-07-13 09:02:44.358886+00:00 [info] <0.221.0> Feature flags:   [ ] maintenance_mode_status
2022-07-13 09:02:44.358995+00:00 [info] <0.221.0> Feature flags:   [ ] quorum_queue
2022-07-13 09:02:44.359125+00:00 [info] <0.221.0> Feature flags:   [ ] stream_queue
2022-07-13 09:02:44.359178+00:00 [info] <0.221.0> Feature flags:   [ ] user_limits
2022-07-13 09:02:44.359218+00:00 [info] <0.221.0> Feature flags:   [ ] virtual_host_metadata
2022-07-13 09:02:44.359399+00:00 [info] <0.221.0> Feature flags: feature flag states written to disk: yes
2022-07-13 09:02:44.375498+00:00 [info] <0.221.0> Feature flag `implicit_default_bindings`: supported, attempt to enable...
2022-07-13 09:02:44.375702+00:00 [info] <0.221.0> Feature flag `implicit_default_bindings`: mark as enabled=state_changing
2022-07-13 09:02:44.377383+00:00 [info] <0.221.0> Feature flags: list of feature flags found:
2022-07-13 09:02:44.377568+00:00 [info] <0.221.0> Feature flags:   [x] classic_mirrored_queue_version
2022-07-13 09:02:44.378285+00:00 [info] <0.221.0> Feature flags:   [x] drop_unroutable_metric
2022-07-13 09:02:44.378482+00:00 [info] <0.221.0> Feature flags:   [x] empty_basic_get_metric
2022-07-13 09:02:44.378915+00:00 [info] <0.221.0> Feature flags:   [~] implicit_default_bindings
2022-07-13 09:02:44.379143+00:00 [info] <0.221.0> Feature flags:   [ ] maintenance_mode_status
2022-07-13 09:02:44.379246+00:00 [info] <0.221.0> Feature flags:   [ ] quorum_queue
2022-07-13 09:02:44.379344+00:00 [info] <0.221.0> Feature flags:   [ ] stream_queue
2022-07-13 09:02:44.379429+00:00 [info] <0.221.0> Feature flags:   [ ] user_limits
2022-07-13 09:02:44.379537+00:00 [info] <0.221.0> Feature flags:   [ ] virtual_host_metadata
2022-07-13 09:02:44.379706+00:00 [info] <0.221.0> Feature flags: feature flag states written to disk: yes
2022-07-13 09:02:44.395982+00:00 [info] <0.221.0> Waiting for Mnesia tables for 30000 ms, 0 retries left
2022-07-13 09:02:44.396339+00:00 [info] <0.221.0> Successfully synced tables from a peer
2022-07-13 09:02:44.396441+00:00 [info] <0.221.0> Feature flag `implicit_default_bindings`: mark as enabled=true
2022-07-13 09:02:44.413883+00:00 [info] <0.221.0> Feature flags: list of feature flags found:
2022-07-13 09:02:44.414038+00:00 [info] <0.221.0> Feature flags:   [x] classic_mirrored_queue_version
2022-07-13 09:02:44.414085+00:00 [info] <0.221.0> Feature flags:   [x] drop_unroutable_metric
2022-07-13 09:02:44.414115+00:00 [info] <0.221.0> Feature flags:   [x] empty_basic_get_metric
2022-07-13 09:02:44.414158+00:00 [info] <0.221.0> Feature flags:   [x] implicit_default_bindings
2022-07-13 09:02:44.414255+00:00 [info] <0.221.0> Feature flags:   [ ] maintenance_mode_status
2022-07-13 09:02:44.414293+00:00 [info] <0.221.0> Feature flags:   [ ] quorum_queue
2022-07-13 09:02:44.414353+00:00 [info] <0.221.0> Feature flags:   [ ] stream_queue
2022-07-13 09:02:44.414415+00:00 [info] <0.221.0> Feature flags:   [ ] user_limits
2022-07-13 09:02:44.414478+00:00 [info] <0.221.0> Feature flags:   [ ] virtual_host_metadata
2022-07-13 09:02:44.414595+00:00 [info] <0.221.0> Feature flags: feature flag states written to disk: yes
2022-07-13 09:02:44.432502+00:00 [info] <0.221.0> Feature flag `maintenance_mode_status`: supported, attempt to enable...
2022-07-13 09:02:44.432667+00:00 [info] <0.221.0> Feature flag `maintenance_mode_status`: mark as enabled=state_changing
2022-07-13 09:02:44.434805+00:00 [info] <0.221.0> Feature flags: list of feature flags found:
2022-07-13 09:02:44.434945+00:00 [info] <0.221.0> Feature flags:   [x] classic_mirrored_queue_version
2022-07-13 09:02:44.435122+00:00 [info] <0.221.0> Feature flags:   [x] drop_unroutable_metric
2022-07-13 09:02:44.435214+00:00 [info] <0.221.0> Feature flags:   [x] empty_basic_get_metric
2022-07-13 09:02:44.435268+00:00 [info] <0.221.0> Feature flags:   [x] implicit_default_bindings
2022-07-13 09:02:44.435301+00:00 [info] <0.221.0> Feature flags:   [~] maintenance_mode_status
2022-07-13 09:02:44.435551+00:00 [info] <0.221.0> Feature flags:   [ ] quorum_queue
2022-07-13 09:02:44.435594+00:00 [info] <0.221.0> Feature flags:   [ ] stream_queue
2022-07-13 09:02:44.435621+00:00 [info] <0.221.0> Feature flags:   [ ] user_limits
2022-07-13 09:02:44.435647+00:00 [info] <0.221.0> Feature flags:   [ ] virtual_host_metadata
2022-07-13 09:02:44.435917+00:00 [info] <0.221.0> Feature flags: feature flag states written to disk: yes
2022-07-13 09:02:44.453357+00:00 [info] <0.221.0> Creating table rabbit_node_maintenance_states for feature flag `maintenance_mode_status`
2022-07-13 09:02:44.476141+00:00 [info] <0.221.0> Feature flag `maintenance_mode_status`: mark as enabled=true
2022-07-13 09:02:44.488990+00:00 [info] <0.221.0> Feature flags: list of feature flags found:
2022-07-13 09:02:44.489210+00:00 [info] <0.221.0> Feature flags:   [x] classic_mirrored_queue_version
2022-07-13 09:02:44.489427+00:00 [info] <0.221.0> Feature flags:   [x] drop_unroutable_metric
2022-07-13 09:02:44.489539+00:00 [info] <0.221.0> Feature flags:   [x] empty_basic_get_metric
2022-07-13 09:02:44.489600+00:00 [info] <0.221.0> Feature flags:   [x] implicit_default_bindings
2022-07-13 09:02:44.489664+00:00 [info] <0.221.0> Feature flags:   [x] maintenance_mode_status
2022-07-13 09:02:44.489783+00:00 [info] <0.221.0> Feature flags:   [ ] quorum_queue
2022-07-13 09:02:44.490023+00:00 [info] <0.221.0> Feature flags:   [ ] stream_queue
2022-07-13 09:02:44.490194+00:00 [info] <0.221.0> Feature flags:   [ ] user_limits
2022-07-13 09:02:44.490339+00:00 [info] <0.221.0> Feature flags:   [ ] virtual_host_metadata
2022-07-13 09:02:44.490469+00:00 [info] <0.221.0> Feature flags: feature flag states written to disk: yes
2022-07-13 09:02:44.509031+00:00 [info] <0.221.0> Feature flag `quorum_queue`: supported, attempt to enable...
2022-07-13 09:02:44.509212+00:00 [info] <0.221.0> Feature flag `quorum_queue`: mark as enabled=state_changing
2022-07-13 09:02:44.511233+00:00 [info] <0.221.0> Feature flags: list of feature flags found:
2022-07-13 09:02:44.511326+00:00 [info] <0.221.0> Feature flags:   [x] classic_mirrored_queue_version
2022-07-13 09:02:44.511488+00:00 [info] <0.221.0> Feature flags:   [x] drop_unroutable_metric
2022-07-13 09:02:44.511728+00:00 [info] <0.221.0> Feature flags:   [x] empty_basic_get_metric
2022-07-13 09:02:44.511851+00:00 [info] <0.221.0> Feature flags:   [x] implicit_default_bindings
2022-07-13 09:02:44.511984+00:00 [info] <0.221.0> Feature flags:   [x] maintenance_mode_status
2022-07-13 09:02:44.512095+00:00 [info] <0.221.0> Feature flags:   [~] quorum_queue
2022-07-13 09:02:44.512182+00:00 [info] <0.221.0> Feature flags:   [ ] stream_queue
2022-07-13 09:02:44.512224+00:00 [info] <0.221.0> Feature flags:   [ ] user_limits
2022-07-13 09:02:44.512262+00:00 [info] <0.221.0> Feature flags:   [ ] virtual_host_metadata
2022-07-13 09:02:44.512379+00:00 [info] <0.221.0> Feature flags: feature flag states written to disk: yes
2022-07-13 09:02:44.528009+00:00 [info] <0.221.0> Waiting for Mnesia tables for 30000 ms, 9 retries left
2022-07-13 09:02:44.528206+00:00 [info] <0.221.0> Successfully synced tables from a peer
2022-07-13 09:02:44.528772+00:00 [info] <0.221.0> Feature flag `quorum_queue`:   migrating Mnesia table rabbit_queue...
2022-07-13 09:02:44.644898+00:00 [info] <0.221.0> Feature flag `quorum_queue`:   migrating Mnesia table rabbit_durable_queue...
2022-07-13 09:02:44.764569+00:00 [info] <0.221.0> Feature flag `quorum_queue`:   Mnesia tables migration done
2022-07-13 09:02:44.764736+00:00 [info] <0.221.0> Feature flag `quorum_queue`: mark as enabled=true
2022-07-13 09:02:44.780194+00:00 [info] <0.221.0> Feature flags: list of feature flags found:
2022-07-13 09:02:44.780373+00:00 [info] <0.221.0> Feature flags:   [x] classic_mirrored_queue_version
2022-07-13 09:02:44.780534+00:00 [info] <0.221.0> Feature flags:   [x] drop_unroutable_metric
2022-07-13 09:02:44.780627+00:00 [info] <0.221.0> Feature flags:   [x] empty_basic_get_metric
2022-07-13 09:02:44.780697+00:00 [info] <0.221.0> Feature flags:   [x] implicit_default_bindings
2022-07-13 09:02:44.780794+00:00 [info] <0.221.0> Feature flags:   [x] maintenance_mode_status
2022-07-13 09:02:44.780908+00:00 [info] <0.221.0> Feature flags:   [x] quorum_queue
2022-07-13 09:02:44.780969+00:00 [info] <0.221.0> Feature flags:   [ ] stream_queue
2022-07-13 09:02:44.781040+00:00 [info] <0.221.0> Feature flags:   [ ] user_limits
2022-07-13 09:02:44.781119+00:00 [info] <0.221.0> Feature flags:   [ ] virtual_host_metadata
2022-07-13 09:02:44.781199+00:00 [info] <0.221.0> Feature flags: feature flag states written to disk: yes
2022-07-13 09:02:44.819603+00:00 [info] <0.221.0> Feature flag `stream_queue`: supported, attempt to enable...
2022-07-13 09:02:44.819771+00:00 [info] <0.221.0> Feature flag `stream_queue`: mark as enabled=state_changing
2022-07-13 09:02:44.821759+00:00 [info] <0.221.0> Feature flags: list of feature flags found:
2022-07-13 09:02:44.822129+00:00 [info] <0.221.0> Feature flags:   [x] classic_mirrored_queue_version
2022-07-13 09:02:44.822262+00:00 [info] <0.221.0> Feature flags:   [x] drop_unroutable_metric
2022-07-13 09:02:44.822479+00:00 [info] <0.221.0> Feature flags:   [x] empty_basic_get_metric
2022-07-13 09:02:44.822542+00:00 [info] <0.221.0> Feature flags:   [x] implicit_default_bindings
2022-07-13 09:02:44.822615+00:00 [info] <0.221.0> Feature flags:   [x] maintenance_mode_status
2022-07-13 09:02:44.822673+00:00 [info] <0.221.0> Feature flags:   [x] quorum_queue
2022-07-13 09:02:44.822719+00:00 [info] <0.221.0> Feature flags:   [~] stream_queue
2022-07-13 09:02:44.822760+00:00 [info] <0.221.0> Feature flags:   [ ] user_limits
2022-07-13 09:02:44.822797+00:00 [info] <0.221.0> Feature flags:   [ ] virtual_host_metadata
2022-07-13 09:02:44.822984+00:00 [info] <0.221.0> Feature flags: feature flag states written to disk: yes
2022-07-13 09:02:44.843067+00:00 [info] <0.221.0> Feature flag `stream_queue`: mark as enabled=true
2022-07-13 09:02:44.853852+00:00 [info] <0.221.0> Feature flags: list of feature flags found:
2022-07-13 09:02:44.854091+00:00 [info] <0.221.0> Feature flags:   [x] classic_mirrored_queue_version
2022-07-13 09:02:44.854304+00:00 [info] <0.221.0> Feature flags:   [x] drop_unroutable_metric
2022-07-13 09:02:44.854408+00:00 [info] <0.221.0> Feature flags:   [x] empty_basic_get_metric
2022-07-13 09:02:44.854505+00:00 [info] <0.221.0> Feature flags:   [x] implicit_default_bindings
2022-07-13 09:02:44.854639+00:00 [info] <0.221.0> Feature flags:   [x] maintenance_mode_status
2022-07-13 09:02:44.854782+00:00 [info] <0.221.0> Feature flags:   [x] quorum_queue
2022-07-13 09:02:44.854864+00:00 [info] <0.221.0> Feature flags:   [x] stream_queue
2022-07-13 09:02:44.855000+00:00 [info] <0.221.0> Feature flags:   [ ] user_limits
2022-07-13 09:02:44.855190+00:00 [info] <0.221.0> Feature flags:   [ ] virtual_host_metadata
2022-07-13 09:02:44.856471+00:00 [info] <0.221.0> Feature flags: feature flag states written to disk: yes
2022-07-13 09:02:44.877402+00:00 [info] <0.221.0> Feature flag `user_limits`: supported, attempt to enable...
2022-07-13 09:02:44.877650+00:00 [info] <0.221.0> Feature flag `user_limits`: mark as enabled=state_changing
2022-07-13 09:02:44.879147+00:00 [info] <0.221.0> Feature flags: list of feature flags found:
2022-07-13 09:02:44.879253+00:00 [info] <0.221.0> Feature flags:   [x] classic_mirrored_queue_version
2022-07-13 09:02:44.879297+00:00 [info] <0.221.0> Feature flags:   [x] drop_unroutable_metric
2022-07-13 09:02:44.879376+00:00 [info] <0.221.0> Feature flags:   [x] empty_basic_get_metric
2022-07-13 09:02:44.879498+00:00 [info] <0.221.0> Feature flags:   [x] implicit_default_bindings
2022-07-13 09:02:44.879606+00:00 [info] <0.221.0> Feature flags:   [x] maintenance_mode_status
2022-07-13 09:02:44.879723+00:00 [info] <0.221.0> Feature flags:   [x] quorum_queue
2022-07-13 09:02:44.879827+00:00 [info] <0.221.0> Feature flags:   [x] stream_queue
2022-07-13 09:02:44.879895+00:00 [info] <0.221.0> Feature flags:   [~] user_limits
2022-07-13 09:02:44.879933+00:00 [info] <0.221.0> Feature flags:   [ ] virtual_host_metadata
2022-07-13 09:02:44.880023+00:00 [info] <0.221.0> Feature flags: feature flag states written to disk: yes
2022-07-13 09:02:44.899217+00:00 [info] <0.221.0> Waiting for Mnesia tables for 30000 ms, 9 retries left
2022-07-13 09:02:44.899450+00:00 [info] <0.221.0> Successfully synced tables from a peer
2022-07-13 09:02:45.026504+00:00 [info] <0.221.0> Feature flag `user_limits`: mark as enabled=true
2022-07-13 09:02:45.036402+00:00 [info] <0.221.0> Feature flags: list of feature flags found:
2022-07-13 09:02:45.036589+00:00 [info] <0.221.0> Feature flags:   [x] classic_mirrored_queue_version
2022-07-13 09:02:45.036666+00:00 [info] <0.221.0> Feature flags:   [x] drop_unroutable_metric
2022-07-13 09:02:45.036720+00:00 [info] <0.221.0> Feature flags:   [x] empty_basic_get_metric
2022-07-13 09:02:45.036809+00:00 [info] <0.221.0> Feature flags:   [x] implicit_default_bindings
2022-07-13 09:02:45.036923+00:00 [info] <0.221.0> Feature flags:   [x] maintenance_mode_status
2022-07-13 09:02:45.037006+00:00 [info] <0.221.0> Feature flags:   [x] quorum_queue
2022-07-13 09:02:45.037119+00:00 [info] <0.221.0> Feature flags:   [x] stream_queue
2022-07-13 09:02:45.037202+00:00 [info] <0.221.0> Feature flags:   [x] user_limits
2022-07-13 09:02:45.037285+00:00 [info] <0.221.0> Feature flags:   [ ] virtual_host_metadata
2022-07-13 09:02:45.037366+00:00 [info] <0.221.0> Feature flags: feature flag states written to disk: yes
2022-07-13 09:02:45.052639+00:00 [info] <0.221.0> Feature flag `virtual_host_metadata`: supported, attempt to enable...
2022-07-13 09:02:45.052865+00:00 [info] <0.221.0> Feature flag `virtual_host_metadata`: mark as enabled=state_changing
2022-07-13 09:02:45.054849+00:00 [info] <0.221.0> Feature flags: list of feature flags found:
2022-07-13 09:02:45.055054+00:00 [info] <0.221.0> Feature flags:   [x] classic_mirrored_queue_version
2022-07-13 09:02:45.055225+00:00 [info] <0.221.0> Feature flags:   [x] drop_unroutable_metric
2022-07-13 09:02:45.055476+00:00 [info] <0.221.0> Feature flags:   [x] empty_basic_get_metric
2022-07-13 09:02:45.055575+00:00 [info] <0.221.0> Feature flags:   [x] implicit_default_bindings
2022-07-13 09:02:45.055630+00:00 [info] <0.221.0> Feature flags:   [x] maintenance_mode_status
2022-07-13 09:02:45.055914+00:00 [info] <0.221.0> Feature flags:   [x] quorum_queue
2022-07-13 09:02:45.055994+00:00 [info] <0.221.0> Feature flags:   [x] stream_queue
2022-07-13 09:02:45.056049+00:00 [info] <0.221.0> Feature flags:   [x] user_limits
2022-07-13 09:02:45.056104+00:00 [info] <0.221.0> Feature flags:   [~] virtual_host_metadata
2022-07-13 09:02:45.056340+00:00 [info] <0.221.0> Feature flags: feature flag states written to disk: yes
2022-07-13 09:02:45.070972+00:00 [info] <0.221.0> Waiting for Mnesia tables for 30000 ms, 9 retries left
2022-07-13 09:02:45.071260+00:00 [info] <0.221.0> Successfully synced tables from a peer
2022-07-13 09:02:45.197374+00:00 [info] <0.221.0> Feature flag `virtual_host_metadata`: mark as enabled=true
2022-07-13 09:02:45.212980+00:00 [info] <0.221.0> Feature flags: list of feature flags found:
2022-07-13 09:02:45.213127+00:00 [info] <0.221.0> Feature flags:   [x] classic_mirrored_queue_version
2022-07-13 09:02:45.213213+00:00 [info] <0.221.0> Feature flags:   [x] drop_unroutable_metric
2022-07-13 09:02:45.213243+00:00 [info] <0.221.0> Feature flags:   [x] empty_basic_get_metric
2022-07-13 09:02:45.213304+00:00 [info] <0.221.0> Feature flags:   [x] implicit_default_bindings
2022-07-13 09:02:45.213384+00:00 [info] <0.221.0> Feature flags:   [x] maintenance_mode_status
2022-07-13 09:02:45.213502+00:00 [info] <0.221.0> Feature flags:   [x] quorum_queue
2022-07-13 09:02:45.213605+00:00 [info] <0.221.0> Feature flags:   [x] stream_queue
2022-07-13 09:02:45.213649+00:00 [info] <0.221.0> Feature flags:   [x] user_limits
2022-07-13 09:02:45.213677+00:00 [info] <0.221.0> Feature flags:   [x] virtual_host_metadata
2022-07-13 09:02:45.213702+00:00 [info] <0.221.0> Feature flags: feature flag states written to disk: yes
2022-07-13 09:02:45.227463+00:00 [info] <0.221.0> Waiting for Mnesia tables for 30000 ms, 9 retries left
2022-07-13 09:02:45.227726+00:00 [info] <0.221.0> Successfully synced tables from a peer
2022-07-13 09:02:45.271668+00:00 [info] <0.221.0> Waiting for Mnesia tables for 30000 ms, 9 retries left
2022-07-13 09:02:45.271946+00:00 [info] <0.221.0> Successfully synced tables from a peer
2022-07-13 09:02:45.272119+00:00 [info] <0.221.0> Peer discovery backend rabbit_peer_discovery_classic_config does not support registration, skipping registration.
2022-07-13 09:02:45.272238+00:00 [info] <0.221.0> Will try to unlock with peer discovery backend rabbit_peer_discovery_classic_config
2022-07-13 09:02:45.272442+00:00 [info] <0.221.0> Running boot step database_sync defined by app rabbit
2022-07-13 09:02:45.272900+00:00 [info] <0.221.0> Running boot step feature_flags defined by app rabbit
2022-07-13 09:02:45.276019+00:00 [info] <0.221.0> Running boot step codec_correctness_check defined by app rabbit
2022-07-13 09:02:45.276144+00:00 [info] <0.221.0> Running boot step external_infrastructure defined by app rabbit
2022-07-13 09:02:45.276180+00:00 [info] <0.221.0> Running boot step rabbit_registry defined by app rabbit
2022-07-13 09:02:45.276423+00:00 [info] <0.221.0> Running boot step rabbit_auth_mechanism_cr_demo defined by app rabbit
2022-07-13 09:02:45.276696+00:00 [info] <0.221.0> Running boot step rabbit_queue_location_random defined by app rabbit
2022-07-13 09:02:45.276884+00:00 [info] <0.221.0> Running boot step rabbit_event defined by app rabbit
2022-07-13 09:02:45.277190+00:00 [info] <0.221.0> Running boot step rabbit_auth_mechanism_amqplain defined by app rabbit
2022-07-13 09:02:45.277337+00:00 [info] <0.221.0> Running boot step rabbit_auth_mechanism_plain defined by app rabbit
2022-07-13 09:02:45.277626+00:00 [info] <0.221.0> Running boot step rabbit_exchange_type_direct defined by app rabbit
2022-07-13 09:02:45.277830+00:00 [info] <0.221.0> Running boot step rabbit_exchange_type_fanout defined by app rabbit
2022-07-13 09:02:45.278083+00:00 [info] <0.221.0> Running boot step rabbit_exchange_type_headers defined by app rabbit
2022-07-13 09:02:45.278373+00:00 [info] <0.221.0> Running boot step rabbit_exchange_type_topic defined by app rabbit
2022-07-13 09:02:45.278609+00:00 [info] <0.221.0> Running boot step rabbit_mirror_queue_mode_all defined by app rabbit
2022-07-13 09:02:45.278834+00:00 [info] <0.221.0> Running boot step rabbit_mirror_queue_mode_exactly defined by app rabbit
2022-07-13 09:02:45.278955+00:00 [info] <0.221.0> Running boot step rabbit_mirror_queue_mode_nodes defined by app rabbit
2022-07-13 09:02:45.279024+00:00 [info] <0.221.0> Running boot step rabbit_priority_queue defined by app rabbit
2022-07-13 09:02:45.279083+00:00 [info] <0.221.0> Priority queues enabled, real BQ is rabbit_variable_queue
2022-07-13 09:02:45.279244+00:00 [info] <0.221.0> Running boot step rabbit_queue_location_client_local defined by app rabbit
2022-07-13 09:02:45.279418+00:00 [info] <0.221.0> Running boot step rabbit_queue_location_min_masters defined by app rabbit
2022-07-13 09:02:45.279684+00:00 [info] <0.221.0> Running boot step kernel_ready defined by app rabbit
2022-07-13 09:02:45.279811+00:00 [info] <0.221.0> Running boot step rabbit_sysmon_minder defined by app rabbit
2022-07-13 09:02:45.280236+00:00 [info] <0.221.0> Running boot step rabbit_epmd_monitor defined by app rabbit
2022-07-13 09:02:45.281925+00:00 [info] <0.566.0> epmd monitor knows us, inter-node communication (distribution) port: 25672
2022-07-13 09:02:45.282229+00:00 [info] <0.221.0> Running boot step guid_generator defined by app rabbit
2022-07-13 09:02:45.293140+00:00 [info] <0.221.0> Running boot step rabbit_node_monitor defined by app rabbit
2022-07-13 09:02:45.293600+00:00 [info] <0.570.0> Starting rabbit_node_monitor
2022-07-13 09:02:45.293839+00:00 [info] <0.221.0> Running boot step delegate_sup defined by app rabbit
2022-07-13 09:02:45.294996+00:00 [info] <0.221.0> Running boot step rabbit_memory_monitor defined by app rabbit
2022-07-13 09:02:45.295599+00:00 [info] <0.221.0> Running boot step rabbit_fifo_dlx_sup defined by app rabbit
2022-07-13 09:02:45.295923+00:00 [info] <0.221.0> Running boot step core_initialized defined by app rabbit
2022-07-13 09:02:45.296003+00:00 [info] <0.221.0> Running boot step upgrade_queues defined by app rabbit
2022-07-13 09:02:45.316336+00:00 [info] <0.221.0> message_store upgrades: 1 to apply
2022-07-13 09:02:45.316605+00:00 [info] <0.221.0> message_store upgrades: Applying rabbit_variable_queue:move_messages_to_vhost_store
2022-07-13 09:02:45.316926+00:00 [info] <0.221.0> message_store upgrades: No durable queues found. Skipping message store migration
2022-07-13 09:02:45.317059+00:00 [info] <0.221.0> message_store upgrades: Removing the old message store data
2022-07-13 09:02:45.323164+00:00 [info] <0.221.0> message_store upgrades: All upgrades applied successfully
2022-07-13 09:02:45.356402+00:00 [info] <0.221.0> Running boot step channel_tracking defined by app rabbit
2022-07-13 09:02:45.371728+00:00 [info] <0.221.0> Setting up a table for channel tracking on this node: tracked_channel_on_node_rabbit@235399e377bb
2022-07-13 09:02:45.389427+00:00 [info] <0.221.0> Setting up a table for channel tracking on this node: tracked_channel_table_per_user_on_node_rabbit@235399e377bb
2022-07-13 09:02:45.389797+00:00 [info] <0.221.0> Running boot step rabbit_channel_tracking_handler defined by app rabbit
2022-07-13 09:02:45.389978+00:00 [info] <0.221.0> Running boot step connection_tracking defined by app rabbit
2022-07-13 09:02:45.406900+00:00 [info] <0.221.0> Setting up a table for connection tracking on this node: tracked_connection_on_node_rabbit@235399e377bb
2022-07-13 09:02:45.423783+00:00 [info] <0.221.0> Setting up a table for per-vhost connection counting on this node: tracked_connection_per_vhost_on_node_rabbit@235399e377bb
2022-07-13 09:02:45.442384+00:00 [info] <0.221.0> Setting up a table for per-user connection counting on this node: tracked_connection_table_per_user_on_node_rabbit@235399e377bb
2022-07-13 09:02:45.443061+00:00 [info] <0.221.0> Running boot step rabbit_connection_tracking_handler defined by app rabbit
2022-07-13 09:02:45.443240+00:00 [info] <0.221.0> Running boot step rabbit_definitions_hashing defined by app rabbit
2022-07-13 09:02:45.443499+00:00 [info] <0.221.0> Running boot step rabbit_exchange_parameters defined by app rabbit
2022-07-13 09:02:45.443732+00:00 [info] <0.221.0> Running boot step rabbit_mirror_queue_misc defined by app rabbit
2022-07-13 09:02:45.444233+00:00 [info] <0.221.0> Running boot step rabbit_policies defined by app rabbit
2022-07-13 09:02:45.445141+00:00 [info] <0.221.0> Running boot step rabbit_policy defined by app rabbit
2022-07-13 09:02:45.445375+00:00 [info] <0.221.0> Running boot step rabbit_queue_location_validator defined by app rabbit
2022-07-13 09:02:45.445549+00:00 [info] <0.221.0> Running boot step rabbit_quorum_memory_manager defined by app rabbit
2022-07-13 09:02:45.445686+00:00 [info] <0.221.0> Running boot step rabbit_stream_coordinator defined by app rabbit
2022-07-13 09:02:45.446316+00:00 [info] <0.221.0> Running boot step rabbit_vhost_limit defined by app rabbit
2022-07-13 09:02:45.446503+00:00 [info] <0.221.0> Running boot step rabbit_mgmt_reset_handler defined by app rabbitmq_management
2022-07-13 09:02:45.446617+00:00 [info] <0.221.0> Running boot step rabbit_mgmt_db_handler defined by app rabbitmq_management_agent
2022-07-13 09:02:45.446707+00:00 [info] <0.221.0> Management plugin: using rates mode 'basic'
2022-07-13 09:02:45.447299+00:00 [info] <0.221.0> Running boot step recovery defined by app rabbit
2022-07-13 09:02:45.450018+00:00 [info] <0.221.0> Running boot step empty_db_check defined by app rabbit
2022-07-13 09:02:45.450107+00:00 [info] <0.221.0> Will seed default virtual host and user...
2022-07-13 09:02:45.450264+00:00 [info] <0.221.0> Adding vhost '/' (description: 'Default virtual host', tags: [])
2022-07-13 09:02:45.473836+00:00 [info] <0.632.0> Making sure data directory '/var/lib/rabbitmq/mnesia/rabbit@235399e377bb/msg_stores/vhosts/628WB79CIFDYO9LJI6DKMI09L' for vhost '/' exists
2022-07-13 09:02:45.497373+00:00 [info] <0.632.0> Setting segment_entry_count for vhost '/' with 0 queues to '2048'
2022-07-13 09:02:45.523338+00:00 [info] <0.632.0> Starting message stores for vhost '/'
2022-07-13 09:02:45.524067+00:00 [info] <0.637.0> Message store "628WB79CIFDYO9LJI6DKMI09L/msg_store_transient": using rabbit_msg_store_ets_index to provide index
2022-07-13 09:02:45.575298+00:00 [info] <0.632.0> Started message store of type transient for vhost '/'
2022-07-13 09:02:45.575744+00:00 [info] <0.641.0> Message store "628WB79CIFDYO9LJI6DKMI09L/msg_store_persistent": using rabbit_msg_store_ets_index to provide index
2022-07-13 09:02:45.601787+00:00 [warning] <0.641.0> Message store "628WB79CIFDYO9LJI6DKMI09L/msg_store_persistent": rebuilding indices from scratch
2022-07-13 09:02:45.623642+00:00 [info] <0.632.0> Started message store of type persistent for vhost '/'
2022-07-13 09:02:45.623911+00:00 [info] <0.632.0> Recovering 0 queues of type rabbit_classic_queue took 118ms
2022-07-13 09:02:45.624072+00:00 [info] <0.632.0> Recovering 0 queues of type rabbit_quorum_queue took 0ms
2022-07-13 09:02:45.624187+00:00 [info] <0.632.0> Recovering 0 queues of type rabbit_stream_queue took 0ms
2022-07-13 09:02:45.632175+00:00 [info] <0.221.0> Created user 'guest'
2022-07-13 09:02:45.637208+00:00 [info] <0.221.0> Successfully set user tags for user 'guest' to [administrator]
2022-07-13 09:02:45.642303+00:00 [info] <0.221.0> Successfully set permissions for 'guest' in virtual host '/' to '.*', '.*', '.*'
2022-07-13 09:02:45.642459+00:00 [info] <0.221.0> Running boot step rabbit_looking_glass defined by app rabbit
2022-07-13 09:02:45.642528+00:00 [info] <0.221.0> Running boot step rabbit_core_metrics_gc defined by app rabbit
2022-07-13 09:02:45.642742+00:00 [info] <0.221.0> Running boot step background_gc defined by app rabbit
2022-07-13 09:02:45.643059+00:00 [info] <0.221.0> Running boot step routing_ready defined by app rabbit
2022-07-13 09:02:45.643215+00:00 [info] <0.221.0> Running boot step pre_flight defined by app rabbit
2022-07-13 09:02:45.643319+00:00 [info] <0.221.0> Running boot step notify_cluster defined by app rabbit
2022-07-13 09:02:45.643441+00:00 [info] <0.221.0> Running boot step networking defined by app rabbit
2022-07-13 09:02:45.643509+00:00 [info] <0.221.0> Running boot step rabbit_maintenance_mode_state defined by app rabbit
2022-07-13 09:02:45.643571+00:00 [info] <0.221.0> Creating table rabbit_node_maintenance_states for feature flag `maintenance_mode_status`
2022-07-13 09:02:45.643927+00:00 [info] <0.221.0> Running boot step definition_import_worker_pool defined by app rabbit
2022-07-13 09:02:45.644165+00:00 [info] <0.279.0> Starting worker pool 'definition_import_pool' with 4 processes in it
2022-07-13 09:02:45.644850+00:00 [info] <0.221.0> Running boot step cluster_name defined by app rabbit
2022-07-13 09:02:45.645006+00:00 [info] <0.221.0> Initialising internal cluster ID to 'rabbitmq-cluster-id-HVeiUfti45-Vra70rjjw5A'
2022-07-13 09:02:45.649622+00:00 [info] <0.221.0> Running boot step direct_client defined by app rabbit
2022-07-13 09:02:45.649963+00:00 [info] <0.221.0> Running boot step rabbit_management_load_definitions defined by app rabbitmq_management
2022-07-13 09:02:45.650280+00:00 [info] <0.675.0> Resetting node maintenance status
2022-07-13 09:02:45.689256+00:00 [info] <0.734.0> Management plugin: HTTP (non-TLS) listener started on port 15672
2022-07-13 09:02:45.689540+00:00 [info] <0.762.0> Statistics database started.
2022-07-13 09:02:45.689734+00:00 [info] <0.761.0> Starting worker pool 'management_worker_pool' with 3 processes in it
2022-07-13 09:02:45.690538+00:00 [info] <0.771.0> rabbit_stomp: default user 'guest' enabled
2022-07-13 09:02:45.691970+00:00 [info] <0.790.0> started STOMP TCP listener on [::]:61613
2022-07-13 09:02:45.693075+00:00 [info] <0.675.0> Ready to start client connection listeners
2022-07-13 09:02:45.696153+00:00 [info] <0.808.0> started TCP listener on [::]:5672
2022-07-13 09:02:45.969814+00:00 [info] <0.675.0> Server startup complete; 4 plugins started.
2022-07-13 09:02:45.969814+00:00 [info] <0.675.0>  * rabbitmq_stomp
2022-07-13 09:02:45.969814+00:00 [info] <0.675.0>  * rabbitmq_management
2022-07-13 09:02:45.969814+00:00 [info] <0.675.0>  * rabbitmq_web_dispatch
2022-07-13 09:02:45.969814+00:00 [info] <0.675.0>  * rabbitmq_management_agent
2022-07-13 09:02:46.877736+00:00 [info] <0.812.0> accepting AMQP connection <0.812.0> (172.20.0.1:39166 -> 172.20.0.3:5672)
2022-07-13 09:02:46.878095+00:00 [error] <0.812.0> closing AMQP connection <0.812.0> (172.20.0.1:39166 -> 172.20.0.3:5672):
2022-07-13 09:02:46.878095+00:00 [error] <0.812.0> {bad_header,<<"GET / HT">>}
2022-07-13 09:02:47.998872+00:00 [info] <0.817.0> accepting AMQP connection <0.817.0> (172.20.0.1:39168 -> 172.20.0.3:5672)
2022-07-13 09:02:47.999189+00:00 [error] <0.817.0> closing AMQP connection <0.817.0> (172.20.0.1:39168 -> 172.20.0.3:5672):
2022-07-13 09:02:47.999189+00:00 [error] <0.817.0> {bad_header,<<"GET / HT">>}
2022-07-13 09:02:57.145575+00:00 [info] <0.820.0> accepting AMQP connection <0.820.0> (172.20.0.1:39170 -> 172.20.0.3:5672)
2022-07-13 09:02:57.145815+00:00 [error] <0.820.0> closing AMQP connection <0.820.0> (172.20.0.1:39170 -> 172.20.0.3:5672):
2022-07-13 09:02:57.145815+00:00 [error] <0.820.0> {handshake_timeout,handshake}
2022-07-13 09:03:18.095605+00:00 [warning] <0.852.0> HTTP access denied: user 'guest' - User can only log in via localhost
2022-07-13 09:03:19.687586+00:00 [warning] <0.856.0> HTTP access denied: user 'guest' - User can only log in via localhost
2022-07-13 09:03:50.938632+00:00 [warning] <0.882.0> HTTP access denied: user 'guest' - User can only log in via localhost
2022-07-13 09:03:52.679514+00:00 [warning] <0.884.0> HTTP access denied: user 'guest' - User can only log in via localhost
