2022-07-13 07:55:11.438959+00:00 [notice] <0.221.0> Logging: configured log handlers are now ACTIVE
2022-07-13 07:55:12.114534+00:00 [info] <0.221.0> ra: starting system quorum_queues
2022-07-13 07:55:12.114691+00:00 [info] <0.221.0> starting Ra system: quorum_queues in directory: /var/lib/rabbitmq/mnesia/rabbit@21732e375fff/quorum/rabbit@21732e375fff
2022-07-13 07:55:12.561526+00:00 [info] <0.260.0> ra system 'quorum_queues' running pre init for 0 registered servers
2022-07-13 07:55:12.595254+00:00 [info] <0.261.0> ra: meta data store initialised for system quorum_queues. 0 record(s) recovered
2022-07-13 07:55:12.631946+00:00 [notice] <0.266.0> WAL: ra_log_wal init, open tbls: ra_log_open_mem_tables, closed tbls: ra_log_closed_mem_tables
2022-07-13 07:55:12.666943+00:00 [info] <0.221.0> ra: starting system coordination
2022-07-13 07:55:12.667038+00:00 [info] <0.221.0> starting Ra system: coordination in directory: /var/lib/rabbitmq/mnesia/rabbit@21732e375fff/coordination/rabbit@21732e375fff
2022-07-13 07:55:12.685418+00:00 [info] <0.273.0> ra system 'coordination' running pre init for 0 registered servers
2022-07-13 07:55:12.692434+00:00 [info] <0.274.0> ra: meta data store initialised for system coordination. 0 record(s) recovered
2022-07-13 07:55:12.692828+00:00 [notice] <0.279.0> WAL: ra_coordination_log_wal init, open tbls: ra_coordination_log_open_mem_tables, closed tbls: ra_coordination_log_closed_mem_tables
2022-07-13 07:55:12.714035+00:00 [info] <0.221.0> 
2022-07-13 07:55:12.714035+00:00 [info] <0.221.0>  Starting RabbitMQ 3.10.6 on Erlang 24.3.4.2 [jit]
2022-07-13 07:55:12.714035+00:00 [info] <0.221.0>  Copyright (c) 2007-2022 VMware, Inc. or its affiliates.
2022-07-13 07:55:12.714035+00:00 [info] <0.221.0>  Licensed under the MPL 2.0. Website: https://rabbitmq.com
2022-07-13 07:55:12.716787+00:00 [info] <0.221.0> 
2022-07-13 07:55:12.716787+00:00 [info] <0.221.0>  node           : rabbit@21732e375fff
2022-07-13 07:55:12.716787+00:00 [info] <0.221.0>  home dir       : /var/lib/rabbitmq
2022-07-13 07:55:12.716787+00:00 [info] <0.221.0>  config file(s) : (none)
2022-07-13 07:55:12.716787+00:00 [info] <0.221.0>  cookie hash    : 53fI/UoFG7POQpSMtYwCyw==
2022-07-13 07:55:12.716787+00:00 [info] <0.221.0>  log(s)         : /var/log/rabbitmq/rabbit@21732e375fff.log
2022-07-13 07:55:12.716787+00:00 [info] <0.221.0>                 : /var/log/rabbitmq/rabbit@21732e375fff_upgrade.log
2022-07-13 07:55:12.716787+00:00 [info] <0.221.0>                 : <stdout>
2022-07-13 07:55:12.716787+00:00 [info] <0.221.0>  database dir   : /var/lib/rabbitmq/mnesia/rabbit@21732e375fff
2022-07-13 07:55:18.406119+00:00 [info] <0.221.0> Running boot step pre_boot defined by app rabbit
2022-07-13 07:55:18.406293+00:00 [info] <0.221.0> Running boot step rabbit_global_counters defined by app rabbit
2022-07-13 07:55:18.406963+00:00 [info] <0.221.0> Running boot step rabbit_osiris_metrics defined by app rabbit
2022-07-13 07:55:18.407272+00:00 [info] <0.221.0> Running boot step rabbit_core_metrics defined by app rabbit
2022-07-13 07:55:18.408070+00:00 [info] <0.221.0> Running boot step rabbit_alarm defined by app rabbit
2022-07-13 07:55:18.414472+00:00 [info] <0.290.0> Memory high watermark set to 390 MiB (409441075 bytes) of 976 MiB (1023602688 bytes) total
2022-07-13 07:55:18.423789+00:00 [info] <0.292.0> Enabling free disk space monitoring
2022-07-13 07:55:18.423892+00:00 [info] <0.292.0> Disk free limit set to 50MB
2022-07-13 07:55:18.429847+00:00 [info] <0.221.0> Running boot step code_server_cache defined by app rabbit
2022-07-13 07:55:18.430070+00:00 [info] <0.221.0> Running boot step file_handle_cache defined by app rabbit
2022-07-13 07:55:18.430459+00:00 [info] <0.297.0> Limiting to approx 1048479 file handles (943629 sockets)
2022-07-13 07:55:18.430698+00:00 [info] <0.298.0> FHC read buffering: OFF
2022-07-13 07:55:18.430808+00:00 [info] <0.298.0> FHC write buffering: ON
2022-07-13 07:55:18.432542+00:00 [info] <0.221.0> Running boot step worker_pool defined by app rabbit
2022-07-13 07:55:18.433313+00:00 [info] <0.281.0> Will use 4 processes for default worker pool
2022-07-13 07:55:18.433506+00:00 [info] <0.281.0> Starting worker pool 'worker_pool' with 4 processes in it
2022-07-13 07:55:18.434684+00:00 [info] <0.221.0> Running boot step database defined by app rabbit
2022-07-13 07:55:18.437823+00:00 [info] <0.221.0> Node database directory at /var/lib/rabbitmq/mnesia/rabbit@21732e375fff is empty. Assuming we need to join an existing cluster or initialise from scratch...
2022-07-13 07:55:18.438035+00:00 [info] <0.221.0> Configured peer discovery backend: rabbit_peer_discovery_classic_config
2022-07-13 07:55:18.438103+00:00 [info] <0.221.0> Will try to lock with peer discovery backend rabbit_peer_discovery_classic_config
2022-07-13 07:55:18.438321+00:00 [info] <0.221.0> All discovered existing cluster peers:
2022-07-13 07:55:18.438371+00:00 [info] <0.221.0> Discovered no peer nodes to cluster with. Some discovery backends can filter nodes out based on a readiness criteria. Enabling debug logging might help troubleshoot.
2022-07-13 07:55:18.443491+00:00 [notice] <0.44.0> Application mnesia exited with reason: stopped
2022-07-13 07:55:19.110536+00:00 [info] <0.221.0> Waiting for Mnesia tables for 30000 ms, 9 retries left
2022-07-13 07:55:19.110957+00:00 [info] <0.221.0> Successfully synced tables from a peer
2022-07-13 07:55:19.130859+00:00 [info] <0.221.0> Waiting for Mnesia tables for 30000 ms, 9 retries left
2022-07-13 07:55:19.131118+00:00 [info] <0.221.0> Successfully synced tables from a peer
2022-07-13 07:55:19.131218+00:00 [info] <0.221.0> Feature flag `classic_mirrored_queue_version`: supported, attempt to enable...
2022-07-13 07:55:19.131432+00:00 [info] <0.221.0> Feature flag `classic_mirrored_queue_version`: mark as enabled=state_changing
2022-07-13 07:55:19.133189+00:00 [info] <0.221.0> Feature flags: list of feature flags found:
2022-07-13 07:55:19.133542+00:00 [info] <0.221.0> Feature flags:   [~] classic_mirrored_queue_version
2022-07-13 07:55:19.133603+00:00 [info] <0.221.0> Feature flags:   [ ] implicit_default_bindings
2022-07-13 07:55:19.133645+00:00 [info] <0.221.0> Feature flags:   [ ] maintenance_mode_status
2022-07-13 07:55:19.135469+00:00 [info] <0.221.0> Feature flags:   [ ] quorum_queue
2022-07-13 07:55:19.135577+00:00 [info] <0.221.0> Feature flags:   [ ] stream_queue
2022-07-13 07:55:19.135651+00:00 [info] <0.221.0> Feature flags:   [ ] user_limits
2022-07-13 07:55:19.135695+00:00 [info] <0.221.0> Feature flags:   [ ] virtual_host_metadata
2022-07-13 07:55:19.135809+00:00 [info] <0.221.0> Feature flags: feature flag states written to disk: yes
2022-07-13 07:55:19.160579+00:00 [info] <0.221.0> Feature flag `classic_mirrored_queue_version`: mark as enabled=true
2022-07-13 07:55:19.167871+00:00 [info] <0.221.0> Feature flags: list of feature flags found:
2022-07-13 07:55:19.168064+00:00 [info] <0.221.0> Feature flags:   [x] classic_mirrored_queue_version
2022-07-13 07:55:19.168192+00:00 [info] <0.221.0> Feature flags:   [ ] implicit_default_bindings
2022-07-13 07:55:19.168331+00:00 [info] <0.221.0> Feature flags:   [ ] maintenance_mode_status
2022-07-13 07:55:19.168428+00:00 [info] <0.221.0> Feature flags:   [ ] quorum_queue
2022-07-13 07:55:19.168512+00:00 [info] <0.221.0> Feature flags:   [ ] stream_queue
2022-07-13 07:55:19.168592+00:00 [info] <0.221.0> Feature flags:   [ ] user_limits
2022-07-13 07:55:19.168686+00:00 [info] <0.221.0> Feature flags:   [ ] virtual_host_metadata
2022-07-13 07:55:19.168736+00:00 [info] <0.221.0> Feature flags: feature flag states written to disk: yes
2022-07-13 07:55:19.185218+00:00 [info] <0.221.0> Feature flag `implicit_default_bindings`: supported, attempt to enable...
2022-07-13 07:55:19.185422+00:00 [info] <0.221.0> Feature flag `implicit_default_bindings`: mark as enabled=state_changing
2022-07-13 07:55:19.187027+00:00 [info] <0.221.0> Feature flags: list of feature flags found:
2022-07-13 07:55:19.187161+00:00 [info] <0.221.0> Feature flags:   [x] classic_mirrored_queue_version
2022-07-13 07:55:19.187276+00:00 [info] <0.221.0> Feature flags:   [~] implicit_default_bindings
2022-07-13 07:55:19.187362+00:00 [info] <0.221.0> Feature flags:   [ ] maintenance_mode_status
2022-07-13 07:55:19.187488+00:00 [info] <0.221.0> Feature flags:   [ ] quorum_queue
2022-07-13 07:55:19.187557+00:00 [info] <0.221.0> Feature flags:   [ ] stream_queue
2022-07-13 07:55:19.187602+00:00 [info] <0.221.0> Feature flags:   [ ] user_limits
2022-07-13 07:55:19.187654+00:00 [info] <0.221.0> Feature flags:   [ ] virtual_host_metadata
2022-07-13 07:55:19.187846+00:00 [info] <0.221.0> Feature flags: feature flag states written to disk: yes
2022-07-13 07:55:19.200341+00:00 [info] <0.221.0> Waiting for Mnesia tables for 30000 ms, 0 retries left
2022-07-13 07:55:19.200640+00:00 [info] <0.221.0> Successfully synced tables from a peer
2022-07-13 07:55:19.200811+00:00 [info] <0.221.0> Feature flag `implicit_default_bindings`: mark as enabled=true
2022-07-13 07:55:19.214485+00:00 [info] <0.221.0> Feature flags: list of feature flags found:
2022-07-13 07:55:19.214581+00:00 [info] <0.221.0> Feature flags:   [x] classic_mirrored_queue_version
2022-07-13 07:55:19.214778+00:00 [info] <0.221.0> Feature flags:   [x] implicit_default_bindings
2022-07-13 07:55:19.214828+00:00 [info] <0.221.0> Feature flags:   [ ] maintenance_mode_status
2022-07-13 07:55:19.214874+00:00 [info] <0.221.0> Feature flags:   [ ] quorum_queue
2022-07-13 07:55:19.214970+00:00 [info] <0.221.0> Feature flags:   [ ] stream_queue
2022-07-13 07:55:19.215065+00:00 [info] <0.221.0> Feature flags:   [ ] user_limits
2022-07-13 07:55:19.215154+00:00 [info] <0.221.0> Feature flags:   [ ] virtual_host_metadata
2022-07-13 07:55:19.215252+00:00 [info] <0.221.0> Feature flags: feature flag states written to disk: yes
2022-07-13 07:55:19.228877+00:00 [info] <0.221.0> Feature flag `maintenance_mode_status`: supported, attempt to enable...
2022-07-13 07:55:19.229086+00:00 [info] <0.221.0> Feature flag `maintenance_mode_status`: mark as enabled=state_changing
2022-07-13 07:55:19.230131+00:00 [info] <0.221.0> Feature flags: list of feature flags found:
2022-07-13 07:55:19.230270+00:00 [info] <0.221.0> Feature flags:   [x] classic_mirrored_queue_version
2022-07-13 07:55:19.230311+00:00 [info] <0.221.0> Feature flags:   [x] implicit_default_bindings
2022-07-13 07:55:19.230350+00:00 [info] <0.221.0> Feature flags:   [~] maintenance_mode_status
2022-07-13 07:55:19.230461+00:00 [info] <0.221.0> Feature flags:   [ ] quorum_queue
2022-07-13 07:55:19.230519+00:00 [info] <0.221.0> Feature flags:   [ ] stream_queue
2022-07-13 07:55:19.230614+00:00 [info] <0.221.0> Feature flags:   [ ] user_limits
2022-07-13 07:55:19.230649+00:00 [info] <0.221.0> Feature flags:   [ ] virtual_host_metadata
2022-07-13 07:55:19.230702+00:00 [info] <0.221.0> Feature flags: feature flag states written to disk: yes
2022-07-13 07:55:19.244433+00:00 [info] <0.221.0> Creating table rabbit_node_maintenance_states for feature flag `maintenance_mode_status`
2022-07-13 07:55:19.276322+00:00 [info] <0.221.0> Feature flag `maintenance_mode_status`: mark as enabled=true
2022-07-13 07:55:19.293981+00:00 [info] <0.221.0> Feature flags: list of feature flags found:
2022-07-13 07:55:19.294152+00:00 [info] <0.221.0> Feature flags:   [x] classic_mirrored_queue_version
2022-07-13 07:55:19.294216+00:00 [info] <0.221.0> Feature flags:   [x] implicit_default_bindings
2022-07-13 07:55:19.294354+00:00 [info] <0.221.0> Feature flags:   [x] maintenance_mode_status
2022-07-13 07:55:19.294439+00:00 [info] <0.221.0> Feature flags:   [ ] quorum_queue
2022-07-13 07:55:19.294484+00:00 [info] <0.221.0> Feature flags:   [ ] stream_queue
2022-07-13 07:55:19.294611+00:00 [info] <0.221.0> Feature flags:   [ ] user_limits
2022-07-13 07:55:19.294717+00:00 [info] <0.221.0> Feature flags:   [ ] virtual_host_metadata
2022-07-13 07:55:19.294811+00:00 [info] <0.221.0> Feature flags: feature flag states written to disk: yes
2022-07-13 07:55:19.308435+00:00 [info] <0.221.0> Feature flag `quorum_queue`: supported, attempt to enable...
2022-07-13 07:55:19.308646+00:00 [info] <0.221.0> Feature flag `quorum_queue`: mark as enabled=state_changing
2022-07-13 07:55:19.309965+00:00 [info] <0.221.0> Feature flags: list of feature flags found:
2022-07-13 07:55:19.310115+00:00 [info] <0.221.0> Feature flags:   [x] classic_mirrored_queue_version
2022-07-13 07:55:19.310215+00:00 [info] <0.221.0> Feature flags:   [x] implicit_default_bindings
2022-07-13 07:55:19.310302+00:00 [info] <0.221.0> Feature flags:   [x] maintenance_mode_status
2022-07-13 07:55:19.310453+00:00 [info] <0.221.0> Feature flags:   [~] quorum_queue
2022-07-13 07:55:19.310560+00:00 [info] <0.221.0> Feature flags:   [ ] stream_queue
2022-07-13 07:55:19.310627+00:00 [info] <0.221.0> Feature flags:   [ ] user_limits
2022-07-13 07:55:19.310726+00:00 [info] <0.221.0> Feature flags:   [ ] virtual_host_metadata
2022-07-13 07:55:19.310772+00:00 [info] <0.221.0> Feature flags: feature flag states written to disk: yes
2022-07-13 07:55:19.322731+00:00 [info] <0.221.0> Waiting for Mnesia tables for 30000 ms, 9 retries left
2022-07-13 07:55:19.323027+00:00 [info] <0.221.0> Successfully synced tables from a peer
2022-07-13 07:55:19.323167+00:00 [info] <0.221.0> Feature flag `quorum_queue`:   migrating Mnesia table rabbit_queue...
2022-07-13 07:55:19.433370+00:00 [info] <0.221.0> Feature flag `quorum_queue`:   migrating Mnesia table rabbit_durable_queue...
2022-07-13 07:55:19.568852+00:00 [info] <0.221.0> Feature flag `quorum_queue`:   Mnesia tables migration done
2022-07-13 07:55:19.569080+00:00 [info] <0.221.0> Feature flag `quorum_queue`: mark as enabled=true
2022-07-13 07:55:19.581253+00:00 [info] <0.221.0> Feature flags: list of feature flags found:
2022-07-13 07:55:19.581413+00:00 [info] <0.221.0> Feature flags:   [x] classic_mirrored_queue_version
2022-07-13 07:55:19.581561+00:00 [info] <0.221.0> Feature flags:   [x] implicit_default_bindings
2022-07-13 07:55:19.581628+00:00 [info] <0.221.0> Feature flags:   [x] maintenance_mode_status
2022-07-13 07:55:19.581678+00:00 [info] <0.221.0> Feature flags:   [x] quorum_queue
2022-07-13 07:55:19.581781+00:00 [info] <0.221.0> Feature flags:   [ ] stream_queue
2022-07-13 07:55:19.582016+00:00 [info] <0.221.0> Feature flags:   [ ] user_limits
2022-07-13 07:55:19.582081+00:00 [info] <0.221.0> Feature flags:   [ ] virtual_host_metadata
2022-07-13 07:55:19.582156+00:00 [info] <0.221.0> Feature flags: feature flag states written to disk: yes
2022-07-13 07:55:19.597053+00:00 [info] <0.221.0> Feature flag `stream_queue`: supported, attempt to enable...
2022-07-13 07:55:19.597270+00:00 [info] <0.221.0> Feature flag `stream_queue`: mark as enabled=state_changing
2022-07-13 07:55:19.598927+00:00 [info] <0.221.0> Feature flags: list of feature flags found:
2022-07-13 07:55:19.599181+00:00 [info] <0.221.0> Feature flags:   [x] classic_mirrored_queue_version
2022-07-13 07:55:19.599293+00:00 [info] <0.221.0> Feature flags:   [x] implicit_default_bindings
2022-07-13 07:55:19.599344+00:00 [info] <0.221.0> Feature flags:   [x] maintenance_mode_status
2022-07-13 07:55:19.599406+00:00 [info] <0.221.0> Feature flags:   [x] quorum_queue
2022-07-13 07:55:19.599462+00:00 [info] <0.221.0> Feature flags:   [~] stream_queue
2022-07-13 07:55:19.599554+00:00 [info] <0.221.0> Feature flags:   [ ] user_limits
2022-07-13 07:55:19.599606+00:00 [info] <0.221.0> Feature flags:   [ ] virtual_host_metadata
2022-07-13 07:55:19.599878+00:00 [info] <0.221.0> Feature flags: feature flag states written to disk: yes
2022-07-13 07:55:19.613496+00:00 [info] <0.221.0> Feature flag `stream_queue`: mark as enabled=true
2022-07-13 07:55:19.624836+00:00 [info] <0.221.0> Feature flags: list of feature flags found:
2022-07-13 07:55:19.624967+00:00 [info] <0.221.0> Feature flags:   [x] classic_mirrored_queue_version
2022-07-13 07:55:19.625036+00:00 [info] <0.221.0> Feature flags:   [x] implicit_default_bindings
2022-07-13 07:55:19.625078+00:00 [info] <0.221.0> Feature flags:   [x] maintenance_mode_status
2022-07-13 07:55:19.625125+00:00 [info] <0.221.0> Feature flags:   [x] quorum_queue
2022-07-13 07:55:19.625229+00:00 [info] <0.221.0> Feature flags:   [x] stream_queue
2022-07-13 07:55:19.625328+00:00 [info] <0.221.0> Feature flags:   [ ] user_limits
2022-07-13 07:55:19.625413+00:00 [info] <0.221.0> Feature flags:   [ ] virtual_host_metadata
2022-07-13 07:55:19.625510+00:00 [info] <0.221.0> Feature flags: feature flag states written to disk: yes
2022-07-13 07:55:19.640737+00:00 [info] <0.221.0> Feature flag `user_limits`: supported, attempt to enable...
2022-07-13 07:55:19.640952+00:00 [info] <0.221.0> Feature flag `user_limits`: mark as enabled=state_changing
2022-07-13 07:55:19.642296+00:00 [info] <0.221.0> Feature flags: list of feature flags found:
2022-07-13 07:55:19.642377+00:00 [info] <0.221.0> Feature flags:   [x] classic_mirrored_queue_version
2022-07-13 07:55:19.642418+00:00 [info] <0.221.0> Feature flags:   [x] implicit_default_bindings
2022-07-13 07:55:19.642447+00:00 [info] <0.221.0> Feature flags:   [x] maintenance_mode_status
2022-07-13 07:55:19.642602+00:00 [info] <0.221.0> Feature flags:   [x] quorum_queue
2022-07-13 07:55:19.642657+00:00 [info] <0.221.0> Feature flags:   [x] stream_queue
2022-07-13 07:55:19.642683+00:00 [info] <0.221.0> Feature flags:   [~] user_limits
2022-07-13 07:55:19.642733+00:00 [info] <0.221.0> Feature flags:   [ ] virtual_host_metadata
2022-07-13 07:55:19.642935+00:00 [info] <0.221.0> Feature flags: feature flag states written to disk: yes
2022-07-13 07:55:19.657943+00:00 [info] <0.221.0> Waiting for Mnesia tables for 30000 ms, 9 retries left
2022-07-13 07:55:19.658213+00:00 [info] <0.221.0> Successfully synced tables from a peer
2022-07-13 07:55:19.791593+00:00 [info] <0.221.0> Feature flag `user_limits`: mark as enabled=true
2022-07-13 07:55:19.805344+00:00 [info] <0.221.0> Feature flags: list of feature flags found:
2022-07-13 07:55:19.805513+00:00 [info] <0.221.0> Feature flags:   [x] classic_mirrored_queue_version
2022-07-13 07:55:19.805598+00:00 [info] <0.221.0> Feature flags:   [x] implicit_default_bindings
2022-07-13 07:55:19.805720+00:00 [info] <0.221.0> Feature flags:   [x] maintenance_mode_status
2022-07-13 07:55:19.805816+00:00 [info] <0.221.0> Feature flags:   [x] quorum_queue
2022-07-13 07:55:19.805916+00:00 [info] <0.221.0> Feature flags:   [x] stream_queue
2022-07-13 07:55:19.806000+00:00 [info] <0.221.0> Feature flags:   [x] user_limits
2022-07-13 07:55:19.806078+00:00 [info] <0.221.0> Feature flags:   [ ] virtual_host_metadata
2022-07-13 07:55:19.806165+00:00 [info] <0.221.0> Feature flags: feature flag states written to disk: yes
2022-07-13 07:55:19.821453+00:00 [info] <0.221.0> Feature flag `virtual_host_metadata`: supported, attempt to enable...
2022-07-13 07:55:19.821630+00:00 [info] <0.221.0> Feature flag `virtual_host_metadata`: mark as enabled=state_changing
2022-07-13 07:55:19.822854+00:00 [info] <0.221.0> Feature flags: list of feature flags found:
2022-07-13 07:55:19.823046+00:00 [info] <0.221.0> Feature flags:   [x] classic_mirrored_queue_version
2022-07-13 07:55:19.823121+00:00 [info] <0.221.0> Feature flags:   [x] implicit_default_bindings
2022-07-13 07:55:19.823151+00:00 [info] <0.221.0> Feature flags:   [x] maintenance_mode_status
2022-07-13 07:55:19.823322+00:00 [info] <0.221.0> Feature flags:   [x] quorum_queue
2022-07-13 07:55:19.823447+00:00 [info] <0.221.0> Feature flags:   [x] stream_queue
2022-07-13 07:55:19.823487+00:00 [info] <0.221.0> Feature flags:   [x] user_limits
2022-07-13 07:55:19.823513+00:00 [info] <0.221.0> Feature flags:   [~] virtual_host_metadata
2022-07-13 07:55:19.823779+00:00 [info] <0.221.0> Feature flags: feature flag states written to disk: yes
2022-07-13 07:55:19.841141+00:00 [info] <0.221.0> Waiting for Mnesia tables for 30000 ms, 9 retries left
2022-07-13 07:55:19.841366+00:00 [info] <0.221.0> Successfully synced tables from a peer
2022-07-13 07:55:20.027625+00:00 [info] <0.221.0> Feature flag `virtual_host_metadata`: mark as enabled=true
2022-07-13 07:55:20.057103+00:00 [info] <0.221.0> Feature flags: list of feature flags found:
2022-07-13 07:55:20.057255+00:00 [info] <0.221.0> Feature flags:   [x] classic_mirrored_queue_version
2022-07-13 07:55:20.057370+00:00 [info] <0.221.0> Feature flags:   [x] implicit_default_bindings
2022-07-13 07:55:20.057444+00:00 [info] <0.221.0> Feature flags:   [x] maintenance_mode_status
2022-07-13 07:55:20.057513+00:00 [info] <0.221.0> Feature flags:   [x] quorum_queue
2022-07-13 07:55:20.057646+00:00 [info] <0.221.0> Feature flags:   [x] stream_queue
2022-07-13 07:55:20.057711+00:00 [info] <0.221.0> Feature flags:   [x] user_limits
2022-07-13 07:55:20.057766+00:00 [info] <0.221.0> Feature flags:   [x] virtual_host_metadata
2022-07-13 07:55:20.057832+00:00 [info] <0.221.0> Feature flags: feature flag states written to disk: yes
2022-07-13 07:55:20.074407+00:00 [info] <0.221.0> Waiting for Mnesia tables for 30000 ms, 9 retries left
2022-07-13 07:55:20.075428+00:00 [info] <0.221.0> Successfully synced tables from a peer
2022-07-13 07:55:20.156317+00:00 [info] <0.221.0> Waiting for Mnesia tables for 30000 ms, 9 retries left
2022-07-13 07:55:20.156685+00:00 [info] <0.221.0> Successfully synced tables from a peer
2022-07-13 07:55:20.156855+00:00 [info] <0.221.0> Peer discovery backend rabbit_peer_discovery_classic_config does not support registration, skipping registration.
2022-07-13 07:55:20.157052+00:00 [info] <0.221.0> Will try to unlock with peer discovery backend rabbit_peer_discovery_classic_config
2022-07-13 07:55:20.157342+00:00 [info] <0.221.0> Running boot step database_sync defined by app rabbit
2022-07-13 07:55:20.157717+00:00 [info] <0.221.0> Running boot step feature_flags defined by app rabbit
2022-07-13 07:55:20.161158+00:00 [info] <0.221.0> Running boot step codec_correctness_check defined by app rabbit
2022-07-13 07:55:20.161295+00:00 [info] <0.221.0> Running boot step external_infrastructure defined by app rabbit
2022-07-13 07:55:20.161350+00:00 [info] <0.221.0> Running boot step rabbit_registry defined by app rabbit
2022-07-13 07:55:20.161549+00:00 [info] <0.221.0> Running boot step rabbit_auth_mechanism_cr_demo defined by app rabbit
2022-07-13 07:55:20.161747+00:00 [info] <0.221.0> Running boot step rabbit_queue_location_random defined by app rabbit
2022-07-13 07:55:20.161926+00:00 [info] <0.221.0> Running boot step rabbit_event defined by app rabbit
2022-07-13 07:55:20.162264+00:00 [info] <0.221.0> Running boot step rabbit_auth_mechanism_amqplain defined by app rabbit
2022-07-13 07:55:20.162435+00:00 [info] <0.221.0> Running boot step rabbit_auth_mechanism_plain defined by app rabbit
2022-07-13 07:55:20.162676+00:00 [info] <0.221.0> Running boot step rabbit_exchange_type_direct defined by app rabbit
2022-07-13 07:55:20.162865+00:00 [info] <0.221.0> Running boot step rabbit_exchange_type_fanout defined by app rabbit
2022-07-13 07:55:20.163155+00:00 [info] <0.221.0> Running boot step rabbit_exchange_type_headers defined by app rabbit
2022-07-13 07:55:20.163360+00:00 [info] <0.221.0> Running boot step rabbit_exchange_type_topic defined by app rabbit
2022-07-13 07:55:20.163622+00:00 [info] <0.221.0> Running boot step rabbit_mirror_queue_mode_all defined by app rabbit
2022-07-13 07:55:20.163823+00:00 [info] <0.221.0> Running boot step rabbit_mirror_queue_mode_exactly defined by app rabbit
2022-07-13 07:55:20.163984+00:00 [info] <0.221.0> Running boot step rabbit_mirror_queue_mode_nodes defined by app rabbit
2022-07-13 07:55:20.164405+00:00 [info] <0.221.0> Running boot step rabbit_priority_queue defined by app rabbit
2022-07-13 07:55:20.164645+00:00 [info] <0.221.0> Priority queues enabled, real BQ is rabbit_variable_queue
2022-07-13 07:55:20.165036+00:00 [info] <0.221.0> Running boot step rabbit_queue_location_client_local defined by app rabbit
2022-07-13 07:55:20.165666+00:00 [info] <0.221.0> Running boot step rabbit_queue_location_min_masters defined by app rabbit
2022-07-13 07:55:20.166082+00:00 [info] <0.221.0> Running boot step kernel_ready defined by app rabbit
2022-07-13 07:55:20.166226+00:00 [info] <0.221.0> Running boot step rabbit_sysmon_minder defined by app rabbit
2022-07-13 07:55:20.167347+00:00 [info] <0.221.0> Running boot step rabbit_epmd_monitor defined by app rabbit
2022-07-13 07:55:20.168969+00:00 [info] <0.556.0> epmd monitor knows us, inter-node communication (distribution) port: 25672
2022-07-13 07:55:20.169252+00:00 [info] <0.221.0> Running boot step guid_generator defined by app rabbit
2022-07-13 07:55:20.189810+00:00 [info] <0.221.0> Running boot step rabbit_node_monitor defined by app rabbit
2022-07-13 07:55:20.190399+00:00 [info] <0.560.0> Starting rabbit_node_monitor
2022-07-13 07:55:20.190624+00:00 [info] <0.221.0> Running boot step delegate_sup defined by app rabbit
2022-07-13 07:55:20.191650+00:00 [info] <0.221.0> Running boot step rabbit_memory_monitor defined by app rabbit
2022-07-13 07:55:20.192229+00:00 [info] <0.221.0> Running boot step rabbit_fifo_dlx_sup defined by app rabbit
2022-07-13 07:55:20.192499+00:00 [info] <0.221.0> Running boot step core_initialized defined by app rabbit
2022-07-13 07:55:20.192612+00:00 [info] <0.221.0> Running boot step upgrade_queues defined by app rabbit
2022-07-13 07:55:20.222779+00:00 [info] <0.221.0> message_store upgrades: 1 to apply
2022-07-13 07:55:20.223037+00:00 [info] <0.221.0> message_store upgrades: Applying rabbit_variable_queue:move_messages_to_vhost_store
2022-07-13 07:55:20.223462+00:00 [info] <0.221.0> message_store upgrades: No durable queues found. Skipping message store migration
2022-07-13 07:55:20.223581+00:00 [info] <0.221.0> message_store upgrades: Removing the old message store data
2022-07-13 07:55:20.227551+00:00 [info] <0.221.0> message_store upgrades: All upgrades applied successfully
2022-07-13 07:55:20.280201+00:00 [info] <0.221.0> Running boot step channel_tracking defined by app rabbit
2022-07-13 07:55:20.306501+00:00 [info] <0.221.0> Setting up a table for channel tracking on this node: tracked_channel_on_node_rabbit@21732e375fff
2022-07-13 07:55:20.339125+00:00 [info] <0.221.0> Setting up a table for channel tracking on this node: tracked_channel_table_per_user_on_node_rabbit@21732e375fff
2022-07-13 07:55:20.340124+00:00 [info] <0.221.0> Running boot step rabbit_channel_tracking_handler defined by app rabbit
2022-07-13 07:55:20.340594+00:00 [info] <0.221.0> Running boot step connection_tracking defined by app rabbit
2022-07-13 07:55:20.374382+00:00 [info] <0.221.0> Setting up a table for connection tracking on this node: tracked_connection_on_node_rabbit@21732e375fff
2022-07-13 07:55:20.409256+00:00 [info] <0.221.0> Setting up a table for per-vhost connection counting on this node: tracked_connection_per_vhost_on_node_rabbit@21732e375fff
2022-07-13 07:55:20.437941+00:00 [info] <0.221.0> Setting up a table for per-user connection counting on this node: tracked_connection_table_per_user_on_node_rabbit@21732e375fff
2022-07-13 07:55:20.438779+00:00 [info] <0.221.0> Running boot step rabbit_connection_tracking_handler defined by app rabbit
2022-07-13 07:55:20.439226+00:00 [info] <0.221.0> Running boot step rabbit_definitions_hashing defined by app rabbit
2022-07-13 07:55:20.439457+00:00 [info] <0.221.0> Running boot step rabbit_exchange_parameters defined by app rabbit
2022-07-13 07:55:20.439761+00:00 [info] <0.221.0> Running boot step rabbit_mirror_queue_misc defined by app rabbit
2022-07-13 07:55:20.440173+00:00 [info] <0.221.0> Running boot step rabbit_policies defined by app rabbit
2022-07-13 07:55:20.440942+00:00 [info] <0.221.0> Running boot step rabbit_policy defined by app rabbit
2022-07-13 07:55:20.441217+00:00 [info] <0.221.0> Running boot step rabbit_queue_location_validator defined by app rabbit
2022-07-13 07:55:20.441379+00:00 [info] <0.221.0> Running boot step rabbit_quorum_memory_manager defined by app rabbit
2022-07-13 07:55:20.441543+00:00 [info] <0.221.0> Running boot step rabbit_stream_coordinator defined by app rabbit
2022-07-13 07:55:20.442128+00:00 [info] <0.221.0> Running boot step rabbit_vhost_limit defined by app rabbit
2022-07-13 07:55:20.442344+00:00 [info] <0.221.0> Running boot step recovery defined by app rabbit
2022-07-13 07:55:20.445232+00:00 [info] <0.221.0> Running boot step empty_db_check defined by app rabbit
2022-07-13 07:55:20.445403+00:00 [info] <0.221.0> Will seed default virtual host and user...
2022-07-13 07:55:20.445667+00:00 [info] <0.221.0> Adding vhost '/' (description: 'Default virtual host', tags: [])
2022-07-13 07:55:20.501426+00:00 [info] <0.617.0> Making sure data directory '/var/lib/rabbitmq/mnesia/rabbit@21732e375fff/msg_stores/vhosts/628WB79CIFDYO9LJI6DKMI09L' for vhost '/' exists
2022-07-13 07:55:20.529169+00:00 [info] <0.617.0> Setting segment_entry_count for vhost '/' with 0 queues to '2048'
2022-07-13 07:55:20.554536+00:00 [info] <0.617.0> Starting message stores for vhost '/'
2022-07-13 07:55:20.555233+00:00 [info] <0.622.0> Message store "628WB79CIFDYO9LJI6DKMI09L/msg_store_transient": using rabbit_msg_store_ets_index to provide index
2022-07-13 07:55:20.600227+00:00 [info] <0.617.0> Started message store of type transient for vhost '/'
2022-07-13 07:55:20.600792+00:00 [info] <0.626.0> Message store "628WB79CIFDYO9LJI6DKMI09L/msg_store_persistent": using rabbit_msg_store_ets_index to provide index
2022-07-13 07:55:20.610767+00:00 [warning] <0.626.0> Message store "628WB79CIFDYO9LJI6DKMI09L/msg_store_persistent": rebuilding indices from scratch
2022-07-13 07:55:20.622678+00:00 [info] <0.617.0> Started message store of type persistent for vhost '/'
2022-07-13 07:55:20.623000+00:00 [info] <0.617.0> Recovering 0 queues of type rabbit_classic_queue took 85ms
2022-07-13 07:55:20.623116+00:00 [info] <0.617.0> Recovering 0 queues of type rabbit_quorum_queue took 0ms
2022-07-13 07:55:20.623237+00:00 [info] <0.617.0> Recovering 0 queues of type rabbit_stream_queue took 0ms
2022-07-13 07:55:20.637213+00:00 [info] <0.221.0> Created user 'guest'
2022-07-13 07:55:20.642223+00:00 [info] <0.221.0> Successfully set user tags for user 'guest' to [administrator]
2022-07-13 07:55:20.646821+00:00 [info] <0.221.0> Successfully set permissions for 'guest' in virtual host '/' to '.*', '.*', '.*'
2022-07-13 07:55:20.647045+00:00 [info] <0.221.0> Running boot step rabbit_looking_glass defined by app rabbit
2022-07-13 07:55:20.647181+00:00 [info] <0.221.0> Running boot step rabbit_core_metrics_gc defined by app rabbit
2022-07-13 07:55:20.648159+00:00 [info] <0.221.0> Running boot step background_gc defined by app rabbit
2022-07-13 07:55:20.649039+00:00 [info] <0.221.0> Running boot step routing_ready defined by app rabbit
2022-07-13 07:55:20.649583+00:00 [info] <0.221.0> Running boot step pre_flight defined by app rabbit
2022-07-13 07:55:20.649749+00:00 [info] <0.221.0> Running boot step notify_cluster defined by app rabbit
2022-07-13 07:55:20.649952+00:00 [info] <0.221.0> Running boot step networking defined by app rabbit
2022-07-13 07:55:20.650134+00:00 [info] <0.221.0> Running boot step rabbit_maintenance_mode_state defined by app rabbit
2022-07-13 07:55:20.650242+00:00 [info] <0.221.0> Creating table rabbit_node_maintenance_states for feature flag `maintenance_mode_status`
2022-07-13 07:55:20.650802+00:00 [info] <0.221.0> Running boot step definition_import_worker_pool defined by app rabbit
2022-07-13 07:55:20.651086+00:00 [info] <0.281.0> Starting worker pool 'definition_import_pool' with 4 processes in it
2022-07-13 07:55:20.652898+00:00 [info] <0.221.0> Running boot step cluster_name defined by app rabbit
2022-07-13 07:55:20.653495+00:00 [info] <0.221.0> Initialising internal cluster ID to 'rabbitmq-cluster-id-uVoDoag4YKQGaSZt57XHdg'
2022-07-13 07:55:20.657286+00:00 [info] <0.221.0> Running boot step direct_client defined by app rabbit
2022-07-13 07:55:20.658598+00:00 [info] <0.660.0> Resetting node maintenance status
2022-07-13 07:55:20.659917+00:00 [info] <0.667.0> rabbit_stomp: default user 'guest' enabled
2022-07-13 07:55:20.663738+00:00 [info] <0.686.0> started STOMP TCP listener on [::]:61613
2022-07-13 07:55:20.667176+00:00 [info] <0.660.0> Ready to start client connection listeners
2022-07-13 07:55:20.671540+00:00 [info] <0.704.0> started TCP listener on [::]:5672
2022-07-13 07:55:20.840483+00:00 [info] <0.660.0> Server startup complete; 1 plugins started.
2022-07-13 07:55:20.840483+00:00 [info] <0.660.0>  * rabbitmq_stomp
2022-07-13 08:11:01.107169+00:00 [notice] <0.221.0> Logging: configured log handlers are now ACTIVE
2022-07-13 08:11:07.031314+00:00 [info] <0.221.0> ra: starting system quorum_queues
2022-07-13 08:11:07.031671+00:00 [info] <0.221.0> starting Ra system: quorum_queues in directory: /var/lib/rabbitmq/mnesia/rabbit@21732e375fff/quorum/rabbit@21732e375fff
2022-07-13 08:11:07.068565+00:00 [info] <0.290.0> ra system 'quorum_queues' running pre init for 0 registered servers
2022-07-13 08:11:07.089312+00:00 [info] <0.293.0> ra: meta data store initialised for system quorum_queues. 0 record(s) recovered
2022-07-13 08:11:07.089834+00:00 [notice] <0.302.0> WAL: ra_log_wal init, open tbls: ra_log_open_mem_tables, closed tbls: ra_log_closed_mem_tables
2022-07-13 08:11:07.139208+00:00 [info] <0.221.0> ra: starting system coordination
2022-07-13 08:11:07.139336+00:00 [info] <0.221.0> starting Ra system: coordination in directory: /var/lib/rabbitmq/mnesia/rabbit@21732e375fff/coordination/rabbit@21732e375fff
2022-07-13 08:11:07.179409+00:00 [info] <0.322.0> ra system 'coordination' running pre init for 0 registered servers
2022-07-13 08:11:07.192179+00:00 [info] <0.323.0> ra: meta data store initialised for system coordination. 0 record(s) recovered
2022-07-13 08:11:07.192958+00:00 [notice] <0.332.0> WAL: ra_coordination_log_wal init, open tbls: ra_coordination_log_open_mem_tables, closed tbls: ra_coordination_log_closed_mem_tables
2022-07-13 08:11:07.237275+00:00 [info] <0.221.0> 
2022-07-13 08:11:07.237275+00:00 [info] <0.221.0>  Starting RabbitMQ 3.10.6 on Erlang 24.3.4.2 [jit]
2022-07-13 08:11:07.237275+00:00 [info] <0.221.0>  Copyright (c) 2007-2022 VMware, Inc. or its affiliates.
2022-07-13 08:11:07.237275+00:00 [info] <0.221.0>  Licensed under the MPL 2.0. Website: https://rabbitmq.com
2022-07-13 08:11:07.241161+00:00 [info] <0.221.0> 
2022-07-13 08:11:07.241161+00:00 [info] <0.221.0>  node           : rabbit@21732e375fff
2022-07-13 08:11:07.241161+00:00 [info] <0.221.0>  home dir       : /var/lib/rabbitmq
2022-07-13 08:11:07.241161+00:00 [info] <0.221.0>  config file(s) : (none)
2022-07-13 08:11:07.241161+00:00 [info] <0.221.0>  cookie hash    : 53fI/UoFG7POQpSMtYwCyw==
2022-07-13 08:11:07.241161+00:00 [info] <0.221.0>  log(s)         : /var/log/rabbitmq/rabbit@21732e375fff.log
2022-07-13 08:11:07.241161+00:00 [info] <0.221.0>                 : /var/log/rabbitmq/rabbit@21732e375fff_upgrade.log
2022-07-13 08:11:07.241161+00:00 [info] <0.221.0>                 : <stdout>
2022-07-13 08:11:07.241161+00:00 [info] <0.221.0>  database dir   : /var/lib/rabbitmq/mnesia/rabbit@21732e375fff
2022-07-13 08:11:07.560210+00:00 [info] <0.221.0> Running boot step pre_boot defined by app rabbit
2022-07-13 08:11:07.560298+00:00 [info] <0.221.0> Running boot step rabbit_global_counters defined by app rabbit
2022-07-13 08:11:07.560730+00:00 [info] <0.221.0> Running boot step rabbit_osiris_metrics defined by app rabbit
2022-07-13 08:11:07.561068+00:00 [info] <0.221.0> Running boot step rabbit_core_metrics defined by app rabbit
2022-07-13 08:11:07.561881+00:00 [info] <0.221.0> Running boot step rabbit_alarm defined by app rabbit
2022-07-13 08:11:07.568039+00:00 [info] <0.366.0> Memory high watermark set to 390 MiB (409441075 bytes) of 976 MiB (1023602688 bytes) total
2022-07-13 08:11:07.576771+00:00 [info] <0.368.0> Enabling free disk space monitoring
2022-07-13 08:11:07.576882+00:00 [info] <0.368.0> Disk free limit set to 50MB
2022-07-13 08:11:07.583611+00:00 [info] <0.221.0> Running boot step code_server_cache defined by app rabbit
2022-07-13 08:11:07.583799+00:00 [info] <0.221.0> Running boot step file_handle_cache defined by app rabbit
2022-07-13 08:11:07.584139+00:00 [info] <0.373.0> Limiting to approx 1048479 file handles (943629 sockets)
2022-07-13 08:11:07.584368+00:00 [info] <0.374.0> FHC read buffering: OFF
2022-07-13 08:11:07.584427+00:00 [info] <0.374.0> FHC write buffering: ON
2022-07-13 08:11:07.585275+00:00 [info] <0.221.0> Running boot step worker_pool defined by app rabbit
2022-07-13 08:11:07.585501+00:00 [info] <0.346.0> Will use 4 processes for default worker pool
2022-07-13 08:11:07.585591+00:00 [info] <0.346.0> Starting worker pool 'worker_pool' with 4 processes in it
2022-07-13 08:11:07.586271+00:00 [info] <0.221.0> Running boot step database defined by app rabbit
2022-07-13 08:11:07.605878+00:00 [info] <0.221.0> Waiting for Mnesia tables for 30000 ms, 9 retries left
2022-07-13 08:11:07.608037+00:00 [info] <0.221.0> Successfully synced tables from a peer
2022-07-13 08:11:07.608145+00:00 [info] <0.221.0> Waiting for Mnesia tables for 30000 ms, 9 retries left
2022-07-13 08:11:07.608305+00:00 [info] <0.221.0> Successfully synced tables from a peer
2022-07-13 08:11:07.649299+00:00 [info] <0.221.0> Waiting for Mnesia tables for 30000 ms, 9 retries left
2022-07-13 08:11:07.649540+00:00 [info] <0.221.0> Successfully synced tables from a peer
2022-07-13 08:11:07.649624+00:00 [info] <0.221.0> Peer discovery backend rabbit_peer_discovery_classic_config does not support registration, skipping registration.
2022-07-13 08:11:07.649764+00:00 [info] <0.221.0> Running boot step database_sync defined by app rabbit
2022-07-13 08:11:07.650059+00:00 [info] <0.221.0> Running boot step feature_flags defined by app rabbit
2022-07-13 08:11:07.653305+00:00 [info] <0.221.0> Running boot step codec_correctness_check defined by app rabbit
2022-07-13 08:11:07.653446+00:00 [info] <0.221.0> Running boot step external_infrastructure defined by app rabbit
2022-07-13 08:11:07.653484+00:00 [info] <0.221.0> Running boot step rabbit_registry defined by app rabbit
2022-07-13 08:11:07.653688+00:00 [info] <0.221.0> Running boot step rabbit_auth_mechanism_cr_demo defined by app rabbit
2022-07-13 08:11:07.653803+00:00 [info] <0.221.0> Running boot step rabbit_queue_location_random defined by app rabbit
2022-07-13 08:11:07.653867+00:00 [info] <0.221.0> Running boot step rabbit_event defined by app rabbit
2022-07-13 08:11:07.654025+00:00 [info] <0.221.0> Running boot step rabbit_auth_mechanism_amqplain defined by app rabbit
2022-07-13 08:11:07.654161+00:00 [info] <0.221.0> Running boot step rabbit_auth_mechanism_plain defined by app rabbit
2022-07-13 08:11:07.654262+00:00 [info] <0.221.0> Running boot step rabbit_exchange_type_direct defined by app rabbit
2022-07-13 08:11:07.654313+00:00 [info] <0.221.0> Running boot step rabbit_exchange_type_fanout defined by app rabbit
2022-07-13 08:11:07.654367+00:00 [info] <0.221.0> Running boot step rabbit_exchange_type_headers defined by app rabbit
2022-07-13 08:11:07.654463+00:00 [info] <0.221.0> Running boot step rabbit_exchange_type_topic defined by app rabbit
2022-07-13 08:11:07.654547+00:00 [info] <0.221.0> Running boot step rabbit_mirror_queue_mode_all defined by app rabbit
2022-07-13 08:11:07.654748+00:00 [info] <0.221.0> Running boot step rabbit_mirror_queue_mode_exactly defined by app rabbit
2022-07-13 08:11:07.654947+00:00 [info] <0.221.0> Running boot step rabbit_mirror_queue_mode_nodes defined by app rabbit
2022-07-13 08:11:07.655157+00:00 [info] <0.221.0> Running boot step rabbit_priority_queue defined by app rabbit
2022-07-13 08:11:07.655230+00:00 [info] <0.221.0> Priority queues enabled, real BQ is rabbit_variable_queue
2022-07-13 08:11:07.655387+00:00 [info] <0.221.0> Running boot step rabbit_queue_location_client_local defined by app rabbit
2022-07-13 08:11:07.655522+00:00 [info] <0.221.0> Running boot step rabbit_queue_location_min_masters defined by app rabbit
2022-07-13 08:11:07.655687+00:00 [info] <0.221.0> Running boot step kernel_ready defined by app rabbit
2022-07-13 08:11:07.655758+00:00 [info] <0.221.0> Running boot step rabbit_sysmon_minder defined by app rabbit
2022-07-13 08:11:07.656087+00:00 [info] <0.221.0> Running boot step rabbit_epmd_monitor defined by app rabbit
2022-07-13 08:11:07.657558+00:00 [info] <0.396.0> epmd monitor knows us, inter-node communication (distribution) port: 25672
2022-07-13 08:11:07.657900+00:00 [info] <0.221.0> Running boot step guid_generator defined by app rabbit
2022-07-13 08:11:07.681717+00:00 [info] <0.221.0> Running boot step rabbit_node_monitor defined by app rabbit
2022-07-13 08:11:07.682091+00:00 [info] <0.400.0> Starting rabbit_node_monitor
2022-07-13 08:11:07.682310+00:00 [info] <0.221.0> Running boot step delegate_sup defined by app rabbit
2022-07-13 08:11:07.683180+00:00 [info] <0.221.0> Running boot step rabbit_memory_monitor defined by app rabbit
2022-07-13 08:11:07.683801+00:00 [info] <0.221.0> Running boot step rabbit_fifo_dlx_sup defined by app rabbit
2022-07-13 08:11:07.684074+00:00 [info] <0.221.0> Running boot step core_initialized defined by app rabbit
2022-07-13 08:11:07.684182+00:00 [info] <0.221.0> Running boot step upgrade_queues defined by app rabbit
2022-07-13 08:11:07.697674+00:00 [info] <0.221.0> Running boot step channel_tracking defined by app rabbit
2022-07-13 08:11:07.698062+00:00 [info] <0.221.0> Setting up a table for channel tracking on this node: tracked_channel_on_node_rabbit@21732e375fff
2022-07-13 08:11:07.698495+00:00 [info] <0.221.0> Setting up a table for channel tracking on this node: tracked_channel_table_per_user_on_node_rabbit@21732e375fff
2022-07-13 08:11:07.698816+00:00 [info] <0.221.0> Running boot step rabbit_channel_tracking_handler defined by app rabbit
2022-07-13 08:11:07.698929+00:00 [info] <0.221.0> Running boot step connection_tracking defined by app rabbit
2022-07-13 08:11:07.699205+00:00 [info] <0.221.0> Setting up a table for connection tracking on this node: tracked_connection_on_node_rabbit@21732e375fff
2022-07-13 08:11:07.699703+00:00 [info] <0.221.0> Setting up a table for per-vhost connection counting on this node: tracked_connection_per_vhost_on_node_rabbit@21732e375fff
2022-07-13 08:11:07.700127+00:00 [info] <0.221.0> Setting up a table for per-user connection counting on this node: tracked_connection_table_per_user_on_node_rabbit@21732e375fff
2022-07-13 08:11:07.700611+00:00 [info] <0.221.0> Running boot step rabbit_connection_tracking_handler defined by app rabbit
2022-07-13 08:11:07.700788+00:00 [info] <0.221.0> Running boot step rabbit_definitions_hashing defined by app rabbit
2022-07-13 08:11:07.700979+00:00 [info] <0.221.0> Running boot step rabbit_exchange_parameters defined by app rabbit
2022-07-13 08:11:07.701210+00:00 [info] <0.221.0> Running boot step rabbit_mirror_queue_misc defined by app rabbit
2022-07-13 08:11:07.701589+00:00 [info] <0.221.0> Running boot step rabbit_policies defined by app rabbit
2022-07-13 08:11:07.702020+00:00 [info] <0.221.0> Running boot step rabbit_policy defined by app rabbit
2022-07-13 08:11:07.702172+00:00 [info] <0.221.0> Running boot step rabbit_queue_location_validator defined by app rabbit
2022-07-13 08:11:07.702332+00:00 [info] <0.221.0> Running boot step rabbit_quorum_memory_manager defined by app rabbit
2022-07-13 08:11:07.702526+00:00 [info] <0.221.0> Running boot step rabbit_stream_coordinator defined by app rabbit
2022-07-13 08:11:07.703102+00:00 [info] <0.221.0> Running boot step rabbit_vhost_limit defined by app rabbit
2022-07-13 08:11:07.703241+00:00 [info] <0.221.0> Running boot step recovery defined by app rabbit
2022-07-13 08:11:07.705323+00:00 [info] <0.434.0> Making sure data directory '/var/lib/rabbitmq/mnesia/rabbit@21732e375fff/msg_stores/vhosts/628WB79CIFDYO9LJI6DKMI09L' for vhost '/' exists
2022-07-13 08:11:07.759827+00:00 [info] <0.434.0> Starting message stores for vhost '/'
2022-07-13 08:11:07.760515+00:00 [info] <0.439.0> Message store "628WB79CIFDYO9LJI6DKMI09L/msg_store_transient": using rabbit_msg_store_ets_index to provide index
2022-07-13 08:11:07.832473+00:00 [info] <0.434.0> Started message store of type transient for vhost '/'
2022-07-13 08:11:07.832799+00:00 [info] <0.443.0> Message store "628WB79CIFDYO9LJI6DKMI09L/msg_store_persistent": using rabbit_msg_store_ets_index to provide index
2022-07-13 08:11:07.844340+00:00 [warning] <0.443.0> Message store "628WB79CIFDYO9LJI6DKMI09L/msg_store_persistent": rebuilding indices from scratch
2022-07-13 08:11:07.857654+00:00 [info] <0.434.0> Started message store of type persistent for vhost '/'
2022-07-13 08:11:07.857912+00:00 [info] <0.434.0> Recovering 0 queues of type rabbit_classic_queue took 128ms
2022-07-13 08:11:07.858042+00:00 [info] <0.434.0> Recovering 0 queues of type rabbit_quorum_queue took 0ms
2022-07-13 08:11:07.858154+00:00 [info] <0.434.0> Recovering 0 queues of type rabbit_stream_queue took 0ms
2022-07-13 08:11:07.861194+00:00 [info] <0.221.0> Running boot step empty_db_check defined by app rabbit
2022-07-13 08:11:07.861344+00:00 [info] <0.221.0> Will not seed default virtual host and user: have definitions to load...
2022-07-13 08:11:07.861454+00:00 [info] <0.221.0> Running boot step rabbit_looking_glass defined by app rabbit
2022-07-13 08:11:07.861536+00:00 [info] <0.221.0> Running boot step rabbit_core_metrics_gc defined by app rabbit
2022-07-13 08:11:07.861732+00:00 [info] <0.221.0> Running boot step background_gc defined by app rabbit
2022-07-13 08:11:07.861992+00:00 [info] <0.221.0> Running boot step routing_ready defined by app rabbit
2022-07-13 08:11:07.862057+00:00 [info] <0.221.0> Running boot step pre_flight defined by app rabbit
2022-07-13 08:11:07.862102+00:00 [info] <0.221.0> Running boot step notify_cluster defined by app rabbit
2022-07-13 08:11:07.862172+00:00 [info] <0.221.0> Running boot step networking defined by app rabbit
2022-07-13 08:11:07.862226+00:00 [info] <0.221.0> Running boot step rabbit_maintenance_mode_state defined by app rabbit
2022-07-13 08:11:07.862262+00:00 [info] <0.221.0> Creating table rabbit_node_maintenance_states for feature flag `maintenance_mode_status`
2022-07-13 08:11:07.862531+00:00 [info] <0.221.0> Running boot step definition_import_worker_pool defined by app rabbit
2022-07-13 08:11:07.862663+00:00 [info] <0.346.0> Starting worker pool 'definition_import_pool' with 4 processes in it
2022-07-13 08:11:07.863379+00:00 [info] <0.221.0> Running boot step cluster_name defined by app rabbit
2022-07-13 08:11:07.863483+00:00 [info] <0.221.0> Running boot step direct_client defined by app rabbit
2022-07-13 08:11:07.863695+00:00 [info] <0.473.0> Resetting node maintenance status
2022-07-13 08:11:07.866817+00:00 [info] <0.480.0> rabbit_stomp: default user 'guest' enabled
2022-07-13 08:11:07.868784+00:00 [info] <0.499.0> started STOMP TCP listener on [::]:61613
2022-07-13 08:11:07.869795+00:00 [info] <0.473.0> Ready to start client connection listeners
2022-07-13 08:11:07.876305+00:00 [info] <0.517.0> started TCP listener on [::]:5672
2022-07-13 08:11:08.049926+00:00 [info] <0.473.0> Server startup complete; 1 plugins started.
2022-07-13 08:11:08.049926+00:00 [info] <0.473.0>  * rabbitmq_stomp
2022-07-13 08:14:34.582404+00:00 [info] <0.662.0> accepting AMQP connection <0.662.0> (172.18.0.1:36594 -> 172.18.0.3:5672)
2022-07-13 08:14:34.582780+00:00 [error] <0.662.0> closing AMQP connection <0.662.0> (172.18.0.1:36594 -> 172.18.0.3:5672):
2022-07-13 08:14:34.582780+00:00 [error] <0.662.0> {bad_header,<<"GET / HT">>}
2022-07-13 08:14:35.828176+00:00 [info] <0.668.0> accepting AMQP connection <0.668.0> (172.18.0.1:36598 -> 172.18.0.3:5672)
2022-07-13 08:14:35.828580+00:00 [error] <0.668.0> closing AMQP connection <0.668.0> (172.18.0.1:36598 -> 172.18.0.3:5672):
2022-07-13 08:14:35.828580+00:00 [error] <0.668.0> {bad_header,<<"GET / HT">>}
2022-07-13 08:14:45.825907+00:00 [info] <0.671.0> accepting AMQP connection <0.671.0> (172.18.0.1:36602 -> 172.18.0.3:5672)
2022-07-13 08:14:45.826151+00:00 [error] <0.671.0> closing AMQP connection <0.671.0> (172.18.0.1:36602 -> 172.18.0.3:5672):
2022-07-13 08:14:45.826151+00:00 [error] <0.671.0> {handshake_timeout,handshake}
2022-07-13 08:15:37.556061+00:00 [info] <0.721.0> accepting STOMP connection <0.721.0> (172.18.0.1:54010 -> 172.18.0.3:61613)
2022-07-13 08:15:37.601061+00:00 [info] <0.724.0> accepting STOMP connection <0.724.0> (172.18.0.1:54014 -> 172.18.0.3:61613)
2022-07-13 08:16:15.386743+00:00 [info] <0.753.0> accepting AMQP connection <0.753.0> (172.18.0.1:36700 -> 172.18.0.3:5672)
2022-07-13 08:16:15.387071+00:00 [error] <0.753.0> closing AMQP connection <0.753.0> (172.18.0.1:36700 -> 172.18.0.3:5672):
2022-07-13 08:16:15.387071+00:00 [error] <0.753.0> {bad_header,<<"GET / HT">>}
2022-07-13 08:16:16.535044+00:00 [info] <0.761.0> accepting AMQP connection <0.761.0> (172.18.0.1:36708 -> 172.18.0.3:5672)
2022-07-13 08:16:16.535566+00:00 [error] <0.761.0> closing AMQP connection <0.761.0> (172.18.0.1:36708 -> 172.18.0.3:5672):
2022-07-13 08:16:16.535566+00:00 [error] <0.761.0> {bad_header,<<"GET / HT">>}
2022-07-13 08:16:17.760156+00:00 [info] <0.721.0> closing STOMP connection <0.721.0> (172.18.0.1:54010 -> 172.18.0.3:61613)
2022-07-13 08:16:25.484983+00:00 [info] <0.758.0> accepting AMQP connection <0.758.0> (172.18.0.1:36704 -> 172.18.0.3:5672)
2022-07-13 08:16:25.485200+00:00 [error] <0.758.0> closing AMQP connection <0.758.0> (172.18.0.1:36704 -> 172.18.0.3:5672):
2022-07-13 08:16:25.485200+00:00 [error] <0.758.0> {handshake_timeout,handshake}
2022-07-13 08:16:29.404162+00:00 [info] <0.778.0> accepting STOMP connection <0.778.0> (172.18.0.1:54092 -> 172.18.0.3:61613)
2022-07-13 08:18:35.679245+00:00 [info] <0.778.0> closing STOMP connection <0.778.0> (172.18.0.1:54092 -> 172.18.0.3:61613)
2022-07-13 08:26:38.619585+00:00 [info] <0.724.0> closing STOMP connection <0.724.0> (172.18.0.1:54014 -> 172.18.0.3:61613)
2022-07-13 08:26:38.979621+00:00 [info] <0.1202.0> accepting STOMP connection <0.1202.0> (172.18.0.1:54480 -> 172.18.0.3:61613)
2022-07-13 08:26:38.995547+00:00 [info] <0.1205.0> accepting STOMP connection <0.1205.0> (172.18.0.1:54484 -> 172.18.0.3:61613)
2022-07-13 08:26:41.546354+00:00 [info] <0.1202.0> closing STOMP connection <0.1202.0> (172.18.0.1:54480 -> 172.18.0.3:61613)
2022-07-13 08:26:41.570335+00:00 [info] <0.1213.0> accepting STOMP connection <0.1213.0> (172.18.0.1:54494 -> 172.18.0.3:61613)
2022-07-13 08:27:01.414163+00:00 [info] <0.1205.0> closing STOMP connection <0.1205.0> (172.18.0.1:54484 -> 172.18.0.3:61613)
2022-07-13 08:28:03.124539+00:00 [info] <0.1213.0> closing STOMP connection <0.1213.0> (172.18.0.1:54494 -> 172.18.0.3:61613)
2022-07-13 08:32:13.258734+00:00 [info] <0.1449.0> accepting AMQP connection <0.1449.0> (172.18.0.1:37426 -> 172.18.0.3:5672)
2022-07-13 08:32:13.259097+00:00 [error] <0.1449.0> closing AMQP connection <0.1449.0> (172.18.0.1:37426 -> 172.18.0.3:5672):
2022-07-13 08:32:13.259097+00:00 [error] <0.1449.0> {bad_header,<<"GET / HT">>}
2022-07-13 08:32:42.499825+00:00 [info] <0.1480.0> accepting AMQP connection <0.1480.0> (172.18.0.1:37456 -> 172.18.0.3:5672)
2022-07-13 08:32:42.500199+00:00 [error] <0.1480.0> closing AMQP connection <0.1480.0> (172.18.0.1:37456 -> 172.18.0.3:5672):
2022-07-13 08:32:42.500199+00:00 [error] <0.1480.0> {bad_header,<<"GET / HT">>}
2022-07-13 08:35:40.680983+00:00 [info] <0.1607.0> accepting AMQP connection <0.1607.0> (172.18.0.1:37566 -> 172.18.0.3:5672)
2022-07-13 08:35:40.681307+00:00 [error] <0.1607.0> closing AMQP connection <0.1607.0> (172.18.0.1:37566 -> 172.18.0.3:5672):
2022-07-13 08:35:40.681307+00:00 [error] <0.1607.0> {bad_header,<<"GET / HT">>}
2022-07-13 08:36:42.927463+00:00 [notice] <0.221.0> Logging: configured log handlers are now ACTIVE
2022-07-13 08:36:54.277897+00:00 [info] <0.221.0> ra: starting system quorum_queues
2022-07-13 08:36:54.278014+00:00 [info] <0.221.0> starting Ra system: quorum_queues in directory: /var/lib/rabbitmq/mnesia/rabbit@21732e375fff/quorum/rabbit@21732e375fff
2022-07-13 08:36:54.333126+00:00 [info] <0.298.0> ra system 'quorum_queues' running pre init for 0 registered servers
2022-07-13 08:36:54.363597+00:00 [info] <0.299.0> ra: meta data store initialised for system quorum_queues. 0 record(s) recovered
2022-07-13 08:36:54.364416+00:00 [notice] <0.312.0> WAL: ra_log_wal init, open tbls: ra_log_open_mem_tables, closed tbls: ra_log_closed_mem_tables
2022-07-13 08:36:54.412776+00:00 [info] <0.221.0> ra: starting system coordination
2022-07-13 08:36:54.412894+00:00 [info] <0.221.0> starting Ra system: coordination in directory: /var/lib/rabbitmq/mnesia/rabbit@21732e375fff/coordination/rabbit@21732e375fff
2022-07-13 08:36:54.460515+00:00 [info] <0.340.0> ra system 'coordination' running pre init for 0 registered servers
2022-07-13 08:36:54.475155+00:00 [info] <0.341.0> ra: meta data store initialised for system coordination. 0 record(s) recovered
2022-07-13 08:36:54.475676+00:00 [notice] <0.346.0> WAL: ra_coordination_log_wal init, open tbls: ra_coordination_log_open_mem_tables, closed tbls: ra_coordination_log_closed_mem_tables
2022-07-13 08:36:54.501380+00:00 [info] <0.221.0> 
2022-07-13 08:36:54.501380+00:00 [info] <0.221.0>  Starting RabbitMQ 3.10.6 on Erlang 24.3.4.2 [jit]
2022-07-13 08:36:54.501380+00:00 [info] <0.221.0>  Copyright (c) 2007-2022 VMware, Inc. or its affiliates.
2022-07-13 08:36:54.501380+00:00 [info] <0.221.0>  Licensed under the MPL 2.0. Website: https://rabbitmq.com
2022-07-13 08:36:54.505304+00:00 [info] <0.221.0> 
2022-07-13 08:36:54.505304+00:00 [info] <0.221.0>  node           : rabbit@21732e375fff
2022-07-13 08:36:54.505304+00:00 [info] <0.221.0>  home dir       : /var/lib/rabbitmq
2022-07-13 08:36:54.505304+00:00 [info] <0.221.0>  config file(s) : (none)
2022-07-13 08:36:54.505304+00:00 [info] <0.221.0>  cookie hash    : 53fI/UoFG7POQpSMtYwCyw==
2022-07-13 08:36:54.505304+00:00 [info] <0.221.0>  log(s)         : /var/log/rabbitmq/rabbit@21732e375fff.log
2022-07-13 08:36:54.505304+00:00 [info] <0.221.0>                 : /var/log/rabbitmq/rabbit@21732e375fff_upgrade.log
2022-07-13 08:36:54.505304+00:00 [info] <0.221.0>                 : <stdout>
2022-07-13 08:36:54.505304+00:00 [info] <0.221.0>  database dir   : /var/lib/rabbitmq/mnesia/rabbit@21732e375fff
2022-07-13 08:36:54.942805+00:00 [info] <0.221.0> Running boot step pre_boot defined by app rabbit
2022-07-13 08:36:54.942960+00:00 [info] <0.221.0> Running boot step rabbit_global_counters defined by app rabbit
2022-07-13 08:36:54.943810+00:00 [info] <0.221.0> Running boot step rabbit_osiris_metrics defined by app rabbit
2022-07-13 08:36:54.944107+00:00 [info] <0.221.0> Running boot step rabbit_core_metrics defined by app rabbit
2022-07-13 08:36:54.944839+00:00 [info] <0.221.0> Running boot step rabbit_alarm defined by app rabbit
2022-07-13 08:36:54.952609+00:00 [info] <0.354.0> Memory high watermark set to 390 MiB (409441075 bytes) of 976 MiB (1023602688 bytes) total
2022-07-13 08:36:54.964251+00:00 [info] <0.356.0> Enabling free disk space monitoring
2022-07-13 08:36:54.964356+00:00 [info] <0.356.0> Disk free limit set to 50MB
2022-07-13 08:36:54.976250+00:00 [info] <0.221.0> Running boot step code_server_cache defined by app rabbit
2022-07-13 08:36:54.976510+00:00 [info] <0.221.0> Running boot step file_handle_cache defined by app rabbit
2022-07-13 08:36:54.976957+00:00 [info] <0.361.0> Limiting to approx 1048479 file handles (943629 sockets)
2022-07-13 08:36:54.977243+00:00 [info] <0.362.0> FHC read buffering: OFF
2022-07-13 08:36:54.977328+00:00 [info] <0.362.0> FHC write buffering: ON
2022-07-13 08:36:54.978246+00:00 [info] <0.221.0> Running boot step worker_pool defined by app rabbit
2022-07-13 08:36:54.978536+00:00 [info] <0.348.0> Will use 4 processes for default worker pool
2022-07-13 08:36:54.978615+00:00 [info] <0.348.0> Starting worker pool 'worker_pool' with 4 processes in it
2022-07-13 08:36:54.979292+00:00 [info] <0.221.0> Running boot step database defined by app rabbit
2022-07-13 08:36:55.012860+00:00 [info] <0.221.0> Waiting for Mnesia tables for 30000 ms, 9 retries left
2022-07-13 08:36:55.013179+00:00 [info] <0.221.0> Successfully synced tables from a peer
2022-07-13 08:36:55.013291+00:00 [info] <0.221.0> Waiting for Mnesia tables for 30000 ms, 9 retries left
2022-07-13 08:36:55.013525+00:00 [info] <0.221.0> Successfully synced tables from a peer
2022-07-13 08:36:55.064474+00:00 [info] <0.221.0> Waiting for Mnesia tables for 30000 ms, 9 retries left
2022-07-13 08:36:55.064941+00:00 [info] <0.221.0> Successfully synced tables from a peer
2022-07-13 08:36:55.065164+00:00 [info] <0.221.0> Peer discovery backend rabbit_peer_discovery_classic_config does not support registration, skipping registration.
2022-07-13 08:36:55.065423+00:00 [info] <0.221.0> Running boot step database_sync defined by app rabbit
2022-07-13 08:36:55.066025+00:00 [info] <0.221.0> Running boot step feature_flags defined by app rabbit
2022-07-13 08:36:55.074471+00:00 [info] <0.221.0> Running boot step codec_correctness_check defined by app rabbit
2022-07-13 08:36:55.074596+00:00 [info] <0.221.0> Running boot step external_infrastructure defined by app rabbit
2022-07-13 08:36:55.074652+00:00 [info] <0.221.0> Running boot step rabbit_registry defined by app rabbit
2022-07-13 08:36:55.074933+00:00 [info] <0.221.0> Running boot step rabbit_auth_mechanism_cr_demo defined by app rabbit
2022-07-13 08:36:55.075077+00:00 [info] <0.221.0> Running boot step rabbit_queue_location_random defined by app rabbit
2022-07-13 08:36:55.075264+00:00 [info] <0.221.0> Running boot step rabbit_event defined by app rabbit
2022-07-13 08:36:55.075551+00:00 [info] <0.221.0> Running boot step rabbit_auth_mechanism_amqplain defined by app rabbit
2022-07-13 08:36:55.075677+00:00 [info] <0.221.0> Running boot step rabbit_auth_mechanism_plain defined by app rabbit
2022-07-13 08:36:55.075750+00:00 [info] <0.221.0> Running boot step rabbit_exchange_type_direct defined by app rabbit
2022-07-13 08:36:55.075799+00:00 [info] <0.221.0> Running boot step rabbit_exchange_type_fanout defined by app rabbit
2022-07-13 08:36:55.075961+00:00 [info] <0.221.0> Running boot step rabbit_exchange_type_headers defined by app rabbit
2022-07-13 08:36:55.076048+00:00 [info] <0.221.0> Running boot step rabbit_exchange_type_topic defined by app rabbit
2022-07-13 08:36:55.076114+00:00 [info] <0.221.0> Running boot step rabbit_mirror_queue_mode_all defined by app rabbit
2022-07-13 08:36:55.076231+00:00 [info] <0.221.0> Running boot step rabbit_mirror_queue_mode_exactly defined by app rabbit
2022-07-13 08:36:55.076400+00:00 [info] <0.221.0> Running boot step rabbit_mirror_queue_mode_nodes defined by app rabbit
2022-07-13 08:36:55.076539+00:00 [info] <0.221.0> Running boot step rabbit_priority_queue defined by app rabbit
2022-07-13 08:36:55.076708+00:00 [info] <0.221.0> Priority queues enabled, real BQ is rabbit_variable_queue
2022-07-13 08:36:55.076892+00:00 [info] <0.221.0> Running boot step rabbit_queue_location_client_local defined by app rabbit
2022-07-13 08:36:55.077064+00:00 [info] <0.221.0> Running boot step rabbit_queue_location_min_masters defined by app rabbit
2022-07-13 08:36:55.077208+00:00 [info] <0.221.0> Running boot step kernel_ready defined by app rabbit
2022-07-13 08:36:55.077269+00:00 [info] <0.221.0> Running boot step rabbit_sysmon_minder defined by app rabbit
2022-07-13 08:36:55.077467+00:00 [info] <0.221.0> Running boot step rabbit_epmd_monitor defined by app rabbit
2022-07-13 08:36:55.079370+00:00 [info] <0.384.0> epmd monitor knows us, inter-node communication (distribution) port: 25672
2022-07-13 08:36:55.079696+00:00 [info] <0.221.0> Running boot step guid_generator defined by app rabbit
2022-07-13 08:36:55.133520+00:00 [info] <0.221.0> Running boot step rabbit_node_monitor defined by app rabbit
2022-07-13 08:36:55.134255+00:00 [info] <0.388.0> Starting rabbit_node_monitor
2022-07-13 08:36:55.134920+00:00 [info] <0.221.0> Running boot step delegate_sup defined by app rabbit
2022-07-13 08:36:55.140052+00:00 [info] <0.221.0> Running boot step rabbit_memory_monitor defined by app rabbit
2022-07-13 08:36:55.140618+00:00 [info] <0.221.0> Running boot step rabbit_fifo_dlx_sup defined by app rabbit
2022-07-13 08:36:55.143524+00:00 [info] <0.221.0> Running boot step core_initialized defined by app rabbit
2022-07-13 08:36:55.143838+00:00 [info] <0.221.0> Running boot step upgrade_queues defined by app rabbit
2022-07-13 08:36:55.177365+00:00 [info] <0.221.0> Running boot step channel_tracking defined by app rabbit
2022-07-13 08:36:55.177869+00:00 [info] <0.221.0> Setting up a table for channel tracking on this node: tracked_channel_on_node_rabbit@21732e375fff
2022-07-13 08:36:55.178346+00:00 [info] <0.221.0> Setting up a table for channel tracking on this node: tracked_channel_table_per_user_on_node_rabbit@21732e375fff
2022-07-13 08:36:55.178742+00:00 [info] <0.221.0> Running boot step rabbit_channel_tracking_handler defined by app rabbit
2022-07-13 08:36:55.179007+00:00 [info] <0.221.0> Running boot step connection_tracking defined by app rabbit
2022-07-13 08:36:55.179544+00:00 [info] <0.221.0> Setting up a table for connection tracking on this node: tracked_connection_on_node_rabbit@21732e375fff
2022-07-13 08:36:55.180196+00:00 [info] <0.221.0> Setting up a table for per-vhost connection counting on this node: tracked_connection_per_vhost_on_node_rabbit@21732e375fff
2022-07-13 08:36:55.180628+00:00 [info] <0.221.0> Setting up a table for per-user connection counting on this node: tracked_connection_table_per_user_on_node_rabbit@21732e375fff
2022-07-13 08:36:55.181641+00:00 [info] <0.221.0> Running boot step rabbit_connection_tracking_handler defined by app rabbit
2022-07-13 08:36:55.181979+00:00 [info] <0.221.0> Running boot step rabbit_definitions_hashing defined by app rabbit
2022-07-13 08:36:55.182291+00:00 [info] <0.221.0> Running boot step rabbit_exchange_parameters defined by app rabbit
2022-07-13 08:36:55.182457+00:00 [info] <0.221.0> Running boot step rabbit_mirror_queue_misc defined by app rabbit
2022-07-13 08:36:55.182899+00:00 [info] <0.221.0> Running boot step rabbit_policies defined by app rabbit
2022-07-13 08:36:55.183688+00:00 [info] <0.221.0> Running boot step rabbit_policy defined by app rabbit
2022-07-13 08:36:55.183884+00:00 [info] <0.221.0> Running boot step rabbit_queue_location_validator defined by app rabbit
2022-07-13 08:36:55.184038+00:00 [info] <0.221.0> Running boot step rabbit_quorum_memory_manager defined by app rabbit
2022-07-13 08:36:55.184174+00:00 [info] <0.221.0> Running boot step rabbit_stream_coordinator defined by app rabbit
2022-07-13 08:36:55.187413+00:00 [info] <0.221.0> Running boot step rabbit_vhost_limit defined by app rabbit
2022-07-13 08:36:55.189389+00:00 [info] <0.221.0> Running boot step recovery defined by app rabbit
2022-07-13 08:36:55.192392+00:00 [info] <0.422.0> Making sure data directory '/var/lib/rabbitmq/mnesia/rabbit@21732e375fff/msg_stores/vhosts/628WB79CIFDYO9LJI6DKMI09L' for vhost '/' exists
2022-07-13 08:36:55.287121+00:00 [info] <0.422.0> Starting message stores for vhost '/'
2022-07-13 08:36:55.289079+00:00 [info] <0.427.0> Message store "628WB79CIFDYO9LJI6DKMI09L/msg_store_transient": using rabbit_msg_store_ets_index to provide index
2022-07-13 08:36:55.411312+00:00 [info] <0.422.0> Started message store of type transient for vhost '/'
2022-07-13 08:36:55.411753+00:00 [info] <0.431.0> Message store "628WB79CIFDYO9LJI6DKMI09L/msg_store_persistent": using rabbit_msg_store_ets_index to provide index
2022-07-13 08:36:55.428144+00:00 [warning] <0.431.0> Message store "628WB79CIFDYO9LJI6DKMI09L/msg_store_persistent": rebuilding indices from scratch
2022-07-13 08:36:55.444173+00:00 [info] <0.422.0> Started message store of type persistent for vhost '/'
2022-07-13 08:36:55.444419+00:00 [info] <0.422.0> Recovering 0 queues of type rabbit_classic_queue took 206ms
2022-07-13 08:36:55.444562+00:00 [info] <0.422.0> Recovering 0 queues of type rabbit_quorum_queue took 0ms
2022-07-13 08:36:55.444674+00:00 [info] <0.422.0> Recovering 0 queues of type rabbit_stream_queue took 0ms
2022-07-13 08:36:55.447999+00:00 [info] <0.221.0> Running boot step empty_db_check defined by app rabbit
2022-07-13 08:36:55.448143+00:00 [info] <0.221.0> Will not seed default virtual host and user: have definitions to load...
2022-07-13 08:36:55.448276+00:00 [info] <0.221.0> Running boot step rabbit_looking_glass defined by app rabbit
2022-07-13 08:36:55.448387+00:00 [info] <0.221.0> Running boot step rabbit_core_metrics_gc defined by app rabbit
2022-07-13 08:36:55.448738+00:00 [info] <0.221.0> Running boot step background_gc defined by app rabbit
2022-07-13 08:36:55.449128+00:00 [info] <0.221.0> Running boot step routing_ready defined by app rabbit
2022-07-13 08:36:55.449285+00:00 [info] <0.221.0> Running boot step pre_flight defined by app rabbit
2022-07-13 08:36:55.449365+00:00 [info] <0.221.0> Running boot step notify_cluster defined by app rabbit
2022-07-13 08:36:55.449466+00:00 [info] <0.221.0> Running boot step networking defined by app rabbit
2022-07-13 08:36:55.449525+00:00 [info] <0.221.0> Running boot step rabbit_maintenance_mode_state defined by app rabbit
2022-07-13 08:36:55.449584+00:00 [info] <0.221.0> Creating table rabbit_node_maintenance_states for feature flag `maintenance_mode_status`
2022-07-13 08:36:55.449942+00:00 [info] <0.221.0> Running boot step definition_import_worker_pool defined by app rabbit
2022-07-13 08:36:55.450144+00:00 [info] <0.348.0> Starting worker pool 'definition_import_pool' with 4 processes in it
2022-07-13 08:36:55.451148+00:00 [info] <0.221.0> Running boot step cluster_name defined by app rabbit
2022-07-13 08:36:55.451327+00:00 [info] <0.221.0> Running boot step direct_client defined by app rabbit
2022-07-13 08:36:55.451662+00:00 [info] <0.461.0> Resetting node maintenance status
2022-07-13 08:36:55.452958+00:00 [info] <0.468.0> rabbit_stomp: default user 'guest' enabled
2022-07-13 08:36:55.462830+00:00 [info] <0.487.0> started STOMP TCP listener on [::]:61613
2022-07-13 08:36:55.464580+00:00 [info] <0.461.0> Ready to start client connection listeners
2022-07-13 08:36:55.468709+00:00 [info] <0.505.0> started TCP listener on [::]:5672
2022-07-13 08:36:55.794498+00:00 [info] <0.461.0> Server startup complete; 1 plugins started.
2022-07-13 08:36:55.794498+00:00 [info] <0.461.0>  * rabbitmq_stomp
2022-07-13 08:37:20.102705+00:00 [info] <0.524.0> accepting AMQP connection <0.524.0> (172.18.0.1:37682 -> 172.18.0.3:5672)
2022-07-13 08:37:20.103093+00:00 [error] <0.524.0> closing AMQP connection <0.524.0> (172.18.0.1:37682 -> 172.18.0.3:5672):
2022-07-13 08:37:20.103093+00:00 [error] <0.524.0> {bad_header,<<"GET / HT">>}
2022-07-13 08:37:21.426290+00:00 [info] <0.530.0> accepting AMQP connection <0.530.0> (172.18.0.1:37686 -> 172.18.0.3:5672)
2022-07-13 08:37:21.426764+00:00 [error] <0.530.0> closing AMQP connection <0.530.0> (172.18.0.1:37686 -> 172.18.0.3:5672):
2022-07-13 08:37:21.426764+00:00 [error] <0.530.0> {bad_header,<<"GET / HT">>}
2022-07-13 08:37:23.192813+00:00 [info] <0.535.0> accepting AMQP connection <0.535.0> (172.18.0.1:37690 -> 172.18.0.3:5672)
2022-07-13 08:37:23.193140+00:00 [error] <0.535.0> closing AMQP connection <0.535.0> (172.18.0.1:37690 -> 172.18.0.3:5672):
2022-07-13 08:37:23.193140+00:00 [error] <0.535.0> {bad_header,<<"GET / HT">>}
2022-07-13 08:37:24.261179+00:00 [info] <0.542.0> accepting AMQP connection <0.542.0> (172.18.0.1:37694 -> 172.18.0.3:5672)
2022-07-13 08:37:24.261562+00:00 [error] <0.542.0> closing AMQP connection <0.542.0> (172.18.0.1:37694 -> 172.18.0.3:5672):
2022-07-13 08:37:24.261562+00:00 [error] <0.542.0> {bad_header,<<"GET / HT">>}
2022-07-13 08:37:29.374216+00:00 [info] <0.547.0> accepting AMQP connection <0.547.0> (172.18.0.1:37698 -> 172.18.0.3:5672)
2022-07-13 08:37:29.374556+00:00 [error] <0.547.0> closing AMQP connection <0.547.0> (172.18.0.1:37698 -> 172.18.0.3:5672):
2022-07-13 08:37:29.374556+00:00 [error] <0.547.0> {bad_header,<<"GET / HT">>}
2022-07-13 08:37:39.402950+00:00 [info] <0.557.0> accepting AMQP connection <0.557.0> (172.18.0.1:37708 -> 172.18.0.3:5672)
2022-07-13 08:37:39.403278+00:00 [error] <0.557.0> closing AMQP connection <0.557.0> (172.18.0.1:37708 -> 172.18.0.3:5672):
2022-07-13 08:37:39.403278+00:00 [error] <0.557.0> {handshake_timeout,handshake}
