2022-07-13 09:46:17.724638+00:00 [notice] <0.221.0> Logging: configured log handlers are now ACTIVE
2022-07-13 09:46:18.140407+00:00 [info] <0.221.0> ra: starting system quorum_queues
2022-07-13 09:46:18.140566+00:00 [info] <0.221.0> starting Ra system: quorum_queues in directory: /var/lib/rabbitmq/mnesia/rabbit@fa788a505d56/quorum/rabbit@fa788a505d56
2022-07-13 09:46:18.280216+00:00 [info] <0.258.0> ra system 'quorum_queues' running pre init for 0 registered servers
2022-07-13 09:46:18.302533+00:00 [info] <0.259.0> ra: meta data store initialised for system quorum_queues. 0 record(s) recovered
2022-07-13 09:46:18.329283+00:00 [notice] <0.264.0> WAL: ra_log_wal init, open tbls: ra_log_open_mem_tables, closed tbls: ra_log_closed_mem_tables
2022-07-13 09:46:18.353455+00:00 [info] <0.221.0> ra: starting system coordination
2022-07-13 09:46:18.353569+00:00 [info] <0.221.0> starting Ra system: coordination in directory: /var/lib/rabbitmq/mnesia/rabbit@fa788a505d56/coordination/rabbit@fa788a505d56
2022-07-13 09:46:18.372648+00:00 [info] <0.271.0> ra system 'coordination' running pre init for 0 registered servers
2022-07-13 09:46:18.380502+00:00 [info] <0.272.0> ra: meta data store initialised for system coordination. 0 record(s) recovered
2022-07-13 09:46:18.380999+00:00 [notice] <0.277.0> WAL: ra_coordination_log_wal init, open tbls: ra_coordination_log_open_mem_tables, closed tbls: ra_coordination_log_closed_mem_tables
2022-07-13 09:46:18.404107+00:00 [info] <0.221.0> 
2022-07-13 09:46:18.404107+00:00 [info] <0.221.0>  Starting RabbitMQ 3.10.6 on Erlang 24.3.4.2 [jit]
2022-07-13 09:46:18.404107+00:00 [info] <0.221.0>  Copyright (c) 2007-2022 VMware, Inc. or its affiliates.
2022-07-13 09:46:18.404107+00:00 [info] <0.221.0>  Licensed under the MPL 2.0. Website: https://rabbitmq.com
2022-07-13 09:46:18.407299+00:00 [info] <0.221.0> 
2022-07-13 09:46:18.407299+00:00 [info] <0.221.0>  node           : rabbit@fa788a505d56
2022-07-13 09:46:18.407299+00:00 [info] <0.221.0>  home dir       : /var/lib/rabbitmq
2022-07-13 09:46:18.407299+00:00 [info] <0.221.0>  config file(s) : (none)
2022-07-13 09:46:18.407299+00:00 [info] <0.221.0>  cookie hash    : dYZHJOwThCcoYBnut79lfQ==
2022-07-13 09:46:18.407299+00:00 [info] <0.221.0>  log(s)         : /var/log/rabbitmq/rabbit@fa788a505d56.log
2022-07-13 09:46:18.407299+00:00 [info] <0.221.0>                 : /var/log/rabbitmq/rabbit@fa788a505d56_upgrade.log
2022-07-13 09:46:18.407299+00:00 [info] <0.221.0>                 : <stdout>
2022-07-13 09:46:18.407299+00:00 [info] <0.221.0>  database dir   : /var/lib/rabbitmq/mnesia/rabbit@fa788a505d56
2022-07-13 09:46:18.870143+00:00 [info] <0.221.0> Feature flags: list of feature flags found:
2022-07-13 09:46:18.870242+00:00 [info] <0.221.0> Feature flags:   [ ] classic_mirrored_queue_version
2022-07-13 09:46:18.870275+00:00 [info] <0.221.0> Feature flags:   [ ] drop_unroutable_metric
2022-07-13 09:46:18.870334+00:00 [info] <0.221.0> Feature flags:   [ ] empty_basic_get_metric
2022-07-13 09:46:18.870361+00:00 [info] <0.221.0> Feature flags:   [ ] implicit_default_bindings
2022-07-13 09:46:18.870385+00:00 [info] <0.221.0> Feature flags:   [ ] maintenance_mode_status
2022-07-13 09:46:18.870552+00:00 [info] <0.221.0> Feature flags:   [ ] quorum_queue
2022-07-13 09:46:18.870608+00:00 [info] <0.221.0> Feature flags:   [ ] stream_queue
2022-07-13 09:46:18.870637+00:00 [info] <0.221.0> Feature flags:   [ ] user_limits
2022-07-13 09:46:18.870666+00:00 [info] <0.221.0> Feature flags:   [ ] virtual_host_metadata
2022-07-13 09:46:18.870753+00:00 [info] <0.221.0> Feature flags: feature flag states written to disk: yes
2022-07-13 09:46:23.821018+00:00 [info] <0.221.0> Running boot step pre_boot defined by app rabbit
2022-07-13 09:46:23.821109+00:00 [info] <0.221.0> Running boot step rabbit_global_counters defined by app rabbit
2022-07-13 09:46:23.821662+00:00 [info] <0.221.0> Running boot step rabbit_osiris_metrics defined by app rabbit
2022-07-13 09:46:23.822177+00:00 [info] <0.221.0> Running boot step rabbit_core_metrics defined by app rabbit
2022-07-13 09:46:23.822968+00:00 [info] <0.221.0> Running boot step rabbit_alarm defined by app rabbit
2022-07-13 09:46:23.828402+00:00 [info] <0.290.0> Memory high watermark set to 390 MiB (409441075 bytes) of 976 MiB (1023602688 bytes) total
2022-07-13 09:46:23.836271+00:00 [info] <0.292.0> Enabling free disk space monitoring
2022-07-13 09:46:23.836369+00:00 [info] <0.292.0> Disk free limit set to 50MB
2022-07-13 09:46:23.842614+00:00 [info] <0.221.0> Running boot step code_server_cache defined by app rabbit
2022-07-13 09:46:23.842874+00:00 [info] <0.221.0> Running boot step file_handle_cache defined by app rabbit
2022-07-13 09:46:23.843225+00:00 [info] <0.297.0> Limiting to approx 1048479 file handles (943629 sockets)
2022-07-13 09:46:23.843542+00:00 [info] <0.298.0> FHC read buffering: OFF
2022-07-13 09:46:23.843601+00:00 [info] <0.298.0> FHC write buffering: ON
2022-07-13 09:46:23.844641+00:00 [info] <0.221.0> Running boot step worker_pool defined by app rabbit
2022-07-13 09:46:23.844993+00:00 [info] <0.279.0> Will use 4 processes for default worker pool
2022-07-13 09:46:23.845066+00:00 [info] <0.279.0> Starting worker pool 'worker_pool' with 4 processes in it
2022-07-13 09:46:23.845815+00:00 [info] <0.221.0> Running boot step database defined by app rabbit
2022-07-13 09:46:23.848592+00:00 [info] <0.221.0> Node database directory at /var/lib/rabbitmq/mnesia/rabbit@fa788a505d56 is empty. Assuming we need to join an existing cluster or initialise from scratch...
2022-07-13 09:46:23.848708+00:00 [info] <0.221.0> Configured peer discovery backend: rabbit_peer_discovery_classic_config
2022-07-13 09:46:23.848784+00:00 [info] <0.221.0> Will try to lock with peer discovery backend rabbit_peer_discovery_classic_config
2022-07-13 09:46:23.848936+00:00 [info] <0.221.0> All discovered existing cluster peers:
2022-07-13 09:46:23.848990+00:00 [info] <0.221.0> Discovered no peer nodes to cluster with. Some discovery backends can filter nodes out based on a readiness criteria. Enabling debug logging might help troubleshoot.
2022-07-13 09:46:23.854014+00:00 [notice] <0.44.0> Application mnesia exited with reason: stopped
2022-07-13 09:46:24.626706+00:00 [info] <0.221.0> Waiting for Mnesia tables for 30000 ms, 9 retries left
2022-07-13 09:46:24.637357+00:00 [info] <0.221.0> Successfully synced tables from a peer
2022-07-13 09:46:24.687888+00:00 [info] <0.221.0> Waiting for Mnesia tables for 30000 ms, 9 retries left
2022-07-13 09:46:24.688143+00:00 [info] <0.221.0> Successfully synced tables from a peer
2022-07-13 09:46:24.688263+00:00 [info] <0.221.0> Feature flag `classic_mirrored_queue_version`: supported, attempt to enable...
2022-07-13 09:46:24.688402+00:00 [info] <0.221.0> Feature flag `classic_mirrored_queue_version`: mark as enabled=state_changing
2022-07-13 09:46:24.690555+00:00 [info] <0.221.0> Feature flags: list of feature flags found:
2022-07-13 09:46:24.690688+00:00 [info] <0.221.0> Feature flags:   [~] classic_mirrored_queue_version
2022-07-13 09:46:24.690905+00:00 [info] <0.221.0> Feature flags:   [ ] drop_unroutable_metric
2022-07-13 09:46:24.691009+00:00 [info] <0.221.0> Feature flags:   [ ] empty_basic_get_metric
2022-07-13 09:46:24.691083+00:00 [info] <0.221.0> Feature flags:   [ ] implicit_default_bindings
2022-07-13 09:46:24.691273+00:00 [info] <0.221.0> Feature flags:   [ ] maintenance_mode_status
2022-07-13 09:46:24.691328+00:00 [info] <0.221.0> Feature flags:   [ ] quorum_queue
2022-07-13 09:46:24.691381+00:00 [info] <0.221.0> Feature flags:   [ ] stream_queue
2022-07-13 09:46:24.691420+00:00 [info] <0.221.0> Feature flags:   [ ] user_limits
2022-07-13 09:46:24.691535+00:00 [info] <0.221.0> Feature flags:   [ ] virtual_host_metadata
2022-07-13 09:46:24.691589+00:00 [info] <0.221.0> Feature flags: feature flag states written to disk: yes
2022-07-13 09:46:24.739484+00:00 [info] <0.221.0> Feature flag `classic_mirrored_queue_version`: mark as enabled=true
2022-07-13 09:46:24.762334+00:00 [info] <0.221.0> Feature flags: list of feature flags found:
2022-07-13 09:46:24.762512+00:00 [info] <0.221.0> Feature flags:   [x] classic_mirrored_queue_version
2022-07-13 09:46:24.762589+00:00 [info] <0.221.0> Feature flags:   [ ] drop_unroutable_metric
2022-07-13 09:46:24.762647+00:00 [info] <0.221.0> Feature flags:   [ ] empty_basic_get_metric
2022-07-13 09:46:24.762697+00:00 [info] <0.221.0> Feature flags:   [ ] implicit_default_bindings
2022-07-13 09:46:24.762734+00:00 [info] <0.221.0> Feature flags:   [ ] maintenance_mode_status
2022-07-13 09:46:24.762770+00:00 [info] <0.221.0> Feature flags:   [ ] quorum_queue
2022-07-13 09:46:24.762816+00:00 [info] <0.221.0> Feature flags:   [ ] stream_queue
2022-07-13 09:46:24.762849+00:00 [info] <0.221.0> Feature flags:   [ ] user_limits
2022-07-13 09:46:24.762881+00:00 [info] <0.221.0> Feature flags:   [ ] virtual_host_metadata
2022-07-13 09:46:24.762921+00:00 [info] <0.221.0> Feature flags: feature flag states written to disk: yes
2022-07-13 09:46:24.802325+00:00 [info] <0.221.0> Feature flag `drop_unroutable_metric`: supported, attempt to enable...
2022-07-13 09:46:24.802606+00:00 [info] <0.221.0> Feature flag `drop_unroutable_metric`: mark as enabled=state_changing
2022-07-13 09:46:24.804420+00:00 [info] <0.221.0> Feature flags: list of feature flags found:
2022-07-13 09:46:24.804532+00:00 [info] <0.221.0> Feature flags:   [x] classic_mirrored_queue_version
2022-07-13 09:46:24.804661+00:00 [info] <0.221.0> Feature flags:   [~] drop_unroutable_metric
2022-07-13 09:46:24.804736+00:00 [info] <0.221.0> Feature flags:   [ ] empty_basic_get_metric
2022-07-13 09:46:24.804819+00:00 [info] <0.221.0> Feature flags:   [ ] implicit_default_bindings
2022-07-13 09:46:24.804924+00:00 [info] <0.221.0> Feature flags:   [ ] maintenance_mode_status
2022-07-13 09:46:24.804974+00:00 [info] <0.221.0> Feature flags:   [ ] quorum_queue
2022-07-13 09:46:24.805116+00:00 [info] <0.221.0> Feature flags:   [ ] stream_queue
2022-07-13 09:46:24.805178+00:00 [info] <0.221.0> Feature flags:   [ ] user_limits
2022-07-13 09:46:24.812194+00:00 [info] <0.221.0> Feature flags:   [ ] virtual_host_metadata
2022-07-13 09:46:24.812310+00:00 [info] <0.221.0> Feature flags: feature flag states written to disk: yes
2022-07-13 09:46:24.844817+00:00 [info] <0.221.0> Feature flag `drop_unroutable_metric`: mark as enabled=true
2022-07-13 09:46:24.919016+00:00 [info] <0.221.0> Feature flags: list of feature flags found:
2022-07-13 09:46:24.919222+00:00 [info] <0.221.0> Feature flags:   [x] classic_mirrored_queue_version
2022-07-13 09:46:24.919493+00:00 [info] <0.221.0> Feature flags:   [x] drop_unroutable_metric
2022-07-13 09:46:24.919594+00:00 [info] <0.221.0> Feature flags:   [ ] empty_basic_get_metric
2022-07-13 09:46:24.919683+00:00 [info] <0.221.0> Feature flags:   [ ] implicit_default_bindings
2022-07-13 09:46:24.919768+00:00 [info] <0.221.0> Feature flags:   [ ] maintenance_mode_status
2022-07-13 09:46:24.919943+00:00 [info] <0.221.0> Feature flags:   [ ] quorum_queue
2022-07-13 09:46:24.920051+00:00 [info] <0.221.0> Feature flags:   [ ] stream_queue
2022-07-13 09:46:24.920138+00:00 [info] <0.221.0> Feature flags:   [ ] user_limits
2022-07-13 09:46:24.920222+00:00 [info] <0.221.0> Feature flags:   [ ] virtual_host_metadata
2022-07-13 09:46:24.920369+00:00 [info] <0.221.0> Feature flags: feature flag states written to disk: yes
2022-07-13 09:46:24.952108+00:00 [info] <0.221.0> Feature flag `empty_basic_get_metric`: supported, attempt to enable...
2022-07-13 09:46:24.952362+00:00 [info] <0.221.0> Feature flag `empty_basic_get_metric`: mark as enabled=state_changing
2022-07-13 09:46:24.954069+00:00 [info] <0.221.0> Feature flags: list of feature flags found:
2022-07-13 09:46:24.954267+00:00 [info] <0.221.0> Feature flags:   [x] classic_mirrored_queue_version
2022-07-13 09:46:24.954336+00:00 [info] <0.221.0> Feature flags:   [x] drop_unroutable_metric
2022-07-13 09:46:24.954421+00:00 [info] <0.221.0> Feature flags:   [~] empty_basic_get_metric
2022-07-13 09:46:24.954506+00:00 [info] <0.221.0> Feature flags:   [ ] implicit_default_bindings
2022-07-13 09:46:24.954603+00:00 [info] <0.221.0> Feature flags:   [ ] maintenance_mode_status
2022-07-13 09:46:24.954700+00:00 [info] <0.221.0> Feature flags:   [ ] quorum_queue
2022-07-13 09:46:24.954779+00:00 [info] <0.221.0> Feature flags:   [ ] stream_queue
2022-07-13 09:46:24.954862+00:00 [info] <0.221.0> Feature flags:   [ ] user_limits
2022-07-13 09:46:24.954953+00:00 [info] <0.221.0> Feature flags:   [ ] virtual_host_metadata
2022-07-13 09:46:24.955054+00:00 [info] <0.221.0> Feature flags: feature flag states written to disk: yes
2022-07-13 09:46:24.994864+00:00 [info] <0.221.0> Feature flag `empty_basic_get_metric`: mark as enabled=true
2022-07-13 09:46:25.011469+00:00 [info] <0.221.0> Feature flags: list of feature flags found:
2022-07-13 09:46:25.011662+00:00 [info] <0.221.0> Feature flags:   [x] classic_mirrored_queue_version
2022-07-13 09:46:25.011857+00:00 [info] <0.221.0> Feature flags:   [x] drop_unroutable_metric
2022-07-13 09:46:25.011966+00:00 [info] <0.221.0> Feature flags:   [x] empty_basic_get_metric
2022-07-13 09:46:25.012077+00:00 [info] <0.221.0> Feature flags:   [ ] implicit_default_bindings
2022-07-13 09:46:25.012294+00:00 [info] <0.221.0> Feature flags:   [ ] maintenance_mode_status
2022-07-13 09:46:25.012474+00:00 [info] <0.221.0> Feature flags:   [ ] quorum_queue
2022-07-13 09:46:25.012574+00:00 [info] <0.221.0> Feature flags:   [ ] stream_queue
2022-07-13 09:46:25.012669+00:00 [info] <0.221.0> Feature flags:   [ ] user_limits
2022-07-13 09:46:25.012757+00:00 [info] <0.221.0> Feature flags:   [ ] virtual_host_metadata
2022-07-13 09:46:25.012844+00:00 [info] <0.221.0> Feature flags: feature flag states written to disk: yes
2022-07-13 09:46:25.050465+00:00 [info] <0.221.0> Feature flag `implicit_default_bindings`: supported, attempt to enable...
2022-07-13 09:46:25.050613+00:00 [info] <0.221.0> Feature flag `implicit_default_bindings`: mark as enabled=state_changing
2022-07-13 09:46:25.060758+00:00 [info] <0.221.0> Feature flags: list of feature flags found:
2022-07-13 09:46:25.060965+00:00 [info] <0.221.0> Feature flags:   [x] classic_mirrored_queue_version
2022-07-13 09:46:25.061035+00:00 [info] <0.221.0> Feature flags:   [x] drop_unroutable_metric
2022-07-13 09:46:25.061143+00:00 [info] <0.221.0> Feature flags:   [x] empty_basic_get_metric
2022-07-13 09:46:25.061263+00:00 [info] <0.221.0> Feature flags:   [~] implicit_default_bindings
2022-07-13 09:46:25.061379+00:00 [info] <0.221.0> Feature flags:   [ ] maintenance_mode_status
2022-07-13 09:46:25.061485+00:00 [info] <0.221.0> Feature flags:   [ ] quorum_queue
2022-07-13 09:46:25.061567+00:00 [info] <0.221.0> Feature flags:   [ ] stream_queue
2022-07-13 09:46:25.061652+00:00 [info] <0.221.0> Feature flags:   [ ] user_limits
2022-07-13 09:46:25.061733+00:00 [info] <0.221.0> Feature flags:   [ ] virtual_host_metadata
2022-07-13 09:46:25.061851+00:00 [info] <0.221.0> Feature flags: feature flag states written to disk: yes
2022-07-13 09:46:25.101163+00:00 [info] <0.221.0> Waiting for Mnesia tables for 30000 ms, 0 retries left
2022-07-13 09:46:25.101409+00:00 [info] <0.221.0> Successfully synced tables from a peer
2022-07-13 09:46:25.101503+00:00 [info] <0.221.0> Feature flag `implicit_default_bindings`: mark as enabled=true
2022-07-13 09:46:25.169305+00:00 [info] <0.221.0> Feature flags: list of feature flags found:
2022-07-13 09:46:25.169434+00:00 [info] <0.221.0> Feature flags:   [x] classic_mirrored_queue_version
2022-07-13 09:46:25.169489+00:00 [info] <0.221.0> Feature flags:   [x] drop_unroutable_metric
2022-07-13 09:46:25.169532+00:00 [info] <0.221.0> Feature flags:   [x] empty_basic_get_metric
2022-07-13 09:46:25.169634+00:00 [info] <0.221.0> Feature flags:   [x] implicit_default_bindings
2022-07-13 09:46:25.169697+00:00 [info] <0.221.0> Feature flags:   [ ] maintenance_mode_status
2022-07-13 09:46:25.169780+00:00 [info] <0.221.0> Feature flags:   [ ] quorum_queue
2022-07-13 09:46:25.169859+00:00 [info] <0.221.0> Feature flags:   [ ] stream_queue
2022-07-13 09:46:25.169899+00:00 [info] <0.221.0> Feature flags:   [ ] user_limits
2022-07-13 09:46:25.169933+00:00 [info] <0.221.0> Feature flags:   [ ] virtual_host_metadata
2022-07-13 09:46:25.169979+00:00 [info] <0.221.0> Feature flags: feature flag states written to disk: yes
2022-07-13 09:46:25.204400+00:00 [info] <0.221.0> Feature flag `maintenance_mode_status`: supported, attempt to enable...
2022-07-13 09:46:25.204626+00:00 [info] <0.221.0> Feature flag `maintenance_mode_status`: mark as enabled=state_changing
2022-07-13 09:46:25.206420+00:00 [info] <0.221.0> Feature flags: list of feature flags found:
2022-07-13 09:46:25.216954+00:00 [info] <0.221.0> Feature flags:   [x] classic_mirrored_queue_version
2022-07-13 09:46:25.217160+00:00 [info] <0.221.0> Feature flags:   [x] drop_unroutable_metric
2022-07-13 09:46:25.217255+00:00 [info] <0.221.0> Feature flags:   [x] empty_basic_get_metric
2022-07-13 09:46:25.217338+00:00 [info] <0.221.0> Feature flags:   [x] implicit_default_bindings
2022-07-13 09:46:25.217419+00:00 [info] <0.221.0> Feature flags:   [~] maintenance_mode_status
2022-07-13 09:46:25.217512+00:00 [info] <0.221.0> Feature flags:   [ ] quorum_queue
2022-07-13 09:46:25.217573+00:00 [info] <0.221.0> Feature flags:   [ ] stream_queue
2022-07-13 09:46:25.217629+00:00 [info] <0.221.0> Feature flags:   [ ] user_limits
2022-07-13 09:46:25.217731+00:00 [info] <0.221.0> Feature flags:   [ ] virtual_host_metadata
2022-07-13 09:46:25.217838+00:00 [info] <0.221.0> Feature flags: feature flag states written to disk: yes
2022-07-13 09:46:25.260873+00:00 [info] <0.221.0> Creating table rabbit_node_maintenance_states for feature flag `maintenance_mode_status`
2022-07-13 09:46:25.297219+00:00 [info] <0.221.0> Feature flag `maintenance_mode_status`: mark as enabled=true
2022-07-13 09:46:25.313646+00:00 [info] <0.221.0> Feature flags: list of feature flags found:
2022-07-13 09:46:25.313818+00:00 [info] <0.221.0> Feature flags:   [x] classic_mirrored_queue_version
2022-07-13 09:46:25.313937+00:00 [info] <0.221.0> Feature flags:   [x] drop_unroutable_metric
2022-07-13 09:46:25.313988+00:00 [info] <0.221.0> Feature flags:   [x] empty_basic_get_metric
2022-07-13 09:46:25.314090+00:00 [info] <0.221.0> Feature flags:   [x] implicit_default_bindings
2022-07-13 09:46:25.314130+00:00 [info] <0.221.0> Feature flags:   [x] maintenance_mode_status
2022-07-13 09:46:25.314168+00:00 [info] <0.221.0> Feature flags:   [ ] quorum_queue
2022-07-13 09:46:25.314374+00:00 [info] <0.221.0> Feature flags:   [ ] stream_queue
2022-07-13 09:46:25.314442+00:00 [info] <0.221.0> Feature flags:   [ ] user_limits
2022-07-13 09:46:25.314492+00:00 [info] <0.221.0> Feature flags:   [ ] virtual_host_metadata
2022-07-13 09:46:25.314542+00:00 [info] <0.221.0> Feature flags: feature flag states written to disk: yes
2022-07-13 09:46:25.349366+00:00 [info] <0.221.0> Feature flag `quorum_queue`: supported, attempt to enable...
2022-07-13 09:46:25.349641+00:00 [info] <0.221.0> Feature flag `quorum_queue`: mark as enabled=state_changing
2022-07-13 09:46:25.351557+00:00 [info] <0.221.0> Feature flags: list of feature flags found:
2022-07-13 09:46:25.351670+00:00 [info] <0.221.0> Feature flags:   [x] classic_mirrored_queue_version
2022-07-13 09:46:25.351958+00:00 [info] <0.221.0> Feature flags:   [x] drop_unroutable_metric
2022-07-13 09:46:25.352029+00:00 [info] <0.221.0> Feature flags:   [x] empty_basic_get_metric
2022-07-13 09:46:25.352087+00:00 [info] <0.221.0> Feature flags:   [x] implicit_default_bindings
2022-07-13 09:46:25.352166+00:00 [info] <0.221.0> Feature flags:   [x] maintenance_mode_status
2022-07-13 09:46:25.352323+00:00 [info] <0.221.0> Feature flags:   [~] quorum_queue
2022-07-13 09:46:25.352384+00:00 [info] <0.221.0> Feature flags:   [ ] stream_queue
2022-07-13 09:46:25.352435+00:00 [info] <0.221.0> Feature flags:   [ ] user_limits
2022-07-13 09:46:25.352484+00:00 [info] <0.221.0> Feature flags:   [ ] virtual_host_metadata
2022-07-13 09:46:25.352646+00:00 [info] <0.221.0> Feature flags: feature flag states written to disk: yes
2022-07-13 09:46:25.385659+00:00 [info] <0.221.0> Waiting for Mnesia tables for 30000 ms, 9 retries left
2022-07-13 09:46:25.385910+00:00 [info] <0.221.0> Successfully synced tables from a peer
2022-07-13 09:46:25.386114+00:00 [info] <0.221.0> Feature flag `quorum_queue`:   migrating Mnesia table rabbit_queue...
2022-07-13 09:46:25.535143+00:00 [info] <0.221.0> Feature flag `quorum_queue`:   migrating Mnesia table rabbit_durable_queue...
2022-07-13 09:46:25.652359+00:00 [info] <0.221.0> Feature flag `quorum_queue`:   Mnesia tables migration done
2022-07-13 09:46:25.652515+00:00 [info] <0.221.0> Feature flag `quorum_queue`: mark as enabled=true
2022-07-13 09:46:25.664815+00:00 [info] <0.221.0> Feature flags: list of feature flags found:
2022-07-13 09:46:25.664996+00:00 [info] <0.221.0> Feature flags:   [x] classic_mirrored_queue_version
2022-07-13 09:46:25.665110+00:00 [info] <0.221.0> Feature flags:   [x] drop_unroutable_metric
2022-07-13 09:46:25.665151+00:00 [info] <0.221.0> Feature flags:   [x] empty_basic_get_metric
2022-07-13 09:46:25.665201+00:00 [info] <0.221.0> Feature flags:   [x] implicit_default_bindings
2022-07-13 09:46:25.665277+00:00 [info] <0.221.0> Feature flags:   [x] maintenance_mode_status
2022-07-13 09:46:25.665359+00:00 [info] <0.221.0> Feature flags:   [x] quorum_queue
2022-07-13 09:46:25.665490+00:00 [info] <0.221.0> Feature flags:   [ ] stream_queue
2022-07-13 09:46:25.665575+00:00 [info] <0.221.0> Feature flags:   [ ] user_limits
2022-07-13 09:46:25.665666+00:00 [info] <0.221.0> Feature flags:   [ ] virtual_host_metadata
2022-07-13 09:46:25.665755+00:00 [info] <0.221.0> Feature flags: feature flag states written to disk: yes
2022-07-13 09:46:25.690950+00:00 [info] <0.221.0> Feature flag `stream_queue`: supported, attempt to enable...
2022-07-13 09:46:25.691086+00:00 [info] <0.221.0> Feature flag `stream_queue`: mark as enabled=state_changing
2022-07-13 09:46:25.694001+00:00 [info] <0.221.0> Feature flags: list of feature flags found:
2022-07-13 09:46:25.694109+00:00 [info] <0.221.0> Feature flags:   [x] classic_mirrored_queue_version
2022-07-13 09:46:25.694156+00:00 [info] <0.221.0> Feature flags:   [x] drop_unroutable_metric
2022-07-13 09:46:25.694203+00:00 [info] <0.221.0> Feature flags:   [x] empty_basic_get_metric
2022-07-13 09:46:25.694238+00:00 [info] <0.221.0> Feature flags:   [x] implicit_default_bindings
2022-07-13 09:46:25.694286+00:00 [info] <0.221.0> Feature flags:   [x] maintenance_mode_status
2022-07-13 09:46:25.694324+00:00 [info] <0.221.0> Feature flags:   [x] quorum_queue
2022-07-13 09:46:25.694357+00:00 [info] <0.221.0> Feature flags:   [~] stream_queue
2022-07-13 09:46:25.694389+00:00 [info] <0.221.0> Feature flags:   [ ] user_limits
2022-07-13 09:46:25.694420+00:00 [info] <0.221.0> Feature flags:   [ ] virtual_host_metadata
2022-07-13 09:46:25.694471+00:00 [info] <0.221.0> Feature flags: feature flag states written to disk: yes
2022-07-13 09:46:25.712214+00:00 [info] <0.221.0> Feature flag `stream_queue`: mark as enabled=true
2022-07-13 09:46:25.721767+00:00 [info] <0.221.0> Feature flags: list of feature flags found:
2022-07-13 09:46:25.721950+00:00 [info] <0.221.0> Feature flags:   [x] classic_mirrored_queue_version
2022-07-13 09:46:25.722024+00:00 [info] <0.221.0> Feature flags:   [x] drop_unroutable_metric
2022-07-13 09:46:25.722052+00:00 [info] <0.221.0> Feature flags:   [x] empty_basic_get_metric
2022-07-13 09:46:25.722112+00:00 [info] <0.221.0> Feature flags:   [x] implicit_default_bindings
2022-07-13 09:46:25.722138+00:00 [info] <0.221.0> Feature flags:   [x] maintenance_mode_status
2022-07-13 09:46:25.722184+00:00 [info] <0.221.0> Feature flags:   [x] quorum_queue
2022-07-13 09:46:25.722296+00:00 [info] <0.221.0> Feature flags:   [x] stream_queue
2022-07-13 09:46:25.722350+00:00 [info] <0.221.0> Feature flags:   [ ] user_limits
2022-07-13 09:46:25.722431+00:00 [info] <0.221.0> Feature flags:   [ ] virtual_host_metadata
2022-07-13 09:46:25.722483+00:00 [info] <0.221.0> Feature flags: feature flag states written to disk: yes
2022-07-13 09:46:25.741030+00:00 [info] <0.221.0> Feature flag `user_limits`: supported, attempt to enable...
2022-07-13 09:46:25.741221+00:00 [info] <0.221.0> Feature flag `user_limits`: mark as enabled=state_changing
2022-07-13 09:46:25.742810+00:00 [info] <0.221.0> Feature flags: list of feature flags found:
2022-07-13 09:46:25.742919+00:00 [info] <0.221.0> Feature flags:   [x] classic_mirrored_queue_version
2022-07-13 09:46:25.742963+00:00 [info] <0.221.0> Feature flags:   [x] drop_unroutable_metric
2022-07-13 09:46:25.743015+00:00 [info] <0.221.0> Feature flags:   [x] empty_basic_get_metric
2022-07-13 09:46:25.743105+00:00 [info] <0.221.0> Feature flags:   [x] implicit_default_bindings
2022-07-13 09:46:25.743217+00:00 [info] <0.221.0> Feature flags:   [x] maintenance_mode_status
2022-07-13 09:46:25.743318+00:00 [info] <0.221.0> Feature flags:   [x] quorum_queue
2022-07-13 09:46:25.743443+00:00 [info] <0.221.0> Feature flags:   [x] stream_queue
2022-07-13 09:46:25.743486+00:00 [info] <0.221.0> Feature flags:   [~] user_limits
2022-07-13 09:46:25.743524+00:00 [info] <0.221.0> Feature flags:   [ ] virtual_host_metadata
2022-07-13 09:46:25.743592+00:00 [info] <0.221.0> Feature flags: feature flag states written to disk: yes
2022-07-13 09:46:25.757064+00:00 [info] <0.221.0> Waiting for Mnesia tables for 30000 ms, 9 retries left
2022-07-13 09:46:25.757407+00:00 [info] <0.221.0> Successfully synced tables from a peer
2022-07-13 09:46:25.879287+00:00 [info] <0.221.0> Feature flag `user_limits`: mark as enabled=true
2022-07-13 09:46:25.891414+00:00 [info] <0.221.0> Feature flags: list of feature flags found:
2022-07-13 09:46:25.891592+00:00 [info] <0.221.0> Feature flags:   [x] classic_mirrored_queue_version
2022-07-13 09:46:25.891638+00:00 [info] <0.221.0> Feature flags:   [x] drop_unroutable_metric
2022-07-13 09:46:25.891672+00:00 [info] <0.221.0> Feature flags:   [x] empty_basic_get_metric
2022-07-13 09:46:25.891746+00:00 [info] <0.221.0> Feature flags:   [x] implicit_default_bindings
2022-07-13 09:46:25.891836+00:00 [info] <0.221.0> Feature flags:   [x] maintenance_mode_status
2022-07-13 09:46:25.891963+00:00 [info] <0.221.0> Feature flags:   [x] quorum_queue
2022-07-13 09:46:25.892093+00:00 [info] <0.221.0> Feature flags:   [x] stream_queue
2022-07-13 09:46:25.892140+00:00 [info] <0.221.0> Feature flags:   [x] user_limits
2022-07-13 09:46:25.892186+00:00 [info] <0.221.0> Feature flags:   [ ] virtual_host_metadata
2022-07-13 09:46:25.892237+00:00 [info] <0.221.0> Feature flags: feature flag states written to disk: yes
2022-07-13 09:46:25.905268+00:00 [info] <0.221.0> Feature flag `virtual_host_metadata`: supported, attempt to enable...
2022-07-13 09:46:25.905441+00:00 [info] <0.221.0> Feature flag `virtual_host_metadata`: mark as enabled=state_changing
2022-07-13 09:46:25.907110+00:00 [info] <0.221.0> Feature flags: list of feature flags found:
2022-07-13 09:46:25.907238+00:00 [info] <0.221.0> Feature flags:   [x] classic_mirrored_queue_version
2022-07-13 09:46:25.907388+00:00 [info] <0.221.0> Feature flags:   [x] drop_unroutable_metric
2022-07-13 09:46:25.907481+00:00 [info] <0.221.0> Feature flags:   [x] empty_basic_get_metric
2022-07-13 09:46:25.907541+00:00 [info] <0.221.0> Feature flags:   [x] implicit_default_bindings
2022-07-13 09:46:25.907588+00:00 [info] <0.221.0> Feature flags:   [x] maintenance_mode_status
2022-07-13 09:46:25.907667+00:00 [info] <0.221.0> Feature flags:   [x] quorum_queue
2022-07-13 09:46:25.907711+00:00 [info] <0.221.0> Feature flags:   [x] stream_queue
2022-07-13 09:46:25.907840+00:00 [info] <0.221.0> Feature flags:   [x] user_limits
2022-07-13 09:46:25.907919+00:00 [info] <0.221.0> Feature flags:   [~] virtual_host_metadata
2022-07-13 09:46:25.907957+00:00 [info] <0.221.0> Feature flags: feature flag states written to disk: yes
2022-07-13 09:46:25.924678+00:00 [info] <0.221.0> Waiting for Mnesia tables for 30000 ms, 9 retries left
2022-07-13 09:46:25.925048+00:00 [info] <0.221.0> Successfully synced tables from a peer
2022-07-13 09:46:26.036001+00:00 [info] <0.221.0> Feature flag `virtual_host_metadata`: mark as enabled=true
2022-07-13 09:46:26.048220+00:00 [info] <0.221.0> Feature flags: list of feature flags found:
2022-07-13 09:46:26.048380+00:00 [info] <0.221.0> Feature flags:   [x] classic_mirrored_queue_version
2022-07-13 09:46:26.048531+00:00 [info] <0.221.0> Feature flags:   [x] drop_unroutable_metric
2022-07-13 09:46:26.048617+00:00 [info] <0.221.0> Feature flags:   [x] empty_basic_get_metric
2022-07-13 09:46:26.048706+00:00 [info] <0.221.0> Feature flags:   [x] implicit_default_bindings
2022-07-13 09:46:26.048788+00:00 [info] <0.221.0> Feature flags:   [x] maintenance_mode_status
2022-07-13 09:46:26.048884+00:00 [info] <0.221.0> Feature flags:   [x] quorum_queue
2022-07-13 09:46:26.048935+00:00 [info] <0.221.0> Feature flags:   [x] stream_queue
2022-07-13 09:46:26.048981+00:00 [info] <0.221.0> Feature flags:   [x] user_limits
2022-07-13 09:46:26.049062+00:00 [info] <0.221.0> Feature flags:   [x] virtual_host_metadata
2022-07-13 09:46:26.049147+00:00 [info] <0.221.0> Feature flags: feature flag states written to disk: yes
2022-07-13 09:46:26.061246+00:00 [info] <0.221.0> Waiting for Mnesia tables for 30000 ms, 9 retries left
2022-07-13 09:46:26.061700+00:00 [info] <0.221.0> Successfully synced tables from a peer
2022-07-13 09:46:26.105225+00:00 [info] <0.221.0> Waiting for Mnesia tables for 30000 ms, 9 retries left
2022-07-13 09:46:26.105443+00:00 [info] <0.221.0> Successfully synced tables from a peer
2022-07-13 09:46:26.105562+00:00 [info] <0.221.0> Peer discovery backend rabbit_peer_discovery_classic_config does not support registration, skipping registration.
2022-07-13 09:46:26.105735+00:00 [info] <0.221.0> Will try to unlock with peer discovery backend rabbit_peer_discovery_classic_config
2022-07-13 09:46:26.105981+00:00 [info] <0.221.0> Running boot step database_sync defined by app rabbit
2022-07-13 09:46:26.106223+00:00 [info] <0.221.0> Running boot step feature_flags defined by app rabbit
2022-07-13 09:46:26.109302+00:00 [info] <0.221.0> Running boot step codec_correctness_check defined by app rabbit
2022-07-13 09:46:26.109436+00:00 [info] <0.221.0> Running boot step external_infrastructure defined by app rabbit
2022-07-13 09:46:26.109499+00:00 [info] <0.221.0> Running boot step rabbit_registry defined by app rabbit
2022-07-13 09:46:26.109704+00:00 [info] <0.221.0> Running boot step rabbit_auth_mechanism_cr_demo defined by app rabbit
2022-07-13 09:46:26.109932+00:00 [info] <0.221.0> Running boot step rabbit_queue_location_random defined by app rabbit
2022-07-13 09:46:26.110160+00:00 [info] <0.221.0> Running boot step rabbit_event defined by app rabbit
2022-07-13 09:46:26.110450+00:00 [info] <0.221.0> Running boot step rabbit_auth_mechanism_amqplain defined by app rabbit
2022-07-13 09:46:26.110651+00:00 [info] <0.221.0> Running boot step rabbit_auth_mechanism_plain defined by app rabbit
2022-07-13 09:46:26.110847+00:00 [info] <0.221.0> Running boot step rabbit_exchange_type_direct defined by app rabbit
2022-07-13 09:46:26.110996+00:00 [info] <0.221.0> Running boot step rabbit_exchange_type_fanout defined by app rabbit
2022-07-13 09:46:26.111116+00:00 [info] <0.221.0> Running boot step rabbit_exchange_type_headers defined by app rabbit
2022-07-13 09:46:26.111224+00:00 [info] <0.221.0> Running boot step rabbit_exchange_type_topic defined by app rabbit
2022-07-13 09:46:26.111376+00:00 [info] <0.221.0> Running boot step rabbit_mirror_queue_mode_all defined by app rabbit
2022-07-13 09:46:26.111533+00:00 [info] <0.221.0> Running boot step rabbit_mirror_queue_mode_exactly defined by app rabbit
2022-07-13 09:46:26.111779+00:00 [info] <0.221.0> Running boot step rabbit_mirror_queue_mode_nodes defined by app rabbit
2022-07-13 09:46:26.112007+00:00 [info] <0.221.0> Running boot step rabbit_priority_queue defined by app rabbit
2022-07-13 09:46:26.112108+00:00 [info] <0.221.0> Priority queues enabled, real BQ is rabbit_variable_queue
2022-07-13 09:46:26.112339+00:00 [info] <0.221.0> Running boot step rabbit_queue_location_client_local defined by app rabbit
2022-07-13 09:46:26.112546+00:00 [info] <0.221.0> Running boot step rabbit_queue_location_min_masters defined by app rabbit
2022-07-13 09:46:26.112717+00:00 [info] <0.221.0> Running boot step kernel_ready defined by app rabbit
2022-07-13 09:46:26.112824+00:00 [info] <0.221.0> Running boot step rabbit_sysmon_minder defined by app rabbit
2022-07-13 09:46:26.113264+00:00 [info] <0.221.0> Running boot step rabbit_epmd_monitor defined by app rabbit
2022-07-13 09:46:26.114975+00:00 [info] <0.562.0> epmd monitor knows us, inter-node communication (distribution) port: 25672
2022-07-13 09:46:26.115171+00:00 [info] <0.221.0> Running boot step guid_generator defined by app rabbit
2022-07-13 09:46:26.129280+00:00 [info] <0.221.0> Running boot step rabbit_node_monitor defined by app rabbit
2022-07-13 09:46:26.129865+00:00 [info] <0.566.0> Starting rabbit_node_monitor
2022-07-13 09:46:26.130157+00:00 [info] <0.221.0> Running boot step delegate_sup defined by app rabbit
2022-07-13 09:46:26.131682+00:00 [info] <0.221.0> Running boot step rabbit_memory_monitor defined by app rabbit
2022-07-13 09:46:26.132101+00:00 [info] <0.221.0> Running boot step rabbit_fifo_dlx_sup defined by app rabbit
2022-07-13 09:46:26.132252+00:00 [info] <0.221.0> Running boot step core_initialized defined by app rabbit
2022-07-13 09:46:26.132321+00:00 [info] <0.221.0> Running boot step upgrade_queues defined by app rabbit
2022-07-13 09:46:26.153020+00:00 [info] <0.221.0> message_store upgrades: 1 to apply
2022-07-13 09:46:26.153274+00:00 [info] <0.221.0> message_store upgrades: Applying rabbit_variable_queue:move_messages_to_vhost_store
2022-07-13 09:46:26.153664+00:00 [info] <0.221.0> message_store upgrades: No durable queues found. Skipping message store migration
2022-07-13 09:46:26.153823+00:00 [info] <0.221.0> message_store upgrades: Removing the old message store data
2022-07-13 09:46:26.159480+00:00 [info] <0.221.0> message_store upgrades: All upgrades applied successfully
2022-07-13 09:46:26.199652+00:00 [info] <0.221.0> Running boot step channel_tracking defined by app rabbit
2022-07-13 09:46:26.228474+00:00 [info] <0.221.0> Setting up a table for channel tracking on this node: tracked_channel_on_node_rabbit@fa788a505d56
2022-07-13 09:46:26.259340+00:00 [info] <0.221.0> Setting up a table for channel tracking on this node: tracked_channel_table_per_user_on_node_rabbit@fa788a505d56
2022-07-13 09:46:26.259879+00:00 [info] <0.221.0> Running boot step rabbit_channel_tracking_handler defined by app rabbit
2022-07-13 09:46:26.260076+00:00 [info] <0.221.0> Running boot step connection_tracking defined by app rabbit
2022-07-13 09:46:26.301491+00:00 [info] <0.221.0> Setting up a table for connection tracking on this node: tracked_connection_on_node_rabbit@fa788a505d56
2022-07-13 09:46:26.327822+00:00 [info] <0.221.0> Setting up a table for per-vhost connection counting on this node: tracked_connection_per_vhost_on_node_rabbit@fa788a505d56
2022-07-13 09:46:26.363042+00:00 [info] <0.221.0> Setting up a table for per-user connection counting on this node: tracked_connection_table_per_user_on_node_rabbit@fa788a505d56
2022-07-13 09:46:26.363814+00:00 [info] <0.221.0> Running boot step rabbit_connection_tracking_handler defined by app rabbit
2022-07-13 09:46:26.364046+00:00 [info] <0.221.0> Running boot step rabbit_definitions_hashing defined by app rabbit
2022-07-13 09:46:26.364258+00:00 [info] <0.221.0> Running boot step rabbit_exchange_parameters defined by app rabbit
2022-07-13 09:46:26.364455+00:00 [info] <0.221.0> Running boot step rabbit_mirror_queue_misc defined by app rabbit
2022-07-13 09:46:26.365054+00:00 [info] <0.221.0> Running boot step rabbit_policies defined by app rabbit
2022-07-13 09:46:26.372868+00:00 [info] <0.221.0> Running boot step rabbit_policy defined by app rabbit
2022-07-13 09:46:26.373318+00:00 [info] <0.221.0> Running boot step rabbit_queue_location_validator defined by app rabbit
2022-07-13 09:46:26.373708+00:00 [info] <0.221.0> Running boot step rabbit_quorum_memory_manager defined by app rabbit
2022-07-13 09:46:26.373934+00:00 [info] <0.221.0> Running boot step rabbit_stream_coordinator defined by app rabbit
2022-07-13 09:46:26.374560+00:00 [info] <0.221.0> Running boot step rabbit_vhost_limit defined by app rabbit
2022-07-13 09:46:26.374986+00:00 [info] <0.221.0> Running boot step rabbit_mgmt_reset_handler defined by app rabbitmq_management
2022-07-13 09:46:26.375329+00:00 [info] <0.221.0> Running boot step rabbit_mgmt_db_handler defined by app rabbitmq_management_agent
2022-07-13 09:46:26.375463+00:00 [info] <0.221.0> Management plugin: using rates mode 'basic'
2022-07-13 09:46:26.376728+00:00 [info] <0.221.0> Running boot step recovery defined by app rabbit
2022-07-13 09:46:26.379550+00:00 [info] <0.221.0> Running boot step empty_db_check defined by app rabbit
2022-07-13 09:46:26.379682+00:00 [info] <0.221.0> Will seed default virtual host and user...
2022-07-13 09:46:26.379904+00:00 [info] <0.221.0> Adding vhost '/' (description: 'Default virtual host', tags: [])
2022-07-13 09:46:26.446960+00:00 [info] <0.630.0> Making sure data directory '/var/lib/rabbitmq/mnesia/rabbit@fa788a505d56/msg_stores/vhosts/628WB79CIFDYO9LJI6DKMI09L' for vhost '/' exists
2022-07-13 09:46:26.471420+00:00 [info] <0.630.0> Setting segment_entry_count for vhost '/' with 0 queues to '2048'
2022-07-13 09:46:26.497888+00:00 [info] <0.630.0> Starting message stores for vhost '/'
2022-07-13 09:46:26.498431+00:00 [info] <0.635.0> Message store "628WB79CIFDYO9LJI6DKMI09L/msg_store_transient": using rabbit_msg_store_ets_index to provide index
2022-07-13 09:46:26.550128+00:00 [info] <0.630.0> Started message store of type transient for vhost '/'
2022-07-13 09:46:26.550671+00:00 [info] <0.639.0> Message store "628WB79CIFDYO9LJI6DKMI09L/msg_store_persistent": using rabbit_msg_store_ets_index to provide index
2022-07-13 09:46:26.564570+00:00 [warning] <0.639.0> Message store "628WB79CIFDYO9LJI6DKMI09L/msg_store_persistent": rebuilding indices from scratch
2022-07-13 09:46:26.578429+00:00 [info] <0.630.0> Started message store of type persistent for vhost '/'
2022-07-13 09:46:26.578850+00:00 [info] <0.630.0> Recovering 0 queues of type rabbit_classic_queue took 99ms
2022-07-13 09:46:26.579033+00:00 [info] <0.630.0> Recovering 0 queues of type rabbit_quorum_queue took 0ms
2022-07-13 09:46:26.579151+00:00 [info] <0.630.0> Recovering 0 queues of type rabbit_stream_queue took 0ms
2022-07-13 09:46:26.591934+00:00 [info] <0.221.0> Created user 'guest'
2022-07-13 09:46:26.597368+00:00 [info] <0.221.0> Successfully set user tags for user 'guest' to [administrator]
2022-07-13 09:46:26.602602+00:00 [info] <0.221.0> Successfully set permissions for 'guest' in virtual host '/' to '.*', '.*', '.*'
2022-07-13 09:46:26.602799+00:00 [info] <0.221.0> Running boot step rabbit_looking_glass defined by app rabbit
2022-07-13 09:46:26.602932+00:00 [info] <0.221.0> Running boot step rabbit_core_metrics_gc defined by app rabbit
2022-07-13 09:46:26.603414+00:00 [info] <0.221.0> Running boot step background_gc defined by app rabbit
2022-07-13 09:46:26.604139+00:00 [info] <0.221.0> Running boot step routing_ready defined by app rabbit
2022-07-13 09:46:26.604325+00:00 [info] <0.221.0> Running boot step pre_flight defined by app rabbit
2022-07-13 09:46:26.604425+00:00 [info] <0.221.0> Running boot step notify_cluster defined by app rabbit
2022-07-13 09:46:26.604537+00:00 [info] <0.221.0> Running boot step networking defined by app rabbit
2022-07-13 09:46:26.604640+00:00 [info] <0.221.0> Running boot step rabbit_maintenance_mode_state defined by app rabbit
2022-07-13 09:46:26.604715+00:00 [info] <0.221.0> Creating table rabbit_node_maintenance_states for feature flag `maintenance_mode_status`
2022-07-13 09:46:26.605126+00:00 [info] <0.221.0> Running boot step definition_import_worker_pool defined by app rabbit
2022-07-13 09:46:26.605403+00:00 [info] <0.279.0> Starting worker pool 'definition_import_pool' with 4 processes in it
2022-07-13 09:46:26.606589+00:00 [info] <0.221.0> Running boot step cluster_name defined by app rabbit
2022-07-13 09:46:26.606845+00:00 [info] <0.221.0> Initialising internal cluster ID to 'rabbitmq-cluster-id-d4K997X6Pw8XE8EvqVF6vg'
2022-07-13 09:46:26.612026+00:00 [info] <0.221.0> Running boot step direct_client defined by app rabbit
2022-07-13 09:46:26.612365+00:00 [info] <0.221.0> Running boot step rabbit_management_load_definitions defined by app rabbitmq_management
2022-07-13 09:46:26.612813+00:00 [info] <0.673.0> Resetting node maintenance status
2022-07-13 09:46:26.654937+00:00 [info] <0.732.0> Management plugin: HTTP (non-TLS) listener started on port 15672
2022-07-13 09:46:26.655221+00:00 [info] <0.760.0> Statistics database started.
2022-07-13 09:46:26.655428+00:00 [info] <0.759.0> Starting worker pool 'management_worker_pool' with 3 processes in it
2022-07-13 09:46:26.656822+00:00 [info] <0.769.0> rabbit_stomp: default user 'guest' enabled
2022-07-13 09:46:26.658312+00:00 [info] <0.788.0> started STOMP TCP listener on [::]:61613
2022-07-13 09:46:26.659674+00:00 [info] <0.673.0> Ready to start client connection listeners
2022-07-13 09:46:26.664562+00:00 [info] <0.806.0> started TCP listener on [::]:5672
2022-07-13 09:46:26.910251+00:00 [info] <0.673.0> Server startup complete; 4 plugins started.
2022-07-13 09:46:26.910251+00:00 [info] <0.673.0>  * rabbitmq_stomp
2022-07-13 09:46:26.910251+00:00 [info] <0.673.0>  * rabbitmq_management
2022-07-13 09:46:26.910251+00:00 [info] <0.673.0>  * rabbitmq_web_dispatch
2022-07-13 09:46:26.910251+00:00 [info] <0.673.0>  * rabbitmq_management_agent
2022-07-13 09:47:06.657682+00:00 [warning] <0.835.0> HTTP access denied: user 'test' - invalid credentials
2022-07-13 09:48:13.483808+00:00 [warning] <0.883.0> HTTP access denied: user 'test' - invalid credentials
2022-07-13 09:48:18.212594+00:00 [warning] <0.890.0> HTTP access denied: user 'test' - invalid credentials
2022-07-13 09:48:21.933617+00:00 [warning] <0.891.0> HTTP access denied: user 'test' - invalid credentials
2022-07-13 09:48:24.258843+00:00 [warning] <0.899.0> HTTP access denied: user 'test' - invalid credentials
2022-07-13 09:48:35.672133+00:00 [warning] <0.910.0> HTTP access denied: user 'guest' - User can only log in via localhost
2022-07-13 09:48:45.017516+00:00 [warning] <0.919.0> HTTP access denied: user 'test' - invalid credentials
2022-07-13 09:48:47.759478+00:00 [warning] <0.920.0> HTTP access denied: user 'test' - invalid credentials
2022-07-13 09:48:52.099129+00:00 [warning] <0.925.0> HTTP access denied: user 'test' - invalid credentials
2022-07-13 09:49:04.247786+00:00 [warning] <0.936.0> HTTP access denied: user 'test' - invalid credentials
2022-07-13 09:49:09.104092+00:00 [warning] <0.939.0> HTTP access denied: user 'test' - invalid credentials
2022-07-13 09:49:11.480984+00:00 [warning] <0.940.0> HTTP access denied: user 'test' - invalid credentials
